Tue, 23 Jan 2018 14:03:14 WARNING From /usr/local/lib/python3.6/dist-packages/tensorflow/contrib/training/python/training/training.py:412: get_or_create_global_step (from tensorflow.contrib.framework.python.ops.variables) is deprecated and will be removed in a future version.
Instructions for updating:
Please switch to tf.train.get_or_create_global_step
Tue, 23 Jan 2018 14:03:20 INFO 
=====Config====
model_name = Epilepsy_3D_CNN  
is_training = True      
max_epoch = 200
gpu_num = 1
lr = 2
num_classes = 2
batch_size = 4
image_shape = (61, 73, 61, 2)
plot_batch = 25
dropout_keep_prob = 0.5
train_data_path = tfdata/cnn_tfdata/epilepsy_cnn_train.tfrecords
train_data_length = 240
test_data_path = tfdata/cnn_tfdata/epilepsy_cnn_test.tfrecords
test_data_length = 60
logger_path = logs/Epilepsy_3D_CNN_2018-01-23 14:03:12.log
save_model_path = saved_models/epilepsy_3d_cnn_2018-01-23 14:03:12/
=====Config====

Tue, 23 Jan 2018 14:04:05 INFO [Train] Epoch:0, TP:0, TN:60, FP:0, FN:180, Loss:21.643717, Accuracy:0.250000, F1:0.000000
Tue, 23 Jan 2018 14:04:09 INFO [Test] Epoch:0, TP:0, TN:20, FP:0, FN:40, Loss:19.683586, Accuracy:0.333333, F1:0.000000
Tue, 23 Jan 2018 14:04:38 INFO [Train] Epoch:1, TP:35, TN:56, FP:3, FN:146, Loss:1.214577, Accuracy:0.379167, F1:0.319635
Tue, 23 Jan 2018 14:04:45 INFO [Test] Epoch:1, TP:6, TN:16, FP:5, FN:33, Loss:1.034220, Accuracy:0.366667, F1:0.240000
Tue, 23 Jan 2018 14:05:14 INFO [Train] Epoch:2, TP:51, TN:59, FP:1, FN:129, Loss:0.987933, Accuracy:0.458333, F1:0.439655
Tue, 23 Jan 2018 14:05:22 INFO [Test] Epoch:2, TP:13, TN:15, FP:0, FN:32, Loss:0.904426, Accuracy:0.466667, F1:0.448276
Tue, 23 Jan 2018 14:05:50 INFO [Train] Epoch:3, TP:176, TN:0, FP:64, FN:0, Loss:0.690004, Accuracy:0.733333, F1:0.846154
Tue, 23 Jan 2018 14:05:57 INFO [Test] Epoch:3, TP:41, TN:0, FP:19, FN:0, Loss:0.847456, Accuracy:0.683333, F1:0.811881
Tue, 23 Jan 2018 14:06:26 INFO [Train] Epoch:4, TP:61, TN:62, FP:0, FN:117, Loss:0.731907, Accuracy:0.512500, F1:0.510460
Tue, 23 Jan 2018 14:06:28 INFO [Test] Epoch:4, TP:15, TN:21, FP:2, FN:22, Loss:0.746322, Accuracy:0.600000, F1:0.555556
Tue, 23 Jan 2018 14:06:56 INFO [Train] Epoch:5, TP:1, TN:58, FP:0, FN:181, Loss:2.812619, Accuracy:0.245833, F1:0.010929
Tue, 23 Jan 2018 14:06:58 INFO [Test] Epoch:5, TP:0, TN:16, FP:0, FN:44, Loss:2.531839, Accuracy:0.266667, F1:0.000000
Tue, 23 Jan 2018 14:07:26 INFO [Train] Epoch:6, TP:47, TN:66, FP:0, FN:127, Loss:1.001472, Accuracy:0.470833, F1:0.425339
Tue, 23 Jan 2018 14:07:28 INFO [Test] Epoch:6, TP:13, TN:13, FP:1, FN:33, Loss:1.370641, Accuracy:0.433333, F1:0.433333
Tue, 23 Jan 2018 14:07:57 INFO [Train] Epoch:7, TP:49, TN:60, FP:0, FN:131, Loss:0.980064, Accuracy:0.454167, F1:0.427948
Tue, 23 Jan 2018 14:07:58 INFO [Test] Epoch:7, TP:11, TN:23, FP:0, FN:26, Loss:0.897182, Accuracy:0.566667, F1:0.458333
Tue, 23 Jan 2018 14:08:27 INFO [Train] Epoch:8, TP:177, TN:1, FP:62, FN:0, Loss:0.908635, Accuracy:0.741667, F1:0.850962
Tue, 23 Jan 2018 14:08:29 INFO [Test] Epoch:8, TP:40, TN:0, FP:20, FN:0, Loss:1.862200, Accuracy:0.666667, F1:0.800000
Tue, 23 Jan 2018 14:08:57 INFO [Train] Epoch:9, TP:69, TN:58, FP:0, FN:113, Loss:1.108510, Accuracy:0.529167, F1:0.549801
Tue, 23 Jan 2018 14:08:59 INFO [Test] Epoch:9, TP:17, TN:18, FP:0, FN:25, Loss:1.353376, Accuracy:0.583333, F1:0.576271
Tue, 23 Jan 2018 14:09:28 INFO [Train] Epoch:10, TP:2, TN:62, FP:0, FN:176, Loss:3.747820, Accuracy:0.266667, F1:0.022222
Tue, 23 Jan 2018 14:09:29 INFO [Test] Epoch:10, TP:0, TN:20, FP:0, FN:40, Loss:3.748164, Accuracy:0.333333, F1:0.000000
Tue, 23 Jan 2018 14:09:58 INFO [Train] Epoch:11, TP:27, TN:64, FP:0, FN:149, Loss:1.748421, Accuracy:0.379167, F1:0.266010
Tue, 23 Jan 2018 14:10:00 INFO [Test] Epoch:11, TP:6, TN:19, FP:0, FN:35, Loss:1.815251, Accuracy:0.416667, F1:0.255319
Tue, 23 Jan 2018 14:10:28 INFO [Train] Epoch:12, TP:179, TN:38, FP:23, FN:0, Loss:0.295110, Accuracy:0.904167, F1:0.939633
Tue, 23 Jan 2018 14:10:37 INFO [Test] Epoch:12, TP:41, TN:1, FP:18, FN:0, Loss:1.905563, Accuracy:0.700000, F1:0.820000
Tue, 23 Jan 2018 14:11:05 INFO [Train] Epoch:13, TP:174, TN:60, FP:0, FN:6, Loss:0.079463, Accuracy:0.975000, F1:0.983051
Tue, 23 Jan 2018 14:11:13 INFO [Test] Epoch:13, TP:38, TN:15, FP:1, FN:6, Loss:0.332625, Accuracy:0.883333, F1:0.915663
Tue, 23 Jan 2018 14:11:41 INFO [Train] Epoch:14, TP:177, TN:38, FP:21, FN:4, Loss:0.249145, Accuracy:0.895833, F1:0.934037
Tue, 23 Jan 2018 14:11:43 INFO [Test] Epoch:14, TP:32, TN:6, FP:17, FN:5, Loss:1.838315, Accuracy:0.633333, F1:0.744186
Tue, 23 Jan 2018 14:12:11 INFO [Train] Epoch:15, TP:179, TN:59, FP:2, FN:0, Loss:0.037780, Accuracy:0.991667, F1:0.994444
Tue, 23 Jan 2018 14:12:13 INFO [Test] Epoch:15, TP:45, TN:3, FP:12, FN:0, Loss:1.026558, Accuracy:0.800000, F1:0.882353
Tue, 23 Jan 2018 14:12:42 INFO [Train] Epoch:16, TP:181, TN:43, FP:16, FN:0, Loss:0.167344, Accuracy:0.933333, F1:0.957672
Tue, 23 Jan 2018 14:12:44 INFO [Test] Epoch:16, TP:38, TN:1, FP:21, FN:0, Loss:2.041196, Accuracy:0.650000, F1:0.783505
Tue, 23 Jan 2018 14:13:12 INFO [Train] Epoch:17, TP:176, TN:64, FP:0, FN:0, Loss:0.019985, Accuracy:1.000000, F1:1.000000
Tue, 23 Jan 2018 14:13:14 INFO [Test] Epoch:17, TP:39, TN:9, FP:9, FN:3, Loss:0.322850, Accuracy:0.800000, F1:0.866667
Tue, 23 Jan 2018 14:13:42 INFO [Train] Epoch:18, TP:1, TN:62, FP:0, FN:177, Loss:4.119997, Accuracy:0.262500, F1:0.011173
Tue, 23 Jan 2018 14:13:44 INFO [Test] Epoch:18, TP:0, TN:20, FP:0, FN:40, Loss:4.086045, Accuracy:0.333333, F1:0.000000
Tue, 23 Jan 2018 14:14:13 INFO [Train] Epoch:19, TP:110, TN:60, FP:0, FN:70, Loss:0.543153, Accuracy:0.708333, F1:0.758621
Tue, 23 Jan 2018 14:14:14 INFO [Test] Epoch:19, TP:21, TN:17, FP:0, FN:22, Loss:0.917763, Accuracy:0.633333, F1:0.656250
Tue, 23 Jan 2018 14:14:43 INFO [Train] Epoch:20, TP:98, TN:57, FP:0, FN:85, Loss:0.677480, Accuracy:0.645833, F1:0.697509
Tue, 23 Jan 2018 14:14:45 INFO [Test] Epoch:20, TP:13, TN:21, FP:0, FN:26, Loss:1.418503, Accuracy:0.566667, F1:0.500000
Tue, 23 Jan 2018 14:15:13 INFO [Train] Epoch:21, TP:182, TN:52, FP:6, FN:0, Loss:0.053119, Accuracy:0.975000, F1:0.983784
Tue, 23 Jan 2018 14:15:15 INFO [Test] Epoch:21, TP:42, TN:1, FP:17, FN:0, Loss:2.107163, Accuracy:0.716667, F1:0.831683
Tue, 23 Jan 2018 14:15:44 INFO [Train] Epoch:22, TP:160, TN:60, FP:0, FN:20, Loss:0.183551, Accuracy:0.916667, F1:0.941176
Tue, 23 Jan 2018 14:15:46 INFO [Test] Epoch:22, TP:31, TN:16, FP:2, FN:11, Loss:0.557374, Accuracy:0.783333, F1:0.826667
Tue, 23 Jan 2018 14:16:14 INFO [Train] Epoch:23, TP:179, TN:59, FP:2, FN:0, Loss:0.019763, Accuracy:0.991667, F1:0.994444
Tue, 23 Jan 2018 14:16:16 INFO [Test] Epoch:23, TP:39, TN:3, FP:18, FN:0, Loss:1.340827, Accuracy:0.700000, F1:0.812500
Tue, 23 Jan 2018 14:16:44 INFO [Train] Epoch:24, TP:154, TN:56, FP:0, FN:30, Loss:0.245290, Accuracy:0.875000, F1:0.911243
Tue, 23 Jan 2018 14:16:46 INFO [Test] Epoch:24, TP:21, TN:18, FP:1, FN:20, Loss:1.052792, Accuracy:0.650000, F1:0.666667
Tue, 23 Jan 2018 14:17:15 INFO [Train] Epoch:25, TP:167, TN:61, FP:0, FN:12, Loss:0.135174, Accuracy:0.950000, F1:0.965318
Tue, 23 Jan 2018 14:17:17 INFO [Test] Epoch:25, TP:34, TN:15, FP:2, FN:9, Loss:0.744723, Accuracy:0.816667, F1:0.860759
Tue, 23 Jan 2018 14:17:45 INFO [Train] Epoch:26, TP:182, TN:58, FP:0, FN:0, Loss:0.000399, Accuracy:1.000000, F1:1.000000
Tue, 23 Jan 2018 14:17:47 INFO [Test] Epoch:26, TP:35, TN:13, FP:8, FN:4, Loss:0.511754, Accuracy:0.800000, F1:0.853659
Tue, 23 Jan 2018 14:18:15 INFO [Train] Epoch:27, TP:178, TN:62, FP:0, FN:0, Loss:0.001900, Accuracy:1.000000, F1:1.000000
Tue, 23 Jan 2018 14:18:23 INFO [Test] Epoch:27, TP:39, TN:15, FP:3, FN:3, Loss:0.321839, Accuracy:0.900000, F1:0.928571
Tue, 23 Jan 2018 14:18:51 INFO [Train] Epoch:28, TP:180, TN:60, FP:0, FN:0, Loss:0.002595, Accuracy:1.000000, F1:1.000000
Tue, 23 Jan 2018 14:18:53 INFO [Test] Epoch:28, TP:40, TN:3, FP:17, FN:0, Loss:2.335562, Accuracy:0.716667, F1:0.824742
Tue, 23 Jan 2018 14:19:22 INFO [Train] Epoch:29, TP:177, TN:63, FP:0, FN:0, Loss:0.006818, Accuracy:1.000000, F1:1.000000
Tue, 23 Jan 2018 14:19:24 INFO [Test] Epoch:29, TP:43, TN:2, FP:15, FN:0, Loss:2.053020, Accuracy:0.750000, F1:0.851485
Tue, 23 Jan 2018 14:19:52 INFO [Train] Epoch:30, TP:165, TN:64, FP:0, FN:11, Loss:0.160565, Accuracy:0.954167, F1:0.967742
Tue, 23 Jan 2018 14:19:54 INFO [Test] Epoch:30, TP:33, TN:16, FP:5, FN:6, Loss:0.804968, Accuracy:0.816667, F1:0.857143
Tue, 23 Jan 2018 14:20:22 INFO [Train] Epoch:31, TP:179, TN:61, FP:0, FN:0, Loss:0.000317, Accuracy:1.000000, F1:1.000000
Tue, 23 Jan 2018 14:20:24 INFO [Test] Epoch:31, TP:41, TN:11, FP:7, FN:1, Loss:0.393496, Accuracy:0.866667, F1:0.911111
Tue, 23 Jan 2018 14:20:53 INFO [Train] Epoch:32, TP:180, TN:60, FP:0, FN:0, Loss:0.019854, Accuracy:1.000000, F1:1.000000
Tue, 23 Jan 2018 14:20:54 INFO [Test] Epoch:32, TP:32, TN:19, FP:1, FN:8, Loss:0.464148, Accuracy:0.850000, F1:0.876712
Tue, 23 Jan 2018 14:21:23 INFO [Train] Epoch:33, TP:180, TN:60, FP:0, FN:0, Loss:0.000930, Accuracy:1.000000, F1:1.000000
Tue, 23 Jan 2018 14:21:30 INFO [Test] Epoch:33, TP:40, TN:16, FP:3, FN:1, Loss:0.208780, Accuracy:0.933333, F1:0.952381
Tue, 23 Jan 2018 14:21:59 INFO [Train] Epoch:34, TP:182, TN:58, FP:0, FN:0, Loss:0.000071, Accuracy:1.000000, F1:1.000000
Tue, 23 Jan 2018 14:22:01 INFO [Test] Epoch:34, TP:39, TN:9, FP:11, FN:1, Loss:0.615649, Accuracy:0.800000, F1:0.866667
Tue, 23 Jan 2018 14:22:29 INFO [Train] Epoch:35, TP:178, TN:28, FP:34, FN:0, Loss:0.678136, Accuracy:0.858333, F1:0.912821
Tue, 23 Jan 2018 14:22:31 INFO [Test] Epoch:35, TP:39, TN:0, FP:21, FN:0, Loss:8.737254, Accuracy:0.650000, F1:0.787879
Tue, 23 Jan 2018 14:22:59 INFO [Train] Epoch:36, TP:175, TN:64, FP:0, FN:1, Loss:0.016917, Accuracy:0.995833, F1:0.997151
Tue, 23 Jan 2018 14:23:01 INFO [Test] Epoch:36, TP:43, TN:9, FP:7, FN:1, Loss:0.525768, Accuracy:0.866667, F1:0.914894
Tue, 23 Jan 2018 14:23:29 INFO [Train] Epoch:37, TP:180, TN:60, FP:0, FN:0, Loss:0.000603, Accuracy:1.000000, F1:1.000000
Tue, 23 Jan 2018 14:23:31 INFO [Test] Epoch:37, TP:39, TN:7, FP:13, FN:1, Loss:0.866852, Accuracy:0.766667, F1:0.847826
Tue, 23 Jan 2018 14:24:00 INFO [Train] Epoch:38, TP:180, TN:60, FP:0, FN:0, Loss:0.000501, Accuracy:1.000000, F1:1.000000
Tue, 23 Jan 2018 14:24:02 INFO [Test] Epoch:38, TP:43, TN:5, FP:11, FN:1, Loss:0.637687, Accuracy:0.800000, F1:0.877551
Tue, 23 Jan 2018 14:24:30 INFO [Train] Epoch:39, TP:148, TN:63, FP:0, FN:29, Loss:0.299128, Accuracy:0.879167, F1:0.910769
Tue, 23 Jan 2018 14:24:32 INFO [Test] Epoch:39, TP:22, TN:20, FP:1, FN:17, Loss:0.812220, Accuracy:0.700000, F1:0.709677
Tue, 23 Jan 2018 14:25:00 INFO [Train] Epoch:40, TP:186, TN:54, FP:0, FN:0, Loss:0.004113, Accuracy:1.000000, F1:1.000000
Tue, 23 Jan 2018 14:25:02 INFO [Test] Epoch:40, TP:40, TN:15, FP:0, FN:5, Loss:0.399164, Accuracy:0.916667, F1:0.941176
Tue, 23 Jan 2018 14:25:31 INFO [Train] Epoch:41, TP:175, TN:65, FP:0, FN:0, Loss:0.001623, Accuracy:1.000000, F1:1.000000
Tue, 23 Jan 2018 14:25:33 INFO [Test] Epoch:41, TP:39, TN:4, FP:17, FN:0, Loss:0.927158, Accuracy:0.716667, F1:0.821053
Tue, 23 Jan 2018 14:26:01 INFO [Train] Epoch:42, TP:182, TN:58, FP:0, FN:0, Loss:0.002893, Accuracy:1.000000, F1:1.000000
Tue, 23 Jan 2018 14:26:03 INFO [Test] Epoch:42, TP:39, TN:4, FP:16, FN:1, Loss:0.851718, Accuracy:0.716667, F1:0.821053
Tue, 23 Jan 2018 14:26:31 INFO [Train] Epoch:43, TP:184, TN:56, FP:0, FN:0, Loss:0.009869, Accuracy:1.000000, F1:1.000000
Tue, 23 Jan 2018 14:26:33 INFO [Test] Epoch:43, TP:35, TN:17, FP:4, FN:4, Loss:0.402053, Accuracy:0.866667, F1:0.897436
Tue, 23 Jan 2018 14:27:01 INFO [Train] Epoch:44, TP:181, TN:59, FP:0, FN:0, Loss:0.000554, Accuracy:1.000000, F1:1.000000
Tue, 23 Jan 2018 14:27:03 INFO [Test] Epoch:44, TP:39, TN:16, FP:3, FN:2, Loss:0.277361, Accuracy:0.916667, F1:0.939759
Tue, 23 Jan 2018 14:27:32 INFO [Train] Epoch:45, TP:177, TN:58, FP:0, FN:5, Loss:0.114918, Accuracy:0.979167, F1:0.986072
Tue, 23 Jan 2018 14:27:34 INFO [Test] Epoch:45, TP:25, TN:17, FP:1, FN:17, Loss:0.986473, Accuracy:0.700000, F1:0.735294
Tue, 23 Jan 2018 14:28:02 INFO [Train] Epoch:46, TP:177, TN:62, FP:1, FN:0, Loss:0.009684, Accuracy:0.995833, F1:0.997183
Tue, 23 Jan 2018 14:28:04 INFO [Test] Epoch:46, TP:39, TN:4, FP:16, FN:1, Loss:1.331930, Accuracy:0.716667, F1:0.821053
Tue, 23 Jan 2018 14:28:32 INFO [Train] Epoch:47, TP:172, TN:60, FP:0, FN:8, Loss:0.157003, Accuracy:0.966667, F1:0.977273
Tue, 23 Jan 2018 14:28:34 INFO [Test] Epoch:47, TP:28, TN:19, FP:0, FN:13, Loss:0.789233, Accuracy:0.783333, F1:0.811594
Tue, 23 Jan 2018 14:29:03 INFO [Train] Epoch:48, TP:183, TN:57, FP:0, FN:0, Loss:0.000045, Accuracy:1.000000, F1:1.000000
Tue, 23 Jan 2018 14:29:05 INFO [Test] Epoch:48, TP:40, TN:7, FP:12, FN:1, Loss:0.695691, Accuracy:0.783333, F1:0.860215
Tue, 23 Jan 2018 14:29:33 INFO [Train] Epoch:49, TP:181, TN:59, FP:0, FN:0, Loss:0.002198, Accuracy:1.000000, F1:1.000000
Tue, 23 Jan 2018 14:29:35 INFO [Test] Epoch:49, TP:38, TN:16, FP:2, FN:4, Loss:0.649706, Accuracy:0.900000, F1:0.926829
Tue, 23 Jan 2018 14:30:03 INFO [Train] Epoch:50, TP:175, TN:65, FP:0, FN:0, Loss:0.000719, Accuracy:1.000000, F1:1.000000
Tue, 23 Jan 2018 14:30:05 INFO [Test] Epoch:50, TP:36, TN:15, FP:5, FN:4, Loss:0.457984, Accuracy:0.850000, F1:0.888889
Tue, 23 Jan 2018 14:30:33 INFO [Train] Epoch:51, TP:177, TN:63, FP:0, FN:0, Loss:0.000615, Accuracy:1.000000, F1:1.000000
Tue, 23 Jan 2018 14:30:35 INFO [Test] Epoch:51, TP:40, TN:12, FP:4, FN:4, Loss:0.391317, Accuracy:0.866667, F1:0.909091
Tue, 23 Jan 2018 14:31:04 INFO [Train] Epoch:52, TP:176, TN:64, FP:0, FN:0, Loss:0.000329, Accuracy:1.000000, F1:1.000000
Tue, 23 Jan 2018 14:31:06 INFO [Test] Epoch:52, TP:38, TN:15, FP:3, FN:4, Loss:0.370109, Accuracy:0.883333, F1:0.915663
Tue, 23 Jan 2018 14:31:34 INFO [Train] Epoch:53, TP:174, TN:58, FP:0, FN:8, Loss:0.133685, Accuracy:0.966667, F1:0.977528
Tue, 23 Jan 2018 14:31:36 INFO [Test] Epoch:53, TP:22, TN:21, FP:1, FN:16, Loss:1.127918, Accuracy:0.716667, F1:0.721311
Tue, 23 Jan 2018 14:32:04 INFO [Train] Epoch:54, TP:181, TN:59, FP:0, FN:0, Loss:0.000014, Accuracy:1.000000, F1:1.000000
Tue, 23 Jan 2018 14:32:06 INFO [Test] Epoch:54, TP:42, TN:10, FP:6, FN:2, Loss:0.575102, Accuracy:0.866667, F1:0.913043
Tue, 23 Jan 2018 14:32:35 INFO [Train] Epoch:55, TP:183, TN:57, FP:0, FN:0, Loss:0.000021, Accuracy:1.000000, F1:1.000000
Tue, 23 Jan 2018 14:32:37 INFO [Test] Epoch:55, TP:33, TN:19, FP:5, FN:3, Loss:0.587683, Accuracy:0.866667, F1:0.891892
Tue, 23 Jan 2018 14:33:05 INFO [Train] Epoch:56, TP:176, TN:56, FP:8, FN:0, Loss:0.088653, Accuracy:0.966667, F1:0.977778
Tue, 23 Jan 2018 14:33:07 INFO [Test] Epoch:56, TP:45, TN:2, FP:13, FN:0, Loss:2.501152, Accuracy:0.783333, F1:0.873786
Tue, 23 Jan 2018 14:33:35 INFO [Train] Epoch:57, TP:180, TN:60, FP:0, FN:0, Loss:0.009650, Accuracy:1.000000, F1:1.000000
Tue, 23 Jan 2018 14:33:37 INFO [Test] Epoch:57, TP:33, TN:21, FP:1, FN:5, Loss:0.456359, Accuracy:0.900000, F1:0.916667
Tue, 23 Jan 2018 14:34:06 INFO [Train] Epoch:58, TP:179, TN:61, FP:0, FN:0, Loss:0.001204, Accuracy:1.000000, F1:1.000000
Tue, 23 Jan 2018 14:34:08 INFO [Test] Epoch:58, TP:38, TN:15, FP:3, FN:4, Loss:0.426666, Accuracy:0.883333, F1:0.915663
Tue, 23 Jan 2018 14:34:36 INFO [Train] Epoch:59, TP:177, TN:63, FP:0, FN:0, Loss:0.001987, Accuracy:1.000000, F1:1.000000
Tue, 23 Jan 2018 14:34:38 INFO [Test] Epoch:59, TP:36, TN:14, FP:3, FN:7, Loss:0.720288, Accuracy:0.833333, F1:0.878049
Tue, 23 Jan 2018 14:35:06 INFO [Train] Epoch:60, TP:181, TN:59, FP:0, FN:0, Loss:0.000024, Accuracy:1.000000, F1:1.000000
Tue, 23 Jan 2018 14:35:08 INFO [Test] Epoch:60, TP:41, TN:5, FP:13, FN:1, Loss:1.092878, Accuracy:0.766667, F1:0.854167
Tue, 23 Jan 2018 14:35:37 INFO [Train] Epoch:61, TP:179, TN:61, FP:0, FN:0, Loss:0.000030, Accuracy:1.000000, F1:1.000000
Tue, 23 Jan 2018 14:35:39 INFO [Test] Epoch:61, TP:37, TN:16, FP:4, FN:3, Loss:0.447952, Accuracy:0.883333, F1:0.913580
Tue, 23 Jan 2018 14:36:07 INFO [Train] Epoch:62, TP:176, TN:63, FP:0, FN:1, Loss:0.013241, Accuracy:0.995833, F1:0.997167
Tue, 23 Jan 2018 14:36:09 INFO [Test] Epoch:62, TP:32, TN:20, FP:1, FN:7, Loss:0.587959, Accuracy:0.866667, F1:0.888889
Tue, 23 Jan 2018 14:36:37 INFO [Train] Epoch:63, TP:184, TN:56, FP:0, FN:0, Loss:0.000603, Accuracy:1.000000, F1:1.000000
Tue, 23 Jan 2018 14:36:39 INFO [Test] Epoch:63, TP:38, TN:13, FP:8, FN:1, Loss:1.164340, Accuracy:0.850000, F1:0.894118
Tue, 23 Jan 2018 14:37:08 INFO [Train] Epoch:64, TP:179, TN:61, FP:0, FN:0, Loss:0.000128, Accuracy:1.000000, F1:1.000000
Tue, 23 Jan 2018 14:37:09 INFO [Test] Epoch:64, TP:45, TN:9, FP:5, FN:1, Loss:0.284724, Accuracy:0.900000, F1:0.937500
Tue, 23 Jan 2018 14:37:38 INFO [Train] Epoch:65, TP:180, TN:60, FP:0, FN:0, Loss:0.003082, Accuracy:1.000000, F1:1.000000
Tue, 23 Jan 2018 14:37:40 INFO [Test] Epoch:65, TP:36, TN:16, FP:4, FN:4, Loss:0.540440, Accuracy:0.866667, F1:0.900000
Tue, 23 Jan 2018 14:38:08 INFO [Train] Epoch:66, TP:176, TN:64, FP:0, FN:0, Loss:0.004093, Accuracy:1.000000, F1:1.000000
Tue, 23 Jan 2018 14:38:10 INFO [Test] Epoch:66, TP:39, TN:8, FP:12, FN:1, Loss:0.479965, Accuracy:0.783333, F1:0.857143
Tue, 23 Jan 2018 14:38:39 INFO [Train] Epoch:67, TP:177, TN:61, FP:0, FN:2, Loss:0.051999, Accuracy:0.991667, F1:0.994382
Tue, 23 Jan 2018 14:38:40 INFO [Test] Epoch:67, TP:30, TN:17, FP:1, FN:12, Loss:0.563971, Accuracy:0.783333, F1:0.821918
Tue, 23 Jan 2018 14:39:09 INFO [Train] Epoch:68, TP:179, TN:61, FP:0, FN:0, Loss:0.000900, Accuracy:1.000000, F1:1.000000
Tue, 23 Jan 2018 14:39:11 INFO [Test] Epoch:68, TP:35, TN:15, FP:7, FN:3, Loss:0.601971, Accuracy:0.833333, F1:0.875000
Tue, 23 Jan 2018 14:39:39 INFO [Train] Epoch:69, TP:180, TN:60, FP:0, FN:0, Loss:0.000504, Accuracy:1.000000, F1:1.000000
Tue, 23 Jan 2018 14:39:41 INFO [Test] Epoch:69, TP:41, TN:6, FP:12, FN:1, Loss:1.037502, Accuracy:0.783333, F1:0.863158
Tue, 23 Jan 2018 14:40:10 INFO [Train] Epoch:70, TP:182, TN:56, FP:2, FN:0, Loss:0.062045, Accuracy:0.991667, F1:0.994536
Tue, 23 Jan 2018 14:40:11 INFO [Test] Epoch:70, TP:40, TN:2, FP:18, FN:0, Loss:2.812241, Accuracy:0.700000, F1:0.816327
Tue, 23 Jan 2018 14:40:40 INFO [Train] Epoch:71, TP:179, TN:61, FP:0, FN:0, Loss:0.000040, Accuracy:1.000000, F1:1.000000
Tue, 23 Jan 2018 14:40:42 INFO [Test] Epoch:71, TP:40, TN:12, FP:6, FN:2, Loss:0.468154, Accuracy:0.866667, F1:0.909091
Tue, 23 Jan 2018 14:41:10 INFO [Train] Epoch:72, TP:180, TN:60, FP:0, FN:0, Loss:0.000032, Accuracy:1.000000, F1:1.000000
Tue, 23 Jan 2018 14:41:12 INFO [Test] Epoch:72, TP:39, TN:14, FP:2, FN:5, Loss:0.454501, Accuracy:0.883333, F1:0.917647
Tue, 23 Jan 2018 14:41:40 INFO [Train] Epoch:73, TP:180, TN:60, FP:0, FN:0, Loss:0.000046, Accuracy:1.000000, F1:1.000000
Tue, 23 Jan 2018 14:41:42 INFO [Test] Epoch:73, TP:33, TN:16, FP:6, FN:5, Loss:0.444007, Accuracy:0.816667, F1:0.857143
Tue, 23 Jan 2018 14:42:10 INFO [Train] Epoch:74, TP:183, TN:57, FP:0, FN:0, Loss:0.000018, Accuracy:1.000000, F1:1.000000
Tue, 23 Jan 2018 14:42:12 INFO [Test] Epoch:74, TP:38, TN:17, FP:4, FN:1, Loss:0.300622, Accuracy:0.916667, F1:0.938272
Tue, 23 Jan 2018 14:42:41 INFO [Train] Epoch:75, TP:178, TN:62, FP:0, FN:0, Loss:0.000077, Accuracy:1.000000, F1:1.000000
Tue, 23 Jan 2018 14:42:43 INFO [Test] Epoch:75, TP:38, TN:13, FP:2, FN:7, Loss:0.419061, Accuracy:0.850000, F1:0.894118
Tue, 23 Jan 2018 14:43:11 INFO [Train] Epoch:76, TP:182, TN:58, FP:0, FN:0, Loss:0.002460, Accuracy:1.000000, F1:1.000000
Tue, 23 Jan 2018 14:43:13 INFO [Test] Epoch:76, TP:35, TN:19, FP:2, FN:4, Loss:0.359764, Accuracy:0.900000, F1:0.921053
Tue, 23 Jan 2018 14:43:42 INFO [Train] Epoch:77, TP:179, TN:61, FP:0, FN:0, Loss:0.000101, Accuracy:1.000000, F1:1.000000
Tue, 23 Jan 2018 14:43:44 INFO [Test] Epoch:77, TP:37, TN:17, FP:2, FN:4, Loss:0.397261, Accuracy:0.900000, F1:0.925000
Tue, 23 Jan 2018 14:44:12 INFO [Train] Epoch:78, TP:179, TN:61, FP:0, FN:0, Loss:0.000005, Accuracy:1.000000, F1:1.000000
Tue, 23 Jan 2018 14:44:14 INFO [Test] Epoch:78, TP:38, TN:14, FP:4, FN:4, Loss:0.534562, Accuracy:0.866667, F1:0.904762
Tue, 23 Jan 2018 14:44:42 INFO [Train] Epoch:79, TP:179, TN:61, FP:0, FN:0, Loss:0.000001, Accuracy:1.000000, F1:1.000000
Tue, 23 Jan 2018 14:44:44 INFO [Test] Epoch:79, TP:37, TN:18, FP:2, FN:3, Loss:0.274418, Accuracy:0.916667, F1:0.936709
Tue, 23 Jan 2018 14:45:12 INFO [Train] Epoch:80, TP:182, TN:58, FP:0, FN:0, Loss:0.000001, Accuracy:1.000000, F1:1.000000
Tue, 23 Jan 2018 14:45:14 INFO [Test] Epoch:80, TP:37, TN:16, FP:2, FN:5, Loss:0.440388, Accuracy:0.883333, F1:0.913580
Tue, 23 Jan 2018 14:45:43 INFO [Train] Epoch:81, TP:181, TN:59, FP:0, FN:0, Loss:0.000001, Accuracy:1.000000, F1:1.000000
Tue, 23 Jan 2018 14:45:45 INFO [Test] Epoch:81, TP:36, TN:17, FP:3, FN:4, Loss:0.462114, Accuracy:0.883333, F1:0.911392
Tue, 23 Jan 2018 14:46:13 INFO [Train] Epoch:82, TP:177, TN:63, FP:0, FN:0, Loss:0.000001, Accuracy:1.000000, F1:1.000000
Tue, 23 Jan 2018 14:46:15 INFO [Test] Epoch:82, TP:40, TN:13, FP:4, FN:3, Loss:0.478877, Accuracy:0.883333, F1:0.919540
Tue, 23 Jan 2018 14:46:44 INFO [Train] Epoch:83, TP:178, TN:62, FP:0, FN:0, Loss:0.000002, Accuracy:1.000000, F1:1.000000
Tue, 23 Jan 2018 14:46:45 INFO [Test] Epoch:83, TP:38, TN:16, FP:2, FN:4, Loss:0.465395, Accuracy:0.900000, F1:0.926829
Tue, 23 Jan 2018 14:47:14 INFO [Train] Epoch:84, TP:181, TN:59, FP:0, FN:0, Loss:0.000007, Accuracy:1.000000, F1:1.000000
Tue, 23 Jan 2018 14:47:16 INFO [Test] Epoch:84, TP:35, TN:21, FP:0, FN:4, Loss:0.437265, Accuracy:0.933333, F1:0.945946
Tue, 23 Jan 2018 14:47:44 INFO [Train] Epoch:85, TP:179, TN:61, FP:0, FN:0, Loss:0.000000, Accuracy:1.000000, F1:1.000000
Tue, 23 Jan 2018 14:47:46 INFO [Test] Epoch:85, TP:35, TN:16, FP:5, FN:4, Loss:0.606091, Accuracy:0.850000, F1:0.886076
Tue, 23 Jan 2018 14:48:14 INFO [Train] Epoch:86, TP:183, TN:57, FP:0, FN:0, Loss:0.000000, Accuracy:1.000000, F1:1.000000
Tue, 23 Jan 2018 14:48:16 INFO [Test] Epoch:86, TP:36, TN:17, FP:3, FN:4, Loss:0.471327, Accuracy:0.883333, F1:0.911392
Tue, 23 Jan 2018 14:48:45 INFO [Train] Epoch:87, TP:182, TN:58, FP:0, FN:0, Loss:0.000000, Accuracy:1.000000, F1:1.000000
Tue, 23 Jan 2018 14:48:47 INFO [Test] Epoch:87, TP:40, TN:12, FP:2, FN:6, Loss:0.565073, Accuracy:0.866667, F1:0.909091
Tue, 23 Jan 2018 14:49:15 INFO [Train] Epoch:88, TP:178, TN:62, FP:0, FN:0, Loss:0.000000, Accuracy:1.000000, F1:1.000000
Tue, 23 Jan 2018 14:49:17 INFO [Test] Epoch:88, TP:40, TN:16, FP:2, FN:2, Loss:0.371024, Accuracy:0.933333, F1:0.952381
Tue, 23 Jan 2018 14:49:45 INFO [Train] Epoch:89, TP:178, TN:62, FP:0, FN:0, Loss:0.000000, Accuracy:1.000000, F1:1.000000
Tue, 23 Jan 2018 14:49:47 INFO [Test] Epoch:89, TP:34, TN:19, FP:2, FN:5, Loss:0.336950, Accuracy:0.883333, F1:0.906667
Tue, 23 Jan 2018 14:50:15 INFO [Train] Epoch:90, TP:179, TN:61, FP:0, FN:0, Loss:0.000000, Accuracy:1.000000, F1:1.000000
Tue, 23 Jan 2018 14:50:17 INFO [Test] Epoch:90, TP:36, TN:16, FP:4, FN:4, Loss:0.497886, Accuracy:0.866667, F1:0.900000
Tue, 23 Jan 2018 14:50:46 INFO [Train] Epoch:91, TP:183, TN:57, FP:0, FN:0, Loss:0.000008, Accuracy:1.000000, F1:1.000000
Tue, 23 Jan 2018 14:50:48 INFO [Test] Epoch:91, TP:37, TN:14, FP:6, FN:3, Loss:0.902562, Accuracy:0.850000, F1:0.891566
Tue, 23 Jan 2018 14:51:16 INFO [Train] Epoch:92, TP:175, TN:62, FP:0, FN:3, Loss:0.064107, Accuracy:0.987500, F1:0.991501
Tue, 23 Jan 2018 14:51:18 INFO [Test] Epoch:92, TP:23, TN:18, FP:0, FN:19, Loss:1.326834, Accuracy:0.683333, F1:0.707692
Tue, 23 Jan 2018 14:51:46 INFO [Train] Epoch:93, TP:180, TN:60, FP:0, FN:0, Loss:0.000006, Accuracy:1.000000, F1:1.000000
Tue, 23 Jan 2018 14:51:48 INFO [Test] Epoch:93, TP:35, TN:17, FP:3, FN:5, Loss:0.521929, Accuracy:0.866667, F1:0.897436
Tue, 23 Jan 2018 14:52:17 INFO [Train] Epoch:94, TP:180, TN:60, FP:0, FN:0, Loss:0.000002, Accuracy:1.000000, F1:1.000000
Tue, 23 Jan 2018 14:52:18 INFO [Test] Epoch:94, TP:41, TN:13, FP:4, FN:2, Loss:0.327011, Accuracy:0.900000, F1:0.931818
Tue, 23 Jan 2018 14:52:47 INFO [Train] Epoch:95, TP:179, TN:61, FP:0, FN:0, Loss:0.000003, Accuracy:1.000000, F1:1.000000
Tue, 23 Jan 2018 14:52:49 INFO [Test] Epoch:95, TP:35, TN:17, FP:4, FN:4, Loss:0.477854, Accuracy:0.866667, F1:0.897436
Tue, 23 Jan 2018 14:53:17 INFO [Train] Epoch:96, TP:182, TN:58, FP:0, FN:0, Loss:0.000005, Accuracy:1.000000, F1:1.000000
Tue, 23 Jan 2018 14:53:19 INFO [Test] Epoch:96, TP:38, TN:14, FP:4, FN:4, Loss:0.341691, Accuracy:0.866667, F1:0.904762
Tue, 23 Jan 2018 14:53:47 INFO [Train] Epoch:97, TP:177, TN:63, FP:0, FN:0, Loss:0.000013, Accuracy:1.000000, F1:1.000000
Tue, 23 Jan 2018 14:53:49 INFO [Test] Epoch:97, TP:37, TN:13, FP:5, FN:5, Loss:0.631209, Accuracy:0.833333, F1:0.880952
Tue, 23 Jan 2018 14:54:18 INFO [Train] Epoch:98, TP:184, TN:56, FP:0, FN:0, Loss:0.000218, Accuracy:1.000000, F1:1.000000
Tue, 23 Jan 2018 14:54:20 INFO [Test] Epoch:98, TP:29, TN:22, FP:0, FN:9, Loss:0.493419, Accuracy:0.850000, F1:0.865672
Tue, 23 Jan 2018 14:54:48 INFO [Train] Epoch:99, TP:179, TN:61, FP:0, FN:0, Loss:0.008140, Accuracy:1.000000, F1:1.000000
Tue, 23 Jan 2018 14:54:50 INFO [Test] Epoch:99, TP:35, TN:17, FP:1, FN:7, Loss:0.357800, Accuracy:0.866667, F1:0.897436
Tue, 23 Jan 2018 14:55:18 INFO [Train] Epoch:100, TP:181, TN:59, FP:0, FN:0, Loss:0.000027, Accuracy:1.000000, F1:1.000000
Tue, 23 Jan 2018 14:55:20 INFO [Test] Epoch:100, TP:42, TN:11, FP:5, FN:2, Loss:0.667327, Accuracy:0.883333, F1:0.923077
Tue, 23 Jan 2018 14:55:49 INFO [Train] Epoch:101, TP:179, TN:61, FP:0, FN:0, Loss:0.000039, Accuracy:1.000000, F1:1.000000
Tue, 23 Jan 2018 14:55:50 INFO [Test] Epoch:101, TP:36, TN:16, FP:5, FN:3, Loss:0.598165, Accuracy:0.866667, F1:0.900000
Tue, 23 Jan 2018 14:56:19 INFO [Train] Epoch:102, TP:183, TN:57, FP:0, FN:0, Loss:0.000027, Accuracy:1.000000, F1:1.000000
Tue, 23 Jan 2018 14:56:21 INFO [Test] Epoch:102, TP:37, TN:17, FP:2, FN:4, Loss:0.326397, Accuracy:0.900000, F1:0.925000
Tue, 23 Jan 2018 14:56:49 INFO [Train] Epoch:103, TP:181, TN:59, FP:0, FN:0, Loss:0.000138, Accuracy:1.000000, F1:1.000000
Tue, 23 Jan 2018 14:56:51 INFO [Test] Epoch:103, TP:38, TN:12, FP:8, FN:2, Loss:2.673722, Accuracy:0.833333, F1:0.883721
Tue, 23 Jan 2018 14:57:19 INFO [Train] Epoch:104, TP:179, TN:61, FP:0, FN:0, Loss:0.002984, Accuracy:1.000000, F1:1.000000
Tue, 23 Jan 2018 14:57:21 INFO [Test] Epoch:104, TP:39, TN:5, FP:16, FN:0, Loss:0.665559, Accuracy:0.733333, F1:0.829787
Tue, 23 Jan 2018 14:57:50 INFO [Train] Epoch:105, TP:182, TN:58, FP:0, FN:0, Loss:0.000654, Accuracy:1.000000, F1:1.000000
Tue, 23 Jan 2018 14:57:52 INFO [Test] Epoch:105, TP:39, TN:14, FP:4, FN:3, Loss:0.413346, Accuracy:0.883333, F1:0.917647
Tue, 23 Jan 2018 14:58:20 INFO [Train] Epoch:106, TP:175, TN:65, FP:0, FN:0, Loss:0.000055, Accuracy:1.000000, F1:1.000000
Tue, 23 Jan 2018 14:58:22 INFO [Test] Epoch:106, TP:41, TN:11, FP:5, FN:3, Loss:0.413845, Accuracy:0.866667, F1:0.911111
Tue, 23 Jan 2018 14:58:50 INFO [Train] Epoch:107, TP:180, TN:60, FP:0, FN:0, Loss:0.000021, Accuracy:1.000000, F1:1.000000
Tue, 23 Jan 2018 14:58:52 INFO [Test] Epoch:107, TP:36, TN:12, FP:11, FN:1, Loss:0.794435, Accuracy:0.800000, F1:0.857143
Tue, 23 Jan 2018 14:59:21 INFO [Train] Epoch:108, TP:176, TN:21, FP:43, FN:0, Loss:0.767074, Accuracy:0.820833, F1:0.891139
Tue, 23 Jan 2018 14:59:23 INFO [Test] Epoch:108, TP:42, TN:0, FP:18, FN:0, Loss:10.547248, Accuracy:0.700000, F1:0.823529
Tue, 23 Jan 2018 14:59:51 INFO [Train] Epoch:109, TP:179, TN:60, FP:1, FN:0, Loss:0.031553, Accuracy:0.995833, F1:0.997214
Tue, 23 Jan 2018 14:59:53 INFO [Test] Epoch:109, TP:40, TN:5, FP:14, FN:1, Loss:0.859094, Accuracy:0.750000, F1:0.842105
Tue, 23 Jan 2018 15:00:21 INFO [Train] Epoch:110, TP:181, TN:56, FP:3, FN:0, Loss:0.039285, Accuracy:0.987500, F1:0.991781
Tue, 23 Jan 2018 15:00:23 INFO [Test] Epoch:110, TP:44, TN:8, FP:8, FN:0, Loss:0.340646, Accuracy:0.866667, F1:0.916667
Tue, 23 Jan 2018 15:00:52 INFO [Train] Epoch:111, TP:176, TN:61, FP:0, FN:3, Loss:0.231883, Accuracy:0.987500, F1:0.991549
Tue, 23 Jan 2018 15:00:53 INFO [Test] Epoch:111, TP:28, TN:18, FP:4, FN:10, Loss:0.557059, Accuracy:0.766667, F1:0.800000
Tue, 23 Jan 2018 15:01:22 INFO [Train] Epoch:112, TP:1, TN:58, FP:0, FN:181, Loss:2.045563, Accuracy:0.245833, F1:0.010929
Tue, 23 Jan 2018 15:01:24 INFO [Test] Epoch:112, TP:0, TN:19, FP:0, FN:41, Loss:2.243020, Accuracy:0.316667, F1:0.000000
Tue, 23 Jan 2018 15:01:52 INFO [Train] Epoch:113, TP:180, TN:60, FP:0, FN:0, Loss:0.001537, Accuracy:1.000000, F1:1.000000
Tue, 23 Jan 2018 15:01:54 INFO [Test] Epoch:113, TP:41, TN:11, FP:8, FN:0, Loss:0.471996, Accuracy:0.866667, F1:0.911111
Tue, 23 Jan 2018 15:02:22 INFO [Train] Epoch:114, TP:176, TN:53, FP:11, FN:0, Loss:0.071209, Accuracy:0.954167, F1:0.969697
Tue, 23 Jan 2018 15:02:24 INFO [Test] Epoch:114, TP:39, TN:1, FP:20, FN:0, Loss:1.160994, Accuracy:0.666667, F1:0.795918
Tue, 23 Jan 2018 15:02:53 INFO [Train] Epoch:115, TP:177, TN:63, FP:0, FN:0, Loss:0.000348, Accuracy:1.000000, F1:1.000000
Tue, 23 Jan 2018 15:02:55 INFO [Test] Epoch:115, TP:43, TN:11, FP:4, FN:2, Loss:0.446385, Accuracy:0.900000, F1:0.934783
Tue, 23 Jan 2018 15:03:23 INFO [Train] Epoch:116, TP:176, TN:64, FP:0, FN:0, Loss:0.000125, Accuracy:1.000000, F1:1.000000
Tue, 23 Jan 2018 15:03:25 INFO [Test] Epoch:116, TP:40, TN:9, FP:10, FN:1, Loss:0.637909, Accuracy:0.816667, F1:0.879121
Tue, 23 Jan 2018 15:03:53 INFO [Train] Epoch:117, TP:182, TN:56, FP:2, FN:0, Loss:0.044440, Accuracy:0.991667, F1:0.994536
Tue, 23 Jan 2018 15:03:55 INFO [Test] Epoch:117, TP:36, TN:13, FP:10, FN:1, Loss:2.015006, Accuracy:0.816667, F1:0.867470
Tue, 23 Jan 2018 15:04:24 INFO [Train] Epoch:118, TP:180, TN:58, FP:2, FN:0, Loss:0.011136, Accuracy:0.991667, F1:0.994475
Tue, 23 Jan 2018 15:04:26 INFO [Test] Epoch:118, TP:45, TN:9, FP:6, FN:0, Loss:0.423754, Accuracy:0.900000, F1:0.937500
Tue, 23 Jan 2018 15:04:54 INFO [Train] Epoch:119, TP:176, TN:64, FP:0, FN:0, Loss:0.120037, Accuracy:1.000000, F1:1.000000
Tue, 23 Jan 2018 15:04:56 INFO [Test] Epoch:119, TP:27, TN:20, FP:3, FN:10, Loss:0.613227, Accuracy:0.783333, F1:0.805970
Tue, 23 Jan 2018 15:05:24 INFO [Train] Epoch:120, TP:5, TN:57, FP:0, FN:178, Loss:1.810072, Accuracy:0.258333, F1:0.053191
Tue, 23 Jan 2018 15:05:26 INFO [Test] Epoch:120, TP:2, TN:14, FP:0, FN:44, Loss:3.253196, Accuracy:0.266667, F1:0.083333
Tue, 23 Jan 2018 15:05:54 INFO [Train] Epoch:121, TP:181, TN:59, FP:0, FN:0, Loss:0.001511, Accuracy:1.000000, F1:1.000000
Tue, 23 Jan 2018 15:05:56 INFO [Test] Epoch:121, TP:38, TN:14, FP:6, FN:2, Loss:0.348719, Accuracy:0.866667, F1:0.904762
Tue, 23 Jan 2018 15:06:25 INFO [Train] Epoch:122, TP:179, TN:61, FP:0, FN:0, Loss:0.001617, Accuracy:1.000000, F1:1.000000
Tue, 23 Jan 2018 15:06:27 INFO [Test] Epoch:122, TP:34, TN:18, FP:3, FN:5, Loss:0.288847, Accuracy:0.866667, F1:0.894737
Tue, 23 Jan 2018 15:06:55 INFO [Train] Epoch:123, TP:180, TN:60, FP:0, FN:0, Loss:0.002958, Accuracy:1.000000, F1:1.000000
Tue, 23 Jan 2018 15:06:57 INFO [Test] Epoch:123, TP:41, TN:13, FP:3, FN:3, Loss:0.273320, Accuracy:0.900000, F1:0.931818
Tue, 23 Jan 2018 15:07:25 INFO [Train] Epoch:124, TP:174, TN:66, FP:0, FN:0, Loss:0.000601, Accuracy:1.000000, F1:1.000000
Tue, 23 Jan 2018 15:07:27 INFO [Test] Epoch:124, TP:36, TN:19, FP:3, FN:2, Loss:0.248835, Accuracy:0.916667, F1:0.935065
Tue, 23 Jan 2018 15:07:55 INFO [Train] Epoch:125, TP:184, TN:32, FP:24, FN:0, Loss:0.736860, Accuracy:0.900000, F1:0.938776
Tue, 23 Jan 2018 15:07:57 INFO [Test] Epoch:125, TP:41, TN:0, FP:19, FN:0, Loss:16.877176, Accuracy:0.683333, F1:0.811881
Tue, 23 Jan 2018 15:08:26 INFO [Train] Epoch:126, TP:157, TN:58, FP:0, FN:25, Loss:0.216755, Accuracy:0.895833, F1:0.926254
Tue, 23 Jan 2018 15:08:27 INFO [Test] Epoch:126, TP:22, TN:21, FP:0, FN:17, Loss:1.153079, Accuracy:0.716667, F1:0.721311
Tue, 23 Jan 2018 15:08:56 INFO [Train] Epoch:127, TP:177, TN:63, FP:0, FN:0, Loss:0.016568, Accuracy:1.000000, F1:1.000000
Tue, 23 Jan 2018 15:08:58 INFO [Test] Epoch:127, TP:38, TN:15, FP:2, FN:5, Loss:0.455792, Accuracy:0.883333, F1:0.915663
Tue, 23 Jan 2018 15:09:26 INFO [Train] Epoch:128, TP:183, TN:57, FP:0, FN:0, Loss:0.000088, Accuracy:1.000000, F1:1.000000
Tue, 23 Jan 2018 15:09:28 INFO [Test] Epoch:128, TP:37, TN:17, FP:5, FN:1, Loss:0.397692, Accuracy:0.900000, F1:0.925000
Tue, 23 Jan 2018 15:09:56 INFO [Train] Epoch:129, TP:179, TN:61, FP:0, FN:0, Loss:0.000061, Accuracy:1.000000, F1:1.000000
Tue, 23 Jan 2018 15:09:58 INFO [Test] Epoch:129, TP:41, TN:11, FP:4, FN:4, Loss:0.464793, Accuracy:0.866667, F1:0.911111
Tue, 23 Jan 2018 15:10:26 INFO [Train] Epoch:130, TP:176, TN:64, FP:0, FN:0, Loss:0.028947, Accuracy:1.000000, F1:1.000000
Tue, 23 Jan 2018 15:10:28 INFO [Test] Epoch:130, TP:25, TN:18, FP:3, FN:14, Loss:0.781537, Accuracy:0.716667, F1:0.746269
Tue, 23 Jan 2018 15:10:57 INFO [Train] Epoch:131, TP:179, TN:61, FP:0, FN:0, Loss:0.000083, Accuracy:1.000000, F1:1.000000
Tue, 23 Jan 2018 15:11:01 INFO [Test] Epoch:131, TP:41, TN:15, FP:4, FN:0, Loss:0.384312, Accuracy:0.933333, F1:0.953488
Tue, 23 Jan 2018 15:11:29 INFO [Train] Epoch:132, TP:179, TN:61, FP:0, FN:0, Loss:0.000083, Accuracy:1.000000, F1:1.000000
Tue, 23 Jan 2018 15:11:31 INFO [Test] Epoch:132, TP:39, TN:12, FP:7, FN:2, Loss:0.553789, Accuracy:0.850000, F1:0.896552
Tue, 23 Jan 2018 15:11:59 INFO [Train] Epoch:133, TP:183, TN:43, FP:14, FN:0, Loss:0.228739, Accuracy:0.941667, F1:0.963158
Tue, 23 Jan 2018 15:12:01 INFO [Test] Epoch:133, TP:41, TN:1, FP:18, FN:0, Loss:9.862350, Accuracy:0.700000, F1:0.820000
Tue, 23 Jan 2018 15:12:30 INFO [Train] Epoch:134, TP:181, TN:58, FP:1, FN:0, Loss:0.025907, Accuracy:0.995833, F1:0.997245
Tue, 23 Jan 2018 15:12:32 INFO [Test] Epoch:134, TP:41, TN:3, FP:16, FN:0, Loss:4.311939, Accuracy:0.733333, F1:0.836735
Tue, 23 Jan 2018 15:13:00 INFO [Train] Epoch:135, TP:178, TN:52, FP:10, FN:0, Loss:0.092043, Accuracy:0.958333, F1:0.972678
Tue, 23 Jan 2018 15:13:02 INFO [Test] Epoch:135, TP:45, TN:2, FP:13, FN:0, Loss:1.764263, Accuracy:0.783333, F1:0.873786
Tue, 23 Jan 2018 15:13:30 INFO [Train] Epoch:136, TP:6, TN:55, FP:0, FN:179, Loss:1.788599, Accuracy:0.254167, F1:0.062827
Tue, 23 Jan 2018 15:13:32 INFO [Test] Epoch:136, TP:4, TN:18, FP:0, FN:38, Loss:2.636543, Accuracy:0.366667, F1:0.173913
Tue, 23 Jan 2018 15:14:01 INFO [Train] Epoch:137, TP:183, TN:57, FP:0, FN:0, Loss:0.003420, Accuracy:1.000000, F1:1.000000
Tue, 23 Jan 2018 15:14:02 INFO [Test] Epoch:137, TP:38, TN:1, FP:20, FN:1, Loss:1.862499, Accuracy:0.650000, F1:0.783505
Tue, 23 Jan 2018 15:14:31 INFO [Train] Epoch:138, TP:179, TN:61, FP:0, FN:0, Loss:0.000082, Accuracy:1.000000, F1:1.000000
Tue, 23 Jan 2018 15:14:33 INFO [Test] Epoch:138, TP:39, TN:12, FP:7, FN:2, Loss:0.430209, Accuracy:0.850000, F1:0.896552
Tue, 23 Jan 2018 15:15:01 INFO [Train] Epoch:139, TP:180, TN:60, FP:0, FN:0, Loss:0.000275, Accuracy:1.000000, F1:1.000000
Tue, 23 Jan 2018 15:15:03 INFO [Test] Epoch:139, TP:36, TN:15, FP:6, FN:3, Loss:0.680684, Accuracy:0.850000, F1:0.888889
Tue, 23 Jan 2018 15:15:31 INFO [Train] Epoch:140, TP:180, TN:60, FP:0, FN:0, Loss:0.002263, Accuracy:1.000000, F1:1.000000
Tue, 23 Jan 2018 15:15:33 INFO [Test] Epoch:140, TP:31, TN:17, FP:1, FN:11, Loss:0.739381, Accuracy:0.800000, F1:0.837838
Tue, 23 Jan 2018 15:16:01 INFO [Train] Epoch:141, TP:179, TN:61, FP:0, FN:0, Loss:0.000038, Accuracy:1.000000, F1:1.000000
Tue, 23 Jan 2018 15:16:03 INFO [Test] Epoch:141, TP:38, TN:16, FP:4, FN:2, Loss:0.404632, Accuracy:0.900000, F1:0.926829
Tue, 23 Jan 2018 15:16:32 INFO [Train] Epoch:142, TP:178, TN:62, FP:0, FN:0, Loss:0.000044, Accuracy:1.000000, F1:1.000000
Tue, 23 Jan 2018 15:16:34 INFO [Test] Epoch:142, TP:42, TN:11, FP:5, FN:2, Loss:0.560234, Accuracy:0.883333, F1:0.923077
Tue, 23 Jan 2018 15:17:02 INFO [Train] Epoch:143, TP:176, TN:64, FP:0, FN:0, Loss:0.000002, Accuracy:1.000000, F1:1.000000
Tue, 23 Jan 2018 15:17:04 INFO [Test] Epoch:143, TP:36, TN:14, FP:9, FN:1, Loss:0.808265, Accuracy:0.833333, F1:0.878049
Tue, 23 Jan 2018 15:17:32 INFO [Train] Epoch:144, TP:181, TN:59, FP:0, FN:0, Loss:0.000001, Accuracy:1.000000, F1:1.000000
Tue, 23 Jan 2018 15:17:34 INFO [Test] Epoch:144, TP:38, TN:13, FP:8, FN:1, Loss:0.813390, Accuracy:0.850000, F1:0.894118
Tue, 23 Jan 2018 15:18:02 INFO [Train] Epoch:145, TP:184, TN:56, FP:0, FN:0, Loss:0.000196, Accuracy:1.000000, F1:1.000000
Tue, 23 Jan 2018 15:18:04 INFO [Test] Epoch:145, TP:35, TN:16, FP:2, FN:7, Loss:0.843097, Accuracy:0.850000, F1:0.886076
Tue, 23 Jan 2018 15:18:33 INFO [Train] Epoch:146, TP:183, TN:57, FP:0, FN:0, Loss:0.000012, Accuracy:1.000000, F1:1.000000
Tue, 23 Jan 2018 15:18:35 INFO [Test] Epoch:146, TP:42, TN:10, FP:3, FN:5, Loss:0.604653, Accuracy:0.866667, F1:0.913043
Tue, 23 Jan 2018 15:19:03 INFO [Train] Epoch:147, TP:180, TN:60, FP:0, FN:0, Loss:0.000002, Accuracy:1.000000, F1:1.000000
Tue, 23 Jan 2018 15:19:05 INFO [Test] Epoch:147, TP:34, TN:18, FP:3, FN:5, Loss:0.447117, Accuracy:0.866667, F1:0.894737
Tue, 23 Jan 2018 15:19:33 INFO [Train] Epoch:148, TP:180, TN:60, FP:0, FN:0, Loss:0.000000, Accuracy:1.000000, F1:1.000000
Tue, 23 Jan 2018 15:19:35 INFO [Test] Epoch:148, TP:36, TN:15, FP:4, FN:5, Loss:0.779479, Accuracy:0.850000, F1:0.888889
Tue, 23 Jan 2018 15:20:03 INFO [Train] Epoch:149, TP:180, TN:60, FP:0, FN:0, Loss:0.000000, Accuracy:1.000000, F1:1.000000
Tue, 23 Jan 2018 15:20:05 INFO [Test] Epoch:149, TP:39, TN:13, FP:4, FN:4, Loss:0.520331, Accuracy:0.866667, F1:0.906977
Tue, 23 Jan 2018 15:20:34 INFO [Train] Epoch:150, TP:168, TN:61, FP:0, FN:11, Loss:0.250902, Accuracy:0.954167, F1:0.968300
Tue, 23 Jan 2018 15:20:35 INFO [Test] Epoch:150, TP:29, TN:17, FP:3, FN:11, Loss:0.601151, Accuracy:0.766667, F1:0.805556
Tue, 23 Jan 2018 15:21:04 INFO [Train] Epoch:151, TP:179, TN:60, FP:0, FN:1, Loss:0.006629, Accuracy:0.995833, F1:0.997214
Tue, 23 Jan 2018 15:21:06 INFO [Test] Epoch:151, TP:33, TN:19, FP:2, FN:6, Loss:0.350945, Accuracy:0.866667, F1:0.891892
Tue, 23 Jan 2018 15:21:34 INFO [Train] Epoch:152, TP:182, TN:58, FP:0, FN:0, Loss:0.000009, Accuracy:1.000000, F1:1.000000
Tue, 23 Jan 2018 15:21:36 INFO [Test] Epoch:152, TP:43, TN:12, FP:4, FN:1, Loss:1.523818, Accuracy:0.916667, F1:0.945055
Tue, 23 Jan 2018 15:22:04 INFO [Train] Epoch:153, TP:178, TN:62, FP:0, FN:0, Loss:0.000012, Accuracy:1.000000, F1:1.000000
Tue, 23 Jan 2018 15:22:06 INFO [Test] Epoch:153, TP:35, TN:19, FP:3, FN:3, Loss:0.577558, Accuracy:0.900000, F1:0.921053
Tue, 23 Jan 2018 15:22:35 INFO [Train] Epoch:154, TP:182, TN:58, FP:0, FN:0, Loss:0.000034, Accuracy:1.000000, F1:1.000000
Tue, 23 Jan 2018 15:22:36 INFO [Test] Epoch:154, TP:41, TN:14, FP:3, FN:2, Loss:0.241569, Accuracy:0.916667, F1:0.942529
Tue, 23 Jan 2018 15:23:05 INFO [Train] Epoch:155, TP:181, TN:59, FP:0, FN:0, Loss:0.000055, Accuracy:1.000000, F1:1.000000
Tue, 23 Jan 2018 15:23:07 INFO [Test] Epoch:155, TP:39, TN:13, FP:5, FN:3, Loss:1.309845, Accuracy:0.866667, F1:0.906977
Tue, 23 Jan 2018 15:23:35 INFO [Train] Epoch:156, TP:184, TN:56, FP:0, FN:0, Loss:0.000022, Accuracy:1.000000, F1:1.000000
Tue, 23 Jan 2018 15:23:37 INFO [Test] Epoch:156, TP:33, TN:17, FP:7, FN:3, Loss:0.847224, Accuracy:0.833333, F1:0.868421
Tue, 23 Jan 2018 15:24:05 INFO [Train] Epoch:157, TP:179, TN:61, FP:0, FN:0, Loss:0.007744, Accuracy:1.000000, F1:1.000000
Tue, 23 Jan 2018 15:24:07 INFO [Test] Epoch:157, TP:36, TN:15, FP:3, FN:6, Loss:0.542478, Accuracy:0.850000, F1:0.888889
Tue, 23 Jan 2018 15:24:36 INFO [Train] Epoch:158, TP:177, TN:63, FP:0, FN:0, Loss:0.003447, Accuracy:1.000000, F1:1.000000
Tue, 23 Jan 2018 15:24:38 INFO [Test] Epoch:158, TP:39, TN:3, FP:17, FN:1, Loss:1.138557, Accuracy:0.700000, F1:0.812500
Tue, 23 Jan 2018 15:25:06 INFO [Train] Epoch:159, TP:177, TN:63, FP:0, FN:0, Loss:0.000707, Accuracy:1.000000, F1:1.000000
Tue, 23 Jan 2018 15:25:08 INFO [Test] Epoch:159, TP:44, TN:5, FP:10, FN:1, Loss:1.079033, Accuracy:0.816667, F1:0.888889
Tue, 23 Jan 2018 15:25:36 INFO [Train] Epoch:160, TP:180, TN:60, FP:0, FN:0, Loss:0.000507, Accuracy:1.000000, F1:1.000000
Tue, 23 Jan 2018 15:25:38 INFO [Test] Epoch:160, TP:41, TN:7, FP:11, FN:1, Loss:0.403981, Accuracy:0.800000, F1:0.872340
Tue, 23 Jan 2018 15:26:06 INFO [Train] Epoch:161, TP:182, TN:58, FP:0, FN:0, Loss:0.000149, Accuracy:1.000000, F1:1.000000
Tue, 23 Jan 2018 15:26:08 INFO [Test] Epoch:161, TP:38, TN:8, FP:12, FN:2, Loss:0.748418, Accuracy:0.766667, F1:0.844444
Tue, 23 Jan 2018 15:26:37 INFO [Train] Epoch:162, TP:179, TN:61, FP:0, FN:0, Loss:0.012463, Accuracy:1.000000, F1:1.000000
Tue, 23 Jan 2018 15:26:39 INFO [Test] Epoch:162, TP:27, TN:19, FP:1, FN:13, Loss:0.657087, Accuracy:0.766667, F1:0.794118
Tue, 23 Jan 2018 15:27:07 INFO [Train] Epoch:163, TP:181, TN:59, FP:0, FN:0, Loss:0.000000, Accuracy:1.000000, F1:1.000000
Tue, 23 Jan 2018 15:27:09 INFO [Test] Epoch:163, TP:37, TN:18, FP:2, FN:3, Loss:0.268843, Accuracy:0.916667, F1:0.936709
Tue, 23 Jan 2018 15:27:37 INFO [Train] Epoch:164, TP:176, TN:64, FP:0, FN:0, Loss:0.000009, Accuracy:1.000000, F1:1.000000
Tue, 23 Jan 2018 15:27:39 INFO [Test] Epoch:164, TP:41, TN:6, FP:11, FN:2, Loss:1.663838, Accuracy:0.783333, F1:0.863158
Tue, 23 Jan 2018 15:28:07 INFO [Train] Epoch:165, TP:181, TN:59, FP:0, FN:0, Loss:0.002496, Accuracy:1.000000, F1:1.000000
Tue, 23 Jan 2018 15:28:09 INFO [Test] Epoch:165, TP:38, TN:12, FP:7, FN:3, Loss:0.369940, Accuracy:0.833333, F1:0.883721
Tue, 23 Jan 2018 15:28:38 INFO [Train] Epoch:166, TP:181, TN:59, FP:0, FN:0, Loss:0.000979, Accuracy:1.000000, F1:1.000000
Tue, 23 Jan 2018 15:28:40 INFO [Test] Epoch:166, TP:35, TN:16, FP:5, FN:4, Loss:0.536772, Accuracy:0.850000, F1:0.886076
Tue, 23 Jan 2018 15:29:08 INFO [Train] Epoch:167, TP:179, TN:61, FP:0, FN:0, Loss:0.001242, Accuracy:1.000000, F1:1.000000
Tue, 23 Jan 2018 15:29:10 INFO [Test] Epoch:167, TP:37, TN:13, FP:6, FN:4, Loss:0.434450, Accuracy:0.833333, F1:0.880952
Tue, 23 Jan 2018 15:29:38 INFO [Train] Epoch:168, TP:178, TN:62, FP:0, FN:0, Loss:0.001207, Accuracy:1.000000, F1:1.000000
Tue, 23 Jan 2018 15:29:40 INFO [Test] Epoch:168, TP:43, TN:11, FP:5, FN:1, Loss:0.682777, Accuracy:0.900000, F1:0.934783
Tue, 23 Jan 2018 15:30:08 INFO [Train] Epoch:169, TP:176, TN:64, FP:0, FN:0, Loss:0.000317, Accuracy:1.000000, F1:1.000000
Tue, 23 Jan 2018 15:30:10 INFO [Test] Epoch:169, TP:32, TN:17, FP:7, FN:4, Loss:0.553620, Accuracy:0.816667, F1:0.853333
Tue, 23 Jan 2018 15:30:39 INFO [Train] Epoch:170, TP:181, TN:59, FP:0, FN:0, Loss:0.000313, Accuracy:1.000000, F1:1.000000
Tue, 23 Jan 2018 15:30:41 INFO [Test] Epoch:170, TP:39, TN:14, FP:2, FN:5, Loss:0.331081, Accuracy:0.883333, F1:0.917647
Tue, 23 Jan 2018 15:31:09 INFO [Train] Epoch:171, TP:180, TN:60, FP:0, FN:0, Loss:0.000120, Accuracy:1.000000, F1:1.000000
Tue, 23 Jan 2018 15:31:11 INFO [Test] Epoch:171, TP:37, TN:14, FP:6, FN:3, Loss:0.785880, Accuracy:0.850000, F1:0.891566
Tue, 23 Jan 2018 15:31:39 INFO [Train] Epoch:172, TP:183, TN:57, FP:0, FN:0, Loss:0.000363, Accuracy:1.000000, F1:1.000000
Tue, 23 Jan 2018 15:31:41 INFO [Test] Epoch:172, TP:33, TN:16, FP:7, FN:4, Loss:0.989820, Accuracy:0.816667, F1:0.857143
Tue, 23 Jan 2018 15:32:09 INFO [Train] Epoch:173, TP:180, TN:60, FP:0, FN:0, Loss:0.046721, Accuracy:1.000000, F1:1.000000
Tue, 23 Jan 2018 15:32:11 INFO [Test] Epoch:173, TP:38, TN:8, FP:8, FN:6, Loss:0.474929, Accuracy:0.766667, F1:0.844444
Tue, 23 Jan 2018 15:32:40 INFO [Train] Epoch:174, TP:178, TN:62, FP:0, FN:0, Loss:0.000449, Accuracy:1.000000, F1:1.000000
Tue, 23 Jan 2018 15:32:42 INFO [Test] Epoch:174, TP:37, TN:11, FP:11, FN:1, Loss:1.847538, Accuracy:0.800000, F1:0.860465
Tue, 23 Jan 2018 15:33:10 INFO [Train] Epoch:175, TP:179, TN:61, FP:0, FN:0, Loss:0.004232, Accuracy:1.000000, F1:1.000000
Tue, 23 Jan 2018 15:33:12 INFO [Test] Epoch:175, TP:39, TN:7, FP:12, FN:2, Loss:2.129886, Accuracy:0.766667, F1:0.847826
Tue, 23 Jan 2018 15:33:40 INFO [Train] Epoch:176, TP:180, TN:60, FP:0, FN:0, Loss:0.000007, Accuracy:1.000000, F1:1.000000
Tue, 23 Jan 2018 15:33:42 INFO [Test] Epoch:176, TP:40, TN:15, FP:1, FN:4, Loss:0.358863, Accuracy:0.916667, F1:0.941176
Tue, 23 Jan 2018 15:34:10 INFO [Train] Epoch:177, TP:177, TN:63, FP:0, FN:0, Loss:0.000006, Accuracy:1.000000, F1:1.000000
Tue, 23 Jan 2018 15:34:12 INFO [Test] Epoch:177, TP:41, TN:13, FP:4, FN:2, Loss:0.346599, Accuracy:0.900000, F1:0.931818
Tue, 23 Jan 2018 15:34:41 INFO [Train] Epoch:178, TP:179, TN:61, FP:0, FN:0, Loss:0.000018, Accuracy:1.000000, F1:1.000000
Tue, 23 Jan 2018 15:34:43 INFO [Test] Epoch:178, TP:40, TN:11, FP:7, FN:2, Loss:0.584411, Accuracy:0.850000, F1:0.898876
Tue, 23 Jan 2018 15:35:11 INFO [Train] Epoch:179, TP:178, TN:62, FP:0, FN:0, Loss:0.000036, Accuracy:1.000000, F1:1.000000
Tue, 23 Jan 2018 15:35:13 INFO [Test] Epoch:179, TP:34, TN:17, FP:5, FN:4, Loss:0.580954, Accuracy:0.850000, F1:0.883117
Tue, 23 Jan 2018 15:35:41 INFO [Train] Epoch:180, TP:182, TN:58, FP:0, FN:0, Loss:0.000035, Accuracy:1.000000, F1:1.000000
Tue, 23 Jan 2018 15:35:43 INFO [Test] Epoch:180, TP:35, TN:18, FP:4, FN:3, Loss:0.540722, Accuracy:0.883333, F1:0.909091
Tue, 23 Jan 2018 15:36:11 INFO [Train] Epoch:181, TP:179, TN:61, FP:0, FN:0, Loss:0.000007, Accuracy:1.000000, F1:1.000000
Tue, 23 Jan 2018 15:36:13 INFO [Test] Epoch:181, TP:37, TN:13, FP:5, FN:5, Loss:0.830881, Accuracy:0.833333, F1:0.880952
Tue, 23 Jan 2018 15:36:42 INFO [Train] Epoch:182, TP:179, TN:61, FP:0, FN:0, Loss:0.000023, Accuracy:1.000000, F1:1.000000
Tue, 23 Jan 2018 15:36:43 INFO [Test] Epoch:182, TP:37, TN:15, FP:2, FN:6, Loss:0.621174, Accuracy:0.866667, F1:0.902439
Tue, 23 Jan 2018 15:37:12 INFO [Train] Epoch:183, TP:185, TN:55, FP:0, FN:0, Loss:0.000022, Accuracy:1.000000, F1:1.000000
Tue, 23 Jan 2018 15:37:15 INFO [Test] Epoch:183, TP:43, TN:13, FP:3, FN:1, Loss:0.374910, Accuracy:0.933333, F1:0.955556
Tue, 23 Jan 2018 15:37:44 INFO [Train] Epoch:184, TP:175, TN:65, FP:0, FN:0, Loss:0.000005, Accuracy:1.000000, F1:1.000000
Tue, 23 Jan 2018 15:37:46 INFO [Test] Epoch:184, TP:40, TN:11, FP:7, FN:2, Loss:0.648771, Accuracy:0.850000, F1:0.898876
Tue, 23 Jan 2018 15:38:14 INFO [Train] Epoch:185, TP:176, TN:64, FP:0, FN:0, Loss:0.000006, Accuracy:1.000000, F1:1.000000
Tue, 23 Jan 2018 15:38:16 INFO [Test] Epoch:185, TP:36, TN:14, FP:7, FN:3, Loss:0.809922, Accuracy:0.833333, F1:0.878049
Tue, 23 Jan 2018 15:38:44 INFO [Train] Epoch:186, TP:178, TN:62, FP:0, FN:0, Loss:0.000014, Accuracy:1.000000, F1:1.000000
Tue, 23 Jan 2018 15:38:46 INFO [Test] Epoch:186, TP:38, TN:13, FP:8, FN:1, Loss:0.919175, Accuracy:0.850000, F1:0.894118
Tue, 23 Jan 2018 15:39:14 INFO [Train] Epoch:187, TP:183, TN:56, FP:1, FN:0, Loss:0.009079, Accuracy:0.995833, F1:0.997275
Tue, 23 Jan 2018 15:39:16 INFO [Test] Epoch:187, TP:44, TN:2, FP:14, FN:0, Loss:2.183408, Accuracy:0.766667, F1:0.862745
Tue, 23 Jan 2018 15:39:45 INFO [Train] Epoch:188, TP:179, TN:61, FP:0, FN:0, Loss:0.000005, Accuracy:1.000000, F1:1.000000
Tue, 23 Jan 2018 15:39:46 INFO [Test] Epoch:188, TP:35, TN:12, FP:8, FN:5, Loss:1.584845, Accuracy:0.783333, F1:0.843373
Tue, 23 Jan 2018 15:40:15 INFO [Train] Epoch:189, TP:182, TN:58, FP:0, FN:0, Loss:0.000987, Accuracy:1.000000, F1:1.000000
Tue, 23 Jan 2018 15:40:17 INFO [Test] Epoch:189, TP:34, TN:16, FP:3, FN:7, Loss:0.332582, Accuracy:0.833333, F1:0.871795
Tue, 23 Jan 2018 15:40:45 INFO [Train] Epoch:190, TP:180, TN:60, FP:0, FN:0, Loss:0.000514, Accuracy:1.000000, F1:1.000000
Tue, 23 Jan 2018 15:40:47 INFO [Test] Epoch:190, TP:28, TN:17, FP:5, FN:10, Loss:1.152727, Accuracy:0.750000, F1:0.788732
Tue, 23 Jan 2018 15:41:15 INFO [Train] Epoch:191, TP:182, TN:58, FP:0, FN:0, Loss:0.000265, Accuracy:1.000000, F1:1.000000
Tue, 23 Jan 2018 15:41:17 INFO [Test] Epoch:191, TP:39, TN:12, FP:3, FN:6, Loss:1.145602, Accuracy:0.850000, F1:0.896552
Tue, 23 Jan 2018 15:41:45 INFO [Train] Epoch:192, TP:181, TN:59, FP:0, FN:0, Loss:0.002696, Accuracy:1.000000, F1:1.000000
Tue, 23 Jan 2018 15:41:47 INFO [Test] Epoch:192, TP:39, TN:3, FP:17, FN:1, Loss:1.524612, Accuracy:0.700000, F1:0.812500
Tue, 23 Jan 2018 15:42:16 INFO [Train] Epoch:193, TP:181, TN:59, FP:0, FN:0, Loss:0.000427, Accuracy:1.000000, F1:1.000000
Tue, 23 Jan 2018 15:42:18 INFO [Test] Epoch:193, TP:28, TN:18, FP:4, FN:10, Loss:1.559855, Accuracy:0.766667, F1:0.800000
Tue, 23 Jan 2018 15:42:46 INFO [Train] Epoch:194, TP:177, TN:59, FP:0, FN:4, Loss:0.074014, Accuracy:0.983333, F1:0.988827
Tue, 23 Jan 2018 15:42:48 INFO [Test] Epoch:194, TP:27, TN:16, FP:4, FN:13, Loss:0.540913, Accuracy:0.716667, F1:0.760563
Tue, 23 Jan 2018 15:43:16 INFO [Train] Epoch:195, TP:179, TN:61, FP:0, FN:0, Loss:0.009813, Accuracy:1.000000, F1:1.000000
Tue, 23 Jan 2018 15:43:18 INFO [Test] Epoch:195, TP:38, TN:11, FP:5, FN:6, Loss:0.449915, Accuracy:0.816667, F1:0.873563
Tue, 23 Jan 2018 15:43:46 INFO [Train] Epoch:196, TP:180, TN:60, FP:0, FN:0, Loss:0.000149, Accuracy:1.000000, F1:1.000000
Tue, 23 Jan 2018 15:43:48 INFO [Test] Epoch:196, TP:42, TN:8, FP:9, FN:1, Loss:0.490895, Accuracy:0.833333, F1:0.893617
Tue, 23 Jan 2018 15:44:17 INFO [Train] Epoch:197, TP:179, TN:61, FP:0, FN:0, Loss:0.000056, Accuracy:1.000000, F1:1.000000
Tue, 23 Jan 2018 15:44:18 INFO [Test] Epoch:197, TP:41, TN:5, FP:13, FN:1, Loss:0.797831, Accuracy:0.766667, F1:0.854167
Tue, 23 Jan 2018 15:44:47 INFO [Train] Epoch:198, TP:181, TN:59, FP:0, FN:0, Loss:0.000930, Accuracy:1.000000, F1:1.000000
Tue, 23 Jan 2018 15:44:49 INFO [Test] Epoch:198, TP:31, TN:18, FP:3, FN:8, Loss:0.835339, Accuracy:0.816667, F1:0.849315
Tue, 23 Jan 2018 15:45:17 INFO [Train] Epoch:199, TP:182, TN:58, FP:0, FN:0, Loss:0.000309, Accuracy:1.000000, F1:1.000000
Tue, 23 Jan 2018 15:45:19 INFO [Test] Epoch:199, TP:39, TN:12, FP:8, FN:1, Loss:1.421412, Accuracy:0.850000, F1:0.896552
