Sun, 21 Jan 2018 11:46:00 WARNING From /usr/local/lib/python3.6/dist-packages/tensorflow/contrib/training/python/training/training.py:412: get_or_create_global_step (from tensorflow.contrib.framework.python.ops.variables) is deprecated and will be removed in a future version.
Instructions for updating:
Please switch to tf.train.get_or_create_global_step
Sun, 21 Jan 2018 11:46:00 INFO 
=====Config====
model_name = Epilepsy_3D_CNN  
is_training = True      
max_epoch = 200
gpu_num = 1
num_classes = 2
batch_size = 1
image_shape = (61, 73, 61, 2)
plot_batch = 25
dropout_keep_prob = 0.5
train_data_path = tfdata/cnn_tfdata/epilepsy_cnn_train.tfrecords
train_data_length = 240
test_data_path = tfdata/cnn_tfdata/epilepsy_cnn_test.tfrecords
test_data_length = 60
logger_path = logs/Epilepsy_3D_CNN_2018-01-21 11:45:59.log
save_model_path = saved_models/epilepsy_3d_cnn_2018-01-21 11:45:59/
=====Config====

Sun, 21 Jan 2018 11:46:09 INFO [Train] Epoch:0, TP:180, TN:0, FP:60, FN:0, Loss:17.283007, Accuracy:0.750000
Sun, 21 Jan 2018 11:46:10 INFO [Test] Epoch:0, TP:40, TN:0, FP:20, FN:0, Loss:24.690035, Accuracy:0.666667
Sun, 21 Jan 2018 11:46:18 INFO [Train] Epoch:1, TP:176, TN:2, FP:62, FN:0, Loss:6.605293, Accuracy:0.741667
Sun, 21 Jan 2018 11:46:19 INFO [Test] Epoch:1, TP:37, TN:0, FP:23, FN:0, Loss:12.017385, Accuracy:0.616667
Sun, 21 Jan 2018 11:46:26 INFO [Train] Epoch:2, TP:165, TN:36, FP:27, FN:12, Loss:0.866284, Accuracy:0.837500
Sun, 21 Jan 2018 11:46:27 INFO [Test] Epoch:2, TP:46, TN:7, FP:7, FN:0, Loss:1.015126, Accuracy:0.883333
Sun, 21 Jan 2018 11:46:35 INFO [Train] Epoch:3, TP:182, TN:15, FP:42, FN:1, Loss:1.671836, Accuracy:0.820833
Sun, 21 Jan 2018 11:46:35 INFO [Test] Epoch:3, TP:42, TN:1, FP:17, FN:0, Loss:3.711000, Accuracy:0.716667
Sun, 21 Jan 2018 11:46:43 INFO [Train] Epoch:4, TP:180, TN:22, FP:37, FN:1, Loss:1.423014, Accuracy:0.841667
Sun, 21 Jan 2018 11:46:44 INFO [Test] Epoch:4, TP:41, TN:4, FP:15, FN:0, Loss:3.445756, Accuracy:0.750000
Sun, 21 Jan 2018 11:46:52 INFO [Train] Epoch:5, TP:108, TN:62, FP:2, FN:68, Loss:1.414618, Accuracy:0.708333
Sun, 21 Jan 2018 11:46:52 INFO [Test] Epoch:5, TP:28, TN:12, FP:6, FN:14, Loss:1.202498, Accuracy:0.666667
Sun, 21 Jan 2018 11:47:00 INFO [Train] Epoch:6, TP:122, TN:56, FP:3, FN:59, Loss:1.107581, Accuracy:0.741667
Sun, 21 Jan 2018 11:47:01 INFO [Test] Epoch:6, TP:25, TN:18, FP:3, FN:14, Loss:1.006713, Accuracy:0.716667
Sun, 21 Jan 2018 11:47:08 INFO [Train] Epoch:7, TP:179, TN:0, FP:61, FN:0, Loss:3.869710, Accuracy:0.745833
Sun, 21 Jan 2018 11:47:09 INFO [Test] Epoch:7, TP:42, TN:0, FP:18, FN:0, Loss:6.493625, Accuracy:0.700000
Sun, 21 Jan 2018 11:47:17 INFO [Train] Epoch:8, TP:116, TN:62, FP:0, FN:62, Loss:1.117568, Accuracy:0.741667
Sun, 21 Jan 2018 11:47:17 INFO [Test] Epoch:8, TP:31, TN:14, FP:4, FN:11, Loss:1.335924, Accuracy:0.750000
Sun, 21 Jan 2018 11:47:25 INFO [Train] Epoch:9, TP:178, TN:48, FP:12, FN:2, Loss:0.190447, Accuracy:0.941667
Sun, 21 Jan 2018 11:47:26 INFO [Test] Epoch:9, TP:38, TN:12, FP:7, FN:3, Loss:0.706710, Accuracy:0.833333
Sun, 21 Jan 2018 11:47:34 INFO [Train] Epoch:10, TP:177, TN:40, FP:22, FN:1, Loss:0.333751, Accuracy:0.904167
Sun, 21 Jan 2018 11:47:34 INFO [Test] Epoch:10, TP:38, TN:3, FP:19, FN:0, Loss:2.291659, Accuracy:0.683333
Sun, 21 Jan 2018 11:47:42 INFO [Train] Epoch:11, TP:172, TN:56, FP:3, FN:9, Loss:0.131357, Accuracy:0.950000
Sun, 21 Jan 2018 11:47:43 INFO [Test] Epoch:11, TP:35, TN:10, FP:7, FN:8, Loss:0.932797, Accuracy:0.750000
Sun, 21 Jan 2018 11:47:51 INFO [Train] Epoch:12, TP:180, TN:49, FP:9, FN:2, Loss:0.105989, Accuracy:0.954167
Sun, 21 Jan 2018 11:47:51 INFO [Test] Epoch:12, TP:39, TN:7, FP:12, FN:2, Loss:0.689885, Accuracy:0.766667
Sun, 21 Jan 2018 11:47:59 INFO [Train] Epoch:13, TP:178, TN:50, FP:8, FN:4, Loss:0.137686, Accuracy:0.950000
Sun, 21 Jan 2018 11:48:00 INFO [Test] Epoch:13, TP:41, TN:7, FP:11, FN:1, Loss:1.137275, Accuracy:0.800000
Sun, 21 Jan 2018 11:48:07 INFO [Train] Epoch:14, TP:175, TN:23, FP:42, FN:0, Loss:0.601782, Accuracy:0.825000
Sun, 21 Jan 2018 11:48:08 INFO [Test] Epoch:14, TP:40, TN:0, FP:20, FN:0, Loss:2.013235, Accuracy:0.666667
Sun, 21 Jan 2018 11:48:16 INFO [Train] Epoch:15, TP:179, TN:54, FP:5, FN:2, Loss:0.068232, Accuracy:0.970833
Sun, 21 Jan 2018 11:48:16 INFO [Test] Epoch:15, TP:35, TN:12, FP:9, FN:4, Loss:0.742763, Accuracy:0.783333
Sun, 21 Jan 2018 11:48:24 INFO [Train] Epoch:16, TP:176, TN:14, FP:50, FN:0, Loss:0.902345, Accuracy:0.791667
Sun, 21 Jan 2018 11:48:25 INFO [Test] Epoch:16, TP:40, TN:1, FP:19, FN:0, Loss:3.611057, Accuracy:0.683333
Sun, 21 Jan 2018 11:48:33 INFO [Train] Epoch:17, TP:177, TN:56, FP:7, FN:0, Loss:0.071665, Accuracy:0.970833
Sun, 21 Jan 2018 11:48:33 INFO [Test] Epoch:17, TP:40, TN:4, FP:15, FN:1, Loss:1.030882, Accuracy:0.733333
Sun, 21 Jan 2018 11:48:41 INFO [Train] Epoch:18, TP:174, TN:60, FP:1, FN:5, Loss:0.044201, Accuracy:0.975000
Sun, 21 Jan 2018 11:48:42 INFO [Test] Epoch:18, TP:40, TN:5, FP:14, FN:1, Loss:0.753257, Accuracy:0.750000
Sun, 21 Jan 2018 11:48:49 INFO [Train] Epoch:19, TP:180, TN:52, FP:8, FN:0, Loss:0.092146, Accuracy:0.966667
Sun, 21 Jan 2018 11:48:50 INFO [Test] Epoch:19, TP:35, TN:5, FP:16, FN:4, Loss:1.436023, Accuracy:0.666667
Sun, 21 Jan 2018 11:48:58 INFO [Train] Epoch:20, TP:175, TN:50, FP:15, FN:0, Loss:0.159996, Accuracy:0.937500
Sun, 21 Jan 2018 11:48:58 INFO [Test] Epoch:20, TP:44, TN:3, FP:13, FN:0, Loss:1.367292, Accuracy:0.783333
Sun, 21 Jan 2018 11:49:06 INFO [Train] Epoch:21, TP:181, TN:38, FP:21, FN:0, Loss:0.299083, Accuracy:0.912500
Sun, 21 Jan 2018 11:49:07 INFO [Test] Epoch:21, TP:43, TN:4, FP:13, FN:0, Loss:1.478181, Accuracy:0.783333
Sun, 21 Jan 2018 11:49:15 INFO [Train] Epoch:22, TP:161, TN:65, FP:0, FN:14, Loss:0.145514, Accuracy:0.941667
Sun, 21 Jan 2018 11:49:15 INFO [Test] Epoch:22, TP:36, TN:15, FP:5, FN:4, Loss:0.602566, Accuracy:0.850000
Sun, 21 Jan 2018 11:49:23 INFO [Train] Epoch:23, TP:177, TN:57, FP:5, FN:1, Loss:0.095659, Accuracy:0.975000
Sun, 21 Jan 2018 11:49:24 INFO [Test] Epoch:23, TP:46, TN:4, FP:9, FN:1, Loss:0.784709, Accuracy:0.833333
Sun, 21 Jan 2018 11:49:31 INFO [Train] Epoch:24, TP:168, TN:62, FP:0, FN:10, Loss:0.067557, Accuracy:0.958333
Sun, 21 Jan 2018 11:49:32 INFO [Test] Epoch:24, TP:41, TN:9, FP:9, FN:1, Loss:0.797220, Accuracy:0.833333
Sun, 21 Jan 2018 11:49:40 INFO [Train] Epoch:25, TP:183, TN:44, FP:13, FN:0, Loss:0.146502, Accuracy:0.945833
Sun, 21 Jan 2018 11:49:40 INFO [Test] Epoch:25, TP:40, TN:3, FP:17, FN:0, Loss:2.146657, Accuracy:0.716667
Sun, 21 Jan 2018 11:49:48 INFO [Train] Epoch:26, TP:180, TN:59, FP:1, FN:0, Loss:0.019610, Accuracy:0.995833
Sun, 21 Jan 2018 11:49:49 INFO [Test] Epoch:26, TP:37, TN:10, FP:12, FN:1, Loss:0.691518, Accuracy:0.783333
Sun, 21 Jan 2018 11:49:57 INFO [Train] Epoch:27, TP:180, TN:57, FP:3, FN:0, Loss:0.035805, Accuracy:0.987500
Sun, 21 Jan 2018 11:49:57 INFO [Test] Epoch:27, TP:37, TN:1, FP:22, FN:0, Loss:1.686730, Accuracy:0.633333
Sun, 21 Jan 2018 11:50:05 INFO [Train] Epoch:28, TP:177, TN:63, FP:0, FN:0, Loss:0.012266, Accuracy:1.000000
Sun, 21 Jan 2018 11:50:06 INFO [Test] Epoch:28, TP:40, TN:9, FP:8, FN:3, Loss:0.864501, Accuracy:0.816667
Sun, 21 Jan 2018 11:50:13 INFO [Train] Epoch:29, TP:178, TN:59, FP:0, FN:3, Loss:0.038680, Accuracy:0.987500
Sun, 21 Jan 2018 11:50:14 INFO [Test] Epoch:29, TP:39, TN:14, FP:5, FN:2, Loss:0.647350, Accuracy:0.883333
Sun, 21 Jan 2018 11:50:22 INFO [Train] Epoch:30, TP:178, TN:55, FP:7, FN:0, Loss:0.072228, Accuracy:0.970833
Sun, 21 Jan 2018 11:50:23 INFO [Test] Epoch:30, TP:37, TN:8, FP:14, FN:1, Loss:1.613523, Accuracy:0.750000
Sun, 21 Jan 2018 11:50:30 INFO [Train] Epoch:31, TP:176, TN:53, FP:11, FN:0, Loss:0.100216, Accuracy:0.954167
Sun, 21 Jan 2018 11:50:31 INFO [Test] Epoch:31, TP:42, TN:3, FP:15, FN:0, Loss:1.970060, Accuracy:0.750000
Sun, 21 Jan 2018 11:50:39 INFO [Train] Epoch:32, TP:179, TN:61, FP:0, FN:0, Loss:0.004506, Accuracy:1.000000
Sun, 21 Jan 2018 11:50:39 INFO [Test] Epoch:32, TP:42, TN:6, FP:9, FN:3, Loss:0.714625, Accuracy:0.800000
Sun, 21 Jan 2018 11:50:47 INFO [Train] Epoch:33, TP:183, TN:56, FP:0, FN:1, Loss:0.014130, Accuracy:0.995833
Sun, 21 Jan 2018 11:50:48 INFO [Test] Epoch:33, TP:38, TN:11, FP:9, FN:2, Loss:1.220373, Accuracy:0.816667
Sun, 21 Jan 2018 11:50:56 INFO [Train] Epoch:34, TP:176, TN:64, FP:0, FN:0, Loss:0.006008, Accuracy:1.000000
Sun, 21 Jan 2018 11:50:56 INFO [Test] Epoch:34, TP:38, TN:16, FP:5, FN:1, Loss:0.485371, Accuracy:0.900000
Sun, 21 Jan 2018 11:51:04 INFO [Train] Epoch:35, TP:176, TN:64, FP:0, FN:0, Loss:0.003706, Accuracy:1.000000
Sun, 21 Jan 2018 11:51:05 INFO [Test] Epoch:35, TP:39, TN:3, FP:16, FN:2, Loss:1.586329, Accuracy:0.700000
Sun, 21 Jan 2018 11:51:13 INFO [Train] Epoch:36, TP:173, TN:66, FP:1, FN:0, Loss:0.008090, Accuracy:0.995833
Sun, 21 Jan 2018 11:51:13 INFO [Test] Epoch:36, TP:45, TN:5, FP:9, FN:1, Loss:1.007087, Accuracy:0.833333
Sun, 21 Jan 2018 11:51:21 INFO [Train] Epoch:37, TP:177, TN:63, FP:0, FN:0, Loss:0.002200, Accuracy:1.000000
Sun, 21 Jan 2018 11:51:22 INFO [Test] Epoch:37, TP:37, TN:8, FP:14, FN:1, Loss:0.840710, Accuracy:0.750000
Sun, 21 Jan 2018 11:51:29 INFO [Train] Epoch:38, TP:176, TN:63, FP:1, FN:0, Loss:0.015204, Accuracy:0.995833
Sun, 21 Jan 2018 11:51:30 INFO [Test] Epoch:38, TP:41, TN:5, FP:14, FN:0, Loss:2.007315, Accuracy:0.766667
Sun, 21 Jan 2018 11:51:38 INFO [Train] Epoch:39, TP:174, TN:66, FP:0, FN:0, Loss:0.001983, Accuracy:1.000000
Sun, 21 Jan 2018 11:51:38 INFO [Test] Epoch:39, TP:37, TN:6, FP:16, FN:1, Loss:1.528101, Accuracy:0.716667
Sun, 21 Jan 2018 11:51:46 INFO [Train] Epoch:40, TP:178, TN:62, FP:0, FN:0, Loss:0.001542, Accuracy:1.000000
Sun, 21 Jan 2018 11:51:47 INFO [Test] Epoch:40, TP:42, TN:10, FP:8, FN:0, Loss:0.937445, Accuracy:0.866667
Sun, 21 Jan 2018 11:51:55 INFO [Train] Epoch:41, TP:176, TN:64, FP:0, FN:0, Loss:0.002414, Accuracy:1.000000
Sun, 21 Jan 2018 11:51:55 INFO [Test] Epoch:41, TP:37, TN:4, FP:17, FN:2, Loss:1.858605, Accuracy:0.683333
Sun, 21 Jan 2018 11:52:03 INFO [Train] Epoch:42, TP:174, TN:66, FP:0, FN:0, Loss:0.010481, Accuracy:1.000000
Sun, 21 Jan 2018 11:52:04 INFO [Test] Epoch:42, TP:40, TN:4, FP:16, FN:0, Loss:2.140684, Accuracy:0.733333
Sun, 21 Jan 2018 11:52:12 INFO [Train] Epoch:43, TP:178, TN:62, FP:0, FN:0, Loss:0.000366, Accuracy:1.000000
Sun, 21 Jan 2018 11:52:12 INFO [Test] Epoch:43, TP:43, TN:6, FP:10, FN:1, Loss:0.635516, Accuracy:0.816667
Sun, 21 Jan 2018 11:52:20 INFO [Train] Epoch:44, TP:183, TN:57, FP:0, FN:0, Loss:0.000349, Accuracy:1.000000
Sun, 21 Jan 2018 11:52:21 INFO [Test] Epoch:44, TP:42, TN:8, FP:10, FN:0, Loss:0.971503, Accuracy:0.833333
Sun, 21 Jan 2018 11:52:28 INFO [Train] Epoch:45, TP:177, TN:63, FP:0, FN:0, Loss:0.000381, Accuracy:1.000000
Sun, 21 Jan 2018 11:52:29 INFO [Test] Epoch:45, TP:35, TN:10, FP:12, FN:3, Loss:1.208193, Accuracy:0.750000
Sun, 21 Jan 2018 11:52:37 INFO [Train] Epoch:46, TP:182, TN:58, FP:0, FN:0, Loss:0.000271, Accuracy:1.000000
Sun, 21 Jan 2018 11:52:37 INFO [Test] Epoch:46, TP:44, TN:6, FP:9, FN:1, Loss:0.828739, Accuracy:0.833333
Sun, 21 Jan 2018 11:52:45 INFO [Train] Epoch:47, TP:179, TN:61, FP:0, FN:0, Loss:0.001781, Accuracy:1.000000
Sun, 21 Jan 2018 11:52:46 INFO [Test] Epoch:47, TP:40, TN:4, FP:15, FN:1, Loss:1.905078, Accuracy:0.733333
Sun, 21 Jan 2018 11:52:54 INFO [Train] Epoch:48, TP:180, TN:60, FP:0, FN:0, Loss:0.000780, Accuracy:1.000000
Sun, 21 Jan 2018 11:52:54 INFO [Test] Epoch:48, TP:36, TN:5, FP:16, FN:3, Loss:1.233743, Accuracy:0.683333
Sun, 21 Jan 2018 11:53:02 INFO [Train] Epoch:49, TP:172, TN:68, FP:0, FN:0, Loss:0.000649, Accuracy:1.000000
Sun, 21 Jan 2018 11:53:03 INFO [Test] Epoch:49, TP:41, TN:10, FP:7, FN:2, Loss:0.943624, Accuracy:0.850000
Sun, 21 Jan 2018 11:53:11 INFO [Train] Epoch:50, TP:177, TN:61, FP:0, FN:2, Loss:0.020168, Accuracy:0.991667
Sun, 21 Jan 2018 11:53:11 INFO [Test] Epoch:50, TP:40, TN:15, FP:4, FN:1, Loss:0.552596, Accuracy:0.916667
Sun, 21 Jan 2018 11:53:19 INFO [Train] Epoch:51, TP:175, TN:65, FP:0, FN:0, Loss:0.000530, Accuracy:1.000000
Sun, 21 Jan 2018 11:53:20 INFO [Test] Epoch:51, TP:40, TN:9, FP:11, FN:0, Loss:1.548100, Accuracy:0.816667
Sun, 21 Jan 2018 11:53:28 INFO [Train] Epoch:52, TP:184, TN:56, FP:0, FN:0, Loss:0.000585, Accuracy:1.000000
Sun, 21 Jan 2018 11:53:28 INFO [Test] Epoch:52, TP:39, TN:12, FP:8, FN:1, Loss:0.988239, Accuracy:0.850000
Sun, 21 Jan 2018 11:53:36 INFO [Train] Epoch:53, TP:178, TN:62, FP:0, FN:0, Loss:0.000749, Accuracy:1.000000
Sun, 21 Jan 2018 11:53:37 INFO [Test] Epoch:53, TP:39, TN:5, FP:16, FN:0, Loss:1.590194, Accuracy:0.733333
Sun, 21 Jan 2018 11:53:45 INFO [Train] Epoch:54, TP:178, TN:62, FP:0, FN:0, Loss:0.004764, Accuracy:1.000000
Sun, 21 Jan 2018 11:53:45 INFO [Test] Epoch:54, TP:39, TN:13, FP:5, FN:3, Loss:0.780638, Accuracy:0.866667
Sun, 21 Jan 2018 11:53:53 INFO [Train] Epoch:55, TP:178, TN:62, FP:0, FN:0, Loss:0.010590, Accuracy:1.000000
Sun, 21 Jan 2018 11:53:54 INFO [Test] Epoch:55, TP:38, TN:13, FP:5, FN:4, Loss:1.297390, Accuracy:0.850000
Sun, 21 Jan 2018 11:54:02 INFO [Train] Epoch:56, TP:173, TN:67, FP:0, FN:0, Loss:0.000725, Accuracy:1.000000
Sun, 21 Jan 2018 11:54:02 INFO [Test] Epoch:56, TP:35, TN:13, FP:10, FN:2, Loss:1.277052, Accuracy:0.800000
Sun, 21 Jan 2018 11:54:10 INFO [Train] Epoch:57, TP:177, TN:63, FP:0, FN:0, Loss:0.007337, Accuracy:1.000000
Sun, 21 Jan 2018 11:54:11 INFO [Test] Epoch:57, TP:42, TN:3, FP:15, FN:0, Loss:2.273299, Accuracy:0.750000
Sun, 21 Jan 2018 11:54:18 INFO [Train] Epoch:58, TP:180, TN:59, FP:0, FN:1, Loss:0.004575, Accuracy:0.995833
Sun, 21 Jan 2018 11:54:19 INFO [Test] Epoch:58, TP:40, TN:12, FP:7, FN:1, Loss:0.745359, Accuracy:0.866667
Sun, 21 Jan 2018 11:54:27 INFO [Train] Epoch:59, TP:173, TN:67, FP:0, FN:0, Loss:0.000350, Accuracy:1.000000
Sun, 21 Jan 2018 11:54:27 INFO [Test] Epoch:59, TP:43, TN:6, FP:9, FN:2, Loss:1.671615, Accuracy:0.816667
Sun, 21 Jan 2018 11:54:35 INFO [Train] Epoch:60, TP:176, TN:64, FP:0, FN:0, Loss:0.000890, Accuracy:1.000000
Sun, 21 Jan 2018 11:54:36 INFO [Test] Epoch:60, TP:39, TN:8, FP:12, FN:1, Loss:1.493456, Accuracy:0.783333
Sun, 21 Jan 2018 11:54:44 INFO [Train] Epoch:61, TP:176, TN:64, FP:0, FN:0, Loss:0.000876, Accuracy:1.000000
Sun, 21 Jan 2018 11:54:44 INFO [Test] Epoch:61, TP:43, TN:7, FP:9, FN:1, Loss:0.901081, Accuracy:0.833333
Sun, 21 Jan 2018 11:54:52 INFO [Train] Epoch:62, TP:178, TN:62, FP:0, FN:0, Loss:0.000679, Accuracy:1.000000
Sun, 21 Jan 2018 11:54:53 INFO [Test] Epoch:62, TP:37, TN:10, FP:9, FN:4, Loss:1.784319, Accuracy:0.783333
Sun, 21 Jan 2018 11:55:01 INFO [Train] Epoch:63, TP:180, TN:59, FP:1, FN:0, Loss:0.016587, Accuracy:0.995833
Sun, 21 Jan 2018 11:55:01 INFO [Test] Epoch:63, TP:42, TN:2, FP:16, FN:0, Loss:3.627981, Accuracy:0.733333
Sun, 21 Jan 2018 11:55:09 INFO [Train] Epoch:64, TP:179, TN:61, FP:0, FN:0, Loss:0.000534, Accuracy:1.000000
Sun, 21 Jan 2018 11:55:10 INFO [Test] Epoch:64, TP:35, TN:15, FP:7, FN:3, Loss:1.123551, Accuracy:0.833333
Sun, 21 Jan 2018 11:55:17 INFO [Train] Epoch:65, TP:181, TN:59, FP:0, FN:0, Loss:0.003333, Accuracy:1.000000
Sun, 21 Jan 2018 11:55:18 INFO [Test] Epoch:65, TP:37, TN:18, FP:3, FN:2, Loss:1.158651, Accuracy:0.916667
Sun, 21 Jan 2018 11:55:26 INFO [Train] Epoch:66, TP:175, TN:65, FP:0, FN:0, Loss:0.000014, Accuracy:1.000000
Sun, 21 Jan 2018 11:55:26 INFO [Test] Epoch:66, TP:39, TN:11, FP:9, FN:1, Loss:0.838303, Accuracy:0.833333
Sun, 21 Jan 2018 11:55:34 INFO [Train] Epoch:67, TP:179, TN:61, FP:0, FN:0, Loss:0.000181, Accuracy:1.000000
Sun, 21 Jan 2018 11:55:35 INFO [Test] Epoch:67, TP:42, TN:4, FP:13, FN:1, Loss:2.529160, Accuracy:0.766667
Sun, 21 Jan 2018 11:55:42 INFO [Train] Epoch:68, TP:175, TN:65, FP:0, FN:0, Loss:0.000063, Accuracy:1.000000
Sun, 21 Jan 2018 11:55:43 INFO [Test] Epoch:68, TP:42, TN:8, FP:10, FN:0, Loss:1.766603, Accuracy:0.833333
Sun, 21 Jan 2018 11:55:51 INFO [Train] Epoch:69, TP:174, TN:66, FP:0, FN:0, Loss:0.000657, Accuracy:1.000000
Sun, 21 Jan 2018 11:55:51 INFO [Test] Epoch:69, TP:36, TN:13, FP:8, FN:3, Loss:1.684500, Accuracy:0.816667
Sun, 21 Jan 2018 11:55:59 INFO [Train] Epoch:70, TP:176, TN:64, FP:0, FN:0, Loss:0.000013, Accuracy:1.000000
Sun, 21 Jan 2018 11:56:00 INFO [Test] Epoch:70, TP:39, TN:10, FP:11, FN:0, Loss:1.237343, Accuracy:0.816667
Sun, 21 Jan 2018 11:56:08 INFO [Train] Epoch:71, TP:181, TN:59, FP:0, FN:0, Loss:0.000489, Accuracy:1.000000
Sun, 21 Jan 2018 11:56:08 INFO [Test] Epoch:71, TP:43, TN:2, FP:15, FN:0, Loss:2.622933, Accuracy:0.750000
Sun, 21 Jan 2018 11:56:16 INFO [Train] Epoch:72, TP:180, TN:60, FP:0, FN:0, Loss:0.000008, Accuracy:1.000000
Sun, 21 Jan 2018 11:56:16 INFO [Test] Epoch:72, TP:39, TN:6, FP:11, FN:4, Loss:1.983262, Accuracy:0.750000
Sun, 21 Jan 2018 11:56:24 INFO [Train] Epoch:73, TP:181, TN:59, FP:0, FN:0, Loss:0.000017, Accuracy:1.000000
Sun, 21 Jan 2018 11:56:25 INFO [Test] Epoch:73, TP:40, TN:8, FP:10, FN:2, Loss:1.352535, Accuracy:0.800000
Sun, 21 Jan 2018 11:56:33 INFO [Train] Epoch:74, TP:177, TN:63, FP:0, FN:0, Loss:0.000012, Accuracy:1.000000
Sun, 21 Jan 2018 11:56:33 INFO [Test] Epoch:74, TP:40, TN:4, FP:15, FN:1, Loss:2.177452, Accuracy:0.733333
Sun, 21 Jan 2018 11:56:41 INFO [Train] Epoch:75, TP:182, TN:58, FP:0, FN:0, Loss:0.000009, Accuracy:1.000000
Sun, 21 Jan 2018 11:56:42 INFO [Test] Epoch:75, TP:36, TN:7, FP:15, FN:2, Loss:1.536980, Accuracy:0.716667
Sun, 21 Jan 2018 11:56:49 INFO [Train] Epoch:76, TP:180, TN:60, FP:0, FN:0, Loss:0.002054, Accuracy:1.000000
Sun, 21 Jan 2018 11:56:50 INFO [Test] Epoch:76, TP:44, TN:3, FP:13, FN:0, Loss:3.070868, Accuracy:0.783333
Sun, 21 Jan 2018 11:56:58 INFO [Train] Epoch:77, TP:179, TN:61, FP:0, FN:0, Loss:0.000009, Accuracy:1.000000
Sun, 21 Jan 2018 11:56:58 INFO [Test] Epoch:77, TP:38, TN:9, FP:10, FN:3, Loss:2.086395, Accuracy:0.783333
Sun, 21 Jan 2018 11:57:06 INFO [Train] Epoch:78, TP:180, TN:60, FP:0, FN:0, Loss:0.000004, Accuracy:1.000000
Sun, 21 Jan 2018 11:57:07 INFO [Test] Epoch:78, TP:40, TN:7, FP:12, FN:1, Loss:1.926968, Accuracy:0.783333
Sun, 21 Jan 2018 11:57:14 INFO [Train] Epoch:79, TP:178, TN:62, FP:0, FN:0, Loss:0.000003, Accuracy:1.000000
Sun, 21 Jan 2018 11:57:15 INFO [Test] Epoch:79, TP:34, TN:9, FP:13, FN:4, Loss:1.720965, Accuracy:0.716667
Sun, 21 Jan 2018 11:57:23 INFO [Train] Epoch:80, TP:180, TN:60, FP:0, FN:0, Loss:0.000144, Accuracy:1.000000
Sun, 21 Jan 2018 11:57:23 INFO [Test] Epoch:80, TP:42, TN:5, FP:12, FN:1, Loss:2.276360, Accuracy:0.783333
Sun, 21 Jan 2018 11:57:31 INFO [Train] Epoch:81, TP:177, TN:63, FP:0, FN:0, Loss:0.000017, Accuracy:1.000000
Sun, 21 Jan 2018 11:57:32 INFO [Test] Epoch:81, TP:36, TN:6, FP:17, FN:1, Loss:2.330654, Accuracy:0.700000
Sun, 21 Jan 2018 11:57:40 INFO [Train] Epoch:82, TP:174, TN:66, FP:0, FN:0, Loss:0.000130, Accuracy:1.000000
Sun, 21 Jan 2018 11:57:40 INFO [Test] Epoch:82, TP:44, TN:5, FP:11, FN:0, Loss:2.333266, Accuracy:0.816667
Sun, 21 Jan 2018 11:57:48 INFO [Train] Epoch:83, TP:184, TN:56, FP:0, FN:0, Loss:0.004618, Accuracy:1.000000
Sun, 21 Jan 2018 11:57:48 INFO [Test] Epoch:83, TP:40, TN:14, FP:1, FN:5, Loss:1.425541, Accuracy:0.900000
Sun, 21 Jan 2018 11:57:56 INFO [Train] Epoch:84, TP:175, TN:65, FP:0, FN:0, Loss:0.000015, Accuracy:1.000000
Sun, 21 Jan 2018 11:57:57 INFO [Test] Epoch:84, TP:35, TN:6, FP:18, FN:1, Loss:3.672103, Accuracy:0.683333
Sun, 21 Jan 2018 11:58:05 INFO [Train] Epoch:85, TP:184, TN:56, FP:0, FN:0, Loss:0.000013, Accuracy:1.000000
Sun, 21 Jan 2018 11:58:05 INFO [Test] Epoch:85, TP:41, TN:8, FP:9, FN:2, Loss:1.633674, Accuracy:0.816667
Sun, 21 Jan 2018 11:58:13 INFO [Train] Epoch:86, TP:181, TN:59, FP:0, FN:0, Loss:0.002278, Accuracy:1.000000
Sun, 21 Jan 2018 11:58:13 INFO [Test] Epoch:86, TP:38, TN:6, FP:15, FN:1, Loss:2.239311, Accuracy:0.733333
Sun, 21 Jan 2018 11:58:21 INFO [Train] Epoch:87, TP:178, TN:62, FP:0, FN:0, Loss:0.000016, Accuracy:1.000000
Sun, 21 Jan 2018 11:58:22 INFO [Test] Epoch:87, TP:41, TN:7, FP:10, FN:2, Loss:1.408948, Accuracy:0.800000
Sun, 21 Jan 2018 11:58:30 INFO [Train] Epoch:88, TP:179, TN:61, FP:0, FN:0, Loss:0.000129, Accuracy:1.000000
Sun, 21 Jan 2018 11:58:30 INFO [Test] Epoch:88, TP:45, TN:2, FP:13, FN:0, Loss:2.121947, Accuracy:0.783333
Sun, 21 Jan 2018 11:58:38 INFO [Train] Epoch:89, TP:178, TN:62, FP:0, FN:0, Loss:0.000004, Accuracy:1.000000
Sun, 21 Jan 2018 11:58:39 INFO [Test] Epoch:89, TP:35, TN:7, FP:16, FN:2, Loss:2.661524, Accuracy:0.700000
Sun, 21 Jan 2018 11:58:46 INFO [Train] Epoch:90, TP:181, TN:59, FP:0, FN:0, Loss:0.000005, Accuracy:1.000000
Sun, 21 Jan 2018 11:58:47 INFO [Test] Epoch:90, TP:39, TN:9, FP:10, FN:2, Loss:1.151229, Accuracy:0.800000
Sun, 21 Jan 2018 11:58:55 INFO [Train] Epoch:91, TP:181, TN:59, FP:0, FN:0, Loss:0.000003, Accuracy:1.000000
Sun, 21 Jan 2018 11:58:55 INFO [Test] Epoch:91, TP:40, TN:5, FP:13, FN:2, Loss:0.912788, Accuracy:0.750000
Sun, 21 Jan 2018 11:59:03 INFO [Train] Epoch:92, TP:176, TN:64, FP:0, FN:0, Loss:0.000030, Accuracy:1.000000
Sun, 21 Jan 2018 11:59:04 INFO [Test] Epoch:92, TP:37, TN:11, FP:10, FN:2, Loss:1.979263, Accuracy:0.800000
Sun, 21 Jan 2018 11:59:11 INFO [Train] Epoch:93, TP:176, TN:64, FP:0, FN:0, Loss:0.000006, Accuracy:1.000000
Sun, 21 Jan 2018 11:59:12 INFO [Test] Epoch:93, TP:42, TN:5, FP:12, FN:1, Loss:2.312539, Accuracy:0.783333
Sun, 21 Jan 2018 11:59:20 INFO [Train] Epoch:94, TP:177, TN:63, FP:0, FN:0, Loss:0.000004, Accuracy:1.000000
Sun, 21 Jan 2018 11:59:20 INFO [Test] Epoch:94, TP:38, TN:9, FP:12, FN:1, Loss:1.204247, Accuracy:0.783333
Sun, 21 Jan 2018 11:59:28 INFO [Train] Epoch:95, TP:177, TN:63, FP:0, FN:0, Loss:0.000296, Accuracy:1.000000
Sun, 21 Jan 2018 11:59:29 INFO [Test] Epoch:95, TP:41, TN:5, FP:14, FN:0, Loss:2.406457, Accuracy:0.766667
Sun, 21 Jan 2018 11:59:36 INFO [Train] Epoch:96, TP:176, TN:64, FP:0, FN:0, Loss:0.000052, Accuracy:1.000000
Sun, 21 Jan 2018 11:59:37 INFO [Test] Epoch:96, TP:41, TN:5, FP:14, FN:0, Loss:3.011520, Accuracy:0.766667
Sun, 21 Jan 2018 11:59:45 INFO [Train] Epoch:97, TP:177, TN:63, FP:0, FN:0, Loss:0.000004, Accuracy:1.000000
Sun, 21 Jan 2018 11:59:45 INFO [Test] Epoch:97, TP:42, TN:3, FP:13, FN:2, Loss:2.450190, Accuracy:0.750000
Sun, 21 Jan 2018 11:59:53 INFO [Train] Epoch:98, TP:178, TN:62, FP:0, FN:0, Loss:0.001264, Accuracy:1.000000
Sun, 21 Jan 2018 11:59:54 INFO [Test] Epoch:98, TP:37, TN:6, FP:17, FN:0, Loss:4.362047, Accuracy:0.716667
Sun, 21 Jan 2018 12:00:01 INFO [Train] Epoch:99, TP:173, TN:67, FP:0, FN:0, Loss:0.000001, Accuracy:1.000000
Sun, 21 Jan 2018 12:00:02 INFO [Test] Epoch:99, TP:39, TN:3, FP:16, FN:2, Loss:2.128546, Accuracy:0.700000
Sun, 21 Jan 2018 12:00:10 INFO [Train] Epoch:100, TP:180, TN:60, FP:0, FN:0, Loss:0.000066, Accuracy:1.000000
Sun, 21 Jan 2018 12:00:10 INFO [Test] Epoch:100, TP:42, TN:4, FP:13, FN:1, Loss:2.272901, Accuracy:0.766667
Sun, 21 Jan 2018 12:00:18 INFO [Train] Epoch:101, TP:183, TN:57, FP:0, FN:0, Loss:0.001777, Accuracy:1.000000
Sun, 21 Jan 2018 12:00:19 INFO [Test] Epoch:101, TP:30, TN:15, FP:8, FN:7, Loss:1.857508, Accuracy:0.750000
Sun, 21 Jan 2018 12:00:26 INFO [Train] Epoch:102, TP:180, TN:60, FP:0, FN:0, Loss:0.000001, Accuracy:1.000000
Sun, 21 Jan 2018 12:00:27 INFO [Test] Epoch:102, TP:42, TN:9, FP:8, FN:1, Loss:1.607321, Accuracy:0.850000
Sun, 21 Jan 2018 12:00:35 INFO [Train] Epoch:103, TP:180, TN:60, FP:0, FN:0, Loss:0.000105, Accuracy:1.000000
Sun, 21 Jan 2018 12:00:35 INFO [Test] Epoch:103, TP:40, TN:6, FP:12, FN:2, Loss:2.281035, Accuracy:0.766667
Sun, 21 Jan 2018 12:00:43 INFO [Train] Epoch:104, TP:177, TN:63, FP:0, FN:0, Loss:0.000000, Accuracy:1.000000
Sun, 21 Jan 2018 12:00:44 INFO [Test] Epoch:104, TP:41, TN:5, FP:14, FN:0, Loss:2.572575, Accuracy:0.766667
Sun, 21 Jan 2018 12:00:51 INFO [Train] Epoch:105, TP:179, TN:61, FP:0, FN:0, Loss:0.000000, Accuracy:1.000000
Sun, 21 Jan 2018 12:00:52 INFO [Test] Epoch:105, TP:42, TN:8, FP:7, FN:3, Loss:1.625494, Accuracy:0.833333
Sun, 21 Jan 2018 12:01:00 INFO [Train] Epoch:106, TP:181, TN:59, FP:0, FN:0, Loss:0.000024, Accuracy:1.000000
Sun, 21 Jan 2018 12:01:00 INFO [Test] Epoch:106, TP:35, TN:12, FP:12, FN:1, Loss:1.655843, Accuracy:0.783333
Sun, 21 Jan 2018 12:01:08 INFO [Train] Epoch:107, TP:183, TN:57, FP:0, FN:0, Loss:0.000175, Accuracy:1.000000
Sun, 21 Jan 2018 12:01:09 INFO [Test] Epoch:107, TP:42, TN:4, FP:14, FN:0, Loss:2.748353, Accuracy:0.766667
Sun, 21 Jan 2018 12:01:17 INFO [Train] Epoch:108, TP:175, TN:65, FP:0, FN:0, Loss:0.000002, Accuracy:1.000000
Sun, 21 Jan 2018 12:01:17 INFO [Test] Epoch:108, TP:43, TN:6, FP:10, FN:1, Loss:1.716926, Accuracy:0.816667
Sun, 21 Jan 2018 12:01:25 INFO [Train] Epoch:109, TP:186, TN:53, FP:1, FN:0, Loss:0.004570, Accuracy:0.995833
Sun, 21 Jan 2018 12:01:26 INFO [Test] Epoch:109, TP:37, TN:5, FP:18, FN:0, Loss:4.539427, Accuracy:0.700000
Sun, 21 Jan 2018 12:01:33 INFO [Train] Epoch:110, TP:177, TN:63, FP:0, FN:0, Loss:0.000009, Accuracy:1.000000
Sun, 21 Jan 2018 12:01:34 INFO [Test] Epoch:110, TP:40, TN:6, FP:12, FN:2, Loss:1.560988, Accuracy:0.766667
Sun, 21 Jan 2018 12:01:42 INFO [Train] Epoch:111, TP:176, TN:64, FP:0, FN:0, Loss:0.000144, Accuracy:1.000000
Sun, 21 Jan 2018 12:01:42 INFO [Test] Epoch:111, TP:40, TN:2, FP:18, FN:0, Loss:4.269591, Accuracy:0.700000
Sun, 21 Jan 2018 12:01:50 INFO [Train] Epoch:112, TP:177, TN:63, FP:0, FN:0, Loss:0.000219, Accuracy:1.000000
Sun, 21 Jan 2018 12:01:51 INFO [Test] Epoch:112, TP:41, TN:13, FP:3, FN:3, Loss:1.001706, Accuracy:0.900000
Sun, 21 Jan 2018 12:01:58 INFO [Train] Epoch:113, TP:172, TN:68, FP:0, FN:0, Loss:0.000025, Accuracy:1.000000
Sun, 21 Jan 2018 12:01:59 INFO [Test] Epoch:113, TP:32, TN:6, FP:21, FN:1, Loss:4.733792, Accuracy:0.633333
Sun, 21 Jan 2018 12:02:07 INFO [Train] Epoch:114, TP:178, TN:62, FP:0, FN:0, Loss:0.000000, Accuracy:1.000000
Sun, 21 Jan 2018 12:02:07 INFO [Test] Epoch:114, TP:45, TN:4, FP:10, FN:1, Loss:2.185499, Accuracy:0.816667
Sun, 21 Jan 2018 12:02:15 INFO [Train] Epoch:115, TP:175, TN:65, FP:0, FN:0, Loss:0.000026, Accuracy:1.000000
Sun, 21 Jan 2018 12:02:16 INFO [Test] Epoch:115, TP:42, TN:6, FP:11, FN:1, Loss:1.956069, Accuracy:0.800000
Sun, 21 Jan 2018 12:02:24 INFO [Train] Epoch:116, TP:181, TN:59, FP:0, FN:0, Loss:0.000000, Accuracy:1.000000
Sun, 21 Jan 2018 12:02:24 INFO [Test] Epoch:116, TP:38, TN:7, FP:13, FN:2, Loss:1.772529, Accuracy:0.750000
Sun, 21 Jan 2018 12:02:32 INFO [Train] Epoch:117, TP:181, TN:59, FP:0, FN:0, Loss:0.000001, Accuracy:1.000000
Sun, 21 Jan 2018 12:02:33 INFO [Test] Epoch:117, TP:38, TN:5, FP:16, FN:1, Loss:2.538805, Accuracy:0.716667
Sun, 21 Jan 2018 12:02:41 INFO [Train] Epoch:118, TP:176, TN:64, FP:0, FN:0, Loss:0.000012, Accuracy:1.000000
Sun, 21 Jan 2018 12:02:41 INFO [Test] Epoch:118, TP:42, TN:8, FP:9, FN:1, Loss:1.882114, Accuracy:0.833333
Sun, 21 Jan 2018 12:02:49 INFO [Train] Epoch:119, TP:178, TN:62, FP:0, FN:0, Loss:0.000000, Accuracy:1.000000
Sun, 21 Jan 2018 12:02:50 INFO [Test] Epoch:119, TP:41, TN:6, FP:12, FN:1, Loss:1.981526, Accuracy:0.783333
Sun, 21 Jan 2018 12:02:57 INFO [Train] Epoch:120, TP:176, TN:64, FP:0, FN:0, Loss:0.000004, Accuracy:1.000000
Sun, 21 Jan 2018 12:02:58 INFO [Test] Epoch:120, TP:42, TN:8, FP:8, FN:2, Loss:1.603358, Accuracy:0.833333
Sun, 21 Jan 2018 12:03:06 INFO [Train] Epoch:121, TP:178, TN:62, FP:0, FN:0, Loss:0.000002, Accuracy:1.000000
Sun, 21 Jan 2018 12:03:06 INFO [Test] Epoch:121, TP:35, TN:4, FP:18, FN:3, Loss:3.010581, Accuracy:0.650000
Sun, 21 Jan 2018 12:03:14 INFO [Train] Epoch:122, TP:180, TN:60, FP:0, FN:0, Loss:0.000004, Accuracy:1.000000
Sun, 21 Jan 2018 12:03:15 INFO [Test] Epoch:122, TP:42, TN:4, FP:12, FN:2, Loss:2.502176, Accuracy:0.766667
Sun, 21 Jan 2018 12:03:23 INFO [Train] Epoch:123, TP:180, TN:60, FP:0, FN:0, Loss:0.000000, Accuracy:1.000000
Sun, 21 Jan 2018 12:03:23 INFO [Test] Epoch:123, TP:39, TN:7, FP:14, FN:0, Loss:3.385435, Accuracy:0.766667
Sun, 21 Jan 2018 12:03:31 INFO [Train] Epoch:124, TP:178, TN:62, FP:0, FN:0, Loss:0.000008, Accuracy:1.000000
Sun, 21 Jan 2018 12:03:31 INFO [Test] Epoch:124, TP:42, TN:5, FP:13, FN:0, Loss:3.237073, Accuracy:0.783333
Sun, 21 Jan 2018 12:03:39 INFO [Train] Epoch:125, TP:176, TN:64, FP:0, FN:0, Loss:0.000009, Accuracy:1.000000
Sun, 21 Jan 2018 12:03:40 INFO [Test] Epoch:125, TP:40, TN:12, FP:6, FN:2, Loss:1.542158, Accuracy:0.866667
Sun, 21 Jan 2018 12:03:48 INFO [Train] Epoch:126, TP:173, TN:67, FP:0, FN:0, Loss:0.000000, Accuracy:1.000000
Sun, 21 Jan 2018 12:03:48 INFO [Test] Epoch:126, TP:38, TN:9, FP:11, FN:2, Loss:2.234674, Accuracy:0.783333
Sun, 21 Jan 2018 12:03:56 INFO [Train] Epoch:127, TP:175, TN:65, FP:0, FN:0, Loss:0.000000, Accuracy:1.000000
Sun, 21 Jan 2018 12:03:56 INFO [Test] Epoch:127, TP:37, TN:8, FP:13, FN:2, Loss:2.096587, Accuracy:0.750000
Sun, 21 Jan 2018 12:04:04 INFO [Train] Epoch:128, TP:176, TN:64, FP:0, FN:0, Loss:0.000001, Accuracy:1.000000
Sun, 21 Jan 2018 12:04:05 INFO [Test] Epoch:128, TP:38, TN:12, FP:8, FN:2, Loss:1.243742, Accuracy:0.833333
Sun, 21 Jan 2018 12:04:13 INFO [Train] Epoch:129, TP:177, TN:63, FP:0, FN:0, Loss:0.000000, Accuracy:1.000000
Sun, 21 Jan 2018 12:04:13 INFO [Test] Epoch:129, TP:41, TN:4, FP:14, FN:1, Loss:3.419907, Accuracy:0.750000
Sun, 21 Jan 2018 12:04:21 INFO [Train] Epoch:130, TP:175, TN:65, FP:0, FN:0, Loss:0.000000, Accuracy:1.000000
Sun, 21 Jan 2018 12:04:22 INFO [Test] Epoch:130, TP:38, TN:8, FP:12, FN:2, Loss:1.387844, Accuracy:0.766667
Sun, 21 Jan 2018 12:04:29 INFO [Train] Epoch:131, TP:179, TN:61, FP:0, FN:0, Loss:0.000000, Accuracy:1.000000
Sun, 21 Jan 2018 12:04:30 INFO [Test] Epoch:131, TP:40, TN:6, FP:13, FN:1, Loss:2.700012, Accuracy:0.766667
Sun, 21 Jan 2018 12:04:38 INFO [Train] Epoch:132, TP:178, TN:62, FP:0, FN:0, Loss:0.000000, Accuracy:1.000000
Sun, 21 Jan 2018 12:04:38 INFO [Test] Epoch:132, TP:42, TN:3, FP:15, FN:0, Loss:2.735759, Accuracy:0.750000
Sun, 21 Jan 2018 12:04:46 INFO [Train] Epoch:133, TP:180, TN:60, FP:0, FN:0, Loss:0.000000, Accuracy:1.000000
Sun, 21 Jan 2018 12:04:47 INFO [Test] Epoch:133, TP:37, TN:7, FP:11, FN:5, Loss:2.371598, Accuracy:0.733333
Sun, 21 Jan 2018 12:04:54 INFO [Train] Epoch:134, TP:178, TN:62, FP:0, FN:0, Loss:0.000035, Accuracy:1.000000
Sun, 21 Jan 2018 12:04:55 INFO [Test] Epoch:134, TP:39, TN:5, FP:13, FN:3, Loss:3.405270, Accuracy:0.733333
Sun, 21 Jan 2018 12:05:03 INFO [Train] Epoch:135, TP:182, TN:58, FP:0, FN:0, Loss:0.000001, Accuracy:1.000000
Sun, 21 Jan 2018 12:05:03 INFO [Test] Epoch:135, TP:39, TN:13, FP:6, FN:2, Loss:2.069228, Accuracy:0.866667
Sun, 21 Jan 2018 12:05:11 INFO [Train] Epoch:136, TP:182, TN:58, FP:0, FN:0, Loss:0.000005, Accuracy:1.000000
Sun, 21 Jan 2018 12:05:12 INFO [Test] Epoch:136, TP:38, TN:3, FP:19, FN:0, Loss:4.503023, Accuracy:0.683333
Sun, 21 Jan 2018 12:05:20 INFO [Train] Epoch:137, TP:176, TN:64, FP:0, FN:0, Loss:0.000000, Accuracy:1.000000
Sun, 21 Jan 2018 12:05:20 INFO [Test] Epoch:137, TP:39, TN:10, FP:10, FN:1, Loss:1.351046, Accuracy:0.816667
Sun, 21 Jan 2018 12:05:28 INFO [Train] Epoch:138, TP:185, TN:55, FP:0, FN:0, Loss:0.000000, Accuracy:1.000000
Sun, 21 Jan 2018 12:05:28 INFO [Test] Epoch:138, TP:42, TN:6, FP:11, FN:1, Loss:1.648550, Accuracy:0.800000
Sun, 21 Jan 2018 12:05:36 INFO [Train] Epoch:139, TP:179, TN:61, FP:0, FN:0, Loss:0.000002, Accuracy:1.000000
Sun, 21 Jan 2018 12:05:37 INFO [Test] Epoch:139, TP:40, TN:5, FP:15, FN:0, Loss:3.022400, Accuracy:0.750000
Sun, 21 Jan 2018 12:05:45 INFO [Train] Epoch:140, TP:176, TN:64, FP:0, FN:0, Loss:0.000018, Accuracy:1.000000
Sun, 21 Jan 2018 12:05:45 INFO [Test] Epoch:140, TP:42, TN:4, FP:14, FN:0, Loss:3.950841, Accuracy:0.766667
Sun, 21 Jan 2018 12:05:53 INFO [Train] Epoch:141, TP:180, TN:60, FP:0, FN:0, Loss:0.000000, Accuracy:1.000000
Sun, 21 Jan 2018 12:05:54 INFO [Test] Epoch:141, TP:36, TN:4, FP:17, FN:3, Loss:3.474441, Accuracy:0.666667
Sun, 21 Jan 2018 12:06:01 INFO [Train] Epoch:142, TP:180, TN:60, FP:0, FN:0, Loss:0.000000, Accuracy:1.000000
Sun, 21 Jan 2018 12:06:02 INFO [Test] Epoch:142, TP:42, TN:11, FP:6, FN:1, Loss:1.457914, Accuracy:0.883333
Sun, 21 Jan 2018 12:06:10 INFO [Train] Epoch:143, TP:180, TN:60, FP:0, FN:0, Loss:0.000000, Accuracy:1.000000
Sun, 21 Jan 2018 12:06:10 INFO [Test] Epoch:143, TP:36, TN:6, FP:16, FN:2, Loss:3.269442, Accuracy:0.700000
Sun, 21 Jan 2018 12:06:18 INFO [Train] Epoch:144, TP:181, TN:59, FP:0, FN:0, Loss:0.000001, Accuracy:1.000000
Sun, 21 Jan 2018 12:06:19 INFO [Test] Epoch:144, TP:41, TN:4, FP:14, FN:1, Loss:3.829383, Accuracy:0.750000
Sun, 21 Jan 2018 12:06:27 INFO [Train] Epoch:145, TP:179, TN:61, FP:0, FN:0, Loss:0.000000, Accuracy:1.000000
Sun, 21 Jan 2018 12:06:27 INFO [Test] Epoch:145, TP:42, TN:5, FP:10, FN:3, Loss:1.596798, Accuracy:0.783333
Sun, 21 Jan 2018 12:06:35 INFO [Train] Epoch:146, TP:173, TN:67, FP:0, FN:0, Loss:0.000000, Accuracy:1.000000
Sun, 21 Jan 2018 12:06:36 INFO [Test] Epoch:146, TP:37, TN:11, FP:11, FN:1, Loss:2.610801, Accuracy:0.800000
Sun, 21 Jan 2018 12:06:43 INFO [Train] Epoch:147, TP:177, TN:63, FP:0, FN:0, Loss:0.000000, Accuracy:1.000000
Sun, 21 Jan 2018 12:06:44 INFO [Test] Epoch:147, TP:37, TN:3, FP:17, FN:3, Loss:3.213622, Accuracy:0.666667
Sun, 21 Jan 2018 12:06:52 INFO [Train] Epoch:148, TP:182, TN:58, FP:0, FN:0, Loss:0.000000, Accuracy:1.000000
Sun, 21 Jan 2018 12:06:53 INFO [Test] Epoch:148, TP:41, TN:7, FP:11, FN:1, Loss:2.000123, Accuracy:0.800000
Sun, 21 Jan 2018 12:07:00 INFO [Train] Epoch:149, TP:178, TN:62, FP:0, FN:0, Loss:0.000001, Accuracy:1.000000
Sun, 21 Jan 2018 12:07:01 INFO [Test] Epoch:149, TP:41, TN:6, FP:13, FN:0, Loss:3.650079, Accuracy:0.783333
Sun, 21 Jan 2018 12:07:09 INFO [Train] Epoch:150, TP:180, TN:60, FP:0, FN:0, Loss:0.000000, Accuracy:1.000000
Sun, 21 Jan 2018 12:07:09 INFO [Test] Epoch:150, TP:36, TN:3, FP:17, FN:4, Loss:2.963459, Accuracy:0.650000
Sun, 21 Jan 2018 12:07:17 INFO [Train] Epoch:151, TP:179, TN:61, FP:0, FN:0, Loss:0.000000, Accuracy:1.000000
Sun, 21 Jan 2018 12:07:18 INFO [Test] Epoch:151, TP:46, TN:6, FP:6, FN:2, Loss:1.550673, Accuracy:0.866667
Sun, 21 Jan 2018 12:07:25 INFO [Train] Epoch:152, TP:180, TN:60, FP:0, FN:0, Loss:0.000000, Accuracy:1.000000
Sun, 21 Jan 2018 12:07:26 INFO [Test] Epoch:152, TP:40, TN:2, FP:18, FN:0, Loss:4.671601, Accuracy:0.700000
Sun, 21 Jan 2018 12:07:34 INFO [Train] Epoch:153, TP:177, TN:63, FP:0, FN:0, Loss:0.000000, Accuracy:1.000000
Sun, 21 Jan 2018 12:07:34 INFO [Test] Epoch:153, TP:36, TN:11, FP:12, FN:1, Loss:2.232412, Accuracy:0.783333
Sun, 21 Jan 2018 12:07:42 INFO [Train] Epoch:154, TP:177, TN:63, FP:0, FN:0, Loss:0.000000, Accuracy:1.000000
Sun, 21 Jan 2018 12:07:43 INFO [Test] Epoch:154, TP:39, TN:2, FP:16, FN:3, Loss:4.362566, Accuracy:0.683333
Sun, 21 Jan 2018 12:07:51 INFO [Train] Epoch:155, TP:175, TN:65, FP:0, FN:0, Loss:0.000000, Accuracy:1.000000
Sun, 21 Jan 2018 12:07:51 INFO [Test] Epoch:155, TP:42, TN:10, FP:7, FN:1, Loss:1.812003, Accuracy:0.866667
Sun, 21 Jan 2018 12:07:59 INFO [Train] Epoch:156, TP:182, TN:58, FP:0, FN:0, Loss:0.000001, Accuracy:1.000000
Sun, 21 Jan 2018 12:08:00 INFO [Test] Epoch:156, TP:40, TN:3, FP:16, FN:1, Loss:3.604877, Accuracy:0.716667
Sun, 21 Jan 2018 12:08:07 INFO [Train] Epoch:157, TP:174, TN:66, FP:0, FN:0, Loss:0.000000, Accuracy:1.000000
Sun, 21 Jan 2018 12:08:08 INFO [Test] Epoch:157, TP:38, TN:9, FP:13, FN:0, Loss:3.771591, Accuracy:0.783333
Sun, 21 Jan 2018 12:08:16 INFO [Train] Epoch:158, TP:183, TN:57, FP:0, FN:0, Loss:0.000000, Accuracy:1.000000
Sun, 21 Jan 2018 12:08:16 INFO [Test] Epoch:158, TP:40, TN:8, FP:12, FN:0, Loss:2.922547, Accuracy:0.800000
Sun, 21 Jan 2018 12:08:24 INFO [Train] Epoch:159, TP:179, TN:61, FP:0, FN:0, Loss:0.000000, Accuracy:1.000000
Sun, 21 Jan 2018 12:08:25 INFO [Test] Epoch:159, TP:38, TN:7, FP:11, FN:4, Loss:2.008311, Accuracy:0.750000
Sun, 21 Jan 2018 12:08:33 INFO [Train] Epoch:160, TP:179, TN:61, FP:0, FN:0, Loss:0.000000, Accuracy:1.000000
Sun, 21 Jan 2018 12:08:33 INFO [Test] Epoch:160, TP:42, TN:5, FP:12, FN:1, Loss:2.193649, Accuracy:0.783333
Sun, 21 Jan 2018 12:08:41 INFO [Train] Epoch:161, TP:177, TN:63, FP:0, FN:0, Loss:0.000000, Accuracy:1.000000
Sun, 21 Jan 2018 12:08:42 INFO [Test] Epoch:161, TP:37, TN:6, FP:14, FN:3, Loss:4.031089, Accuracy:0.716667
Sun, 21 Jan 2018 12:08:49 INFO [Train] Epoch:162, TP:175, TN:65, FP:0, FN:0, Loss:0.000000, Accuracy:1.000000
Sun, 21 Jan 2018 12:08:50 INFO [Test] Epoch:162, TP:33, TN:7, FP:17, FN:3, Loss:5.099675, Accuracy:0.666667
Sun, 21 Jan 2018 12:08:58 INFO [Train] Epoch:163, TP:179, TN:61, FP:0, FN:0, Loss:0.000000, Accuracy:1.000000
Sun, 21 Jan 2018 12:08:58 INFO [Test] Epoch:163, TP:44, TN:12, FP:3, FN:1, Loss:0.472075, Accuracy:0.933333
Sun, 21 Jan 2018 12:09:06 INFO [Train] Epoch:164, TP:181, TN:59, FP:0, FN:0, Loss:0.000000, Accuracy:1.000000
Sun, 21 Jan 2018 12:09:07 INFO [Test] Epoch:164, TP:41, TN:9, FP:8, FN:2, Loss:2.755153, Accuracy:0.833333
Sun, 21 Jan 2018 12:09:15 INFO [Train] Epoch:165, TP:177, TN:63, FP:0, FN:0, Loss:0.000000, Accuracy:1.000000
Sun, 21 Jan 2018 12:09:15 INFO [Test] Epoch:165, TP:37, TN:6, FP:16, FN:1, Loss:3.563565, Accuracy:0.716667
Sun, 21 Jan 2018 12:09:23 INFO [Train] Epoch:166, TP:181, TN:59, FP:0, FN:0, Loss:0.000000, Accuracy:1.000000
Sun, 21 Jan 2018 12:09:24 INFO [Test] Epoch:166, TP:41, TN:4, FP:12, FN:3, Loss:2.927109, Accuracy:0.750000
Sun, 21 Jan 2018 12:09:32 INFO [Train] Epoch:167, TP:177, TN:63, FP:0, FN:0, Loss:0.000000, Accuracy:1.000000
Sun, 21 Jan 2018 12:09:32 INFO [Test] Epoch:167, TP:43, TN:9, FP:6, FN:2, Loss:1.297261, Accuracy:0.866667
Sun, 21 Jan 2018 12:09:40 INFO [Train] Epoch:168, TP:172, TN:68, FP:0, FN:0, Loss:0.000000, Accuracy:1.000000
Sun, 21 Jan 2018 12:09:41 INFO [Test] Epoch:168, TP:30, TN:9, FP:20, FN:1, Loss:4.399924, Accuracy:0.650000
Sun, 21 Jan 2018 12:09:48 INFO [Train] Epoch:169, TP:179, TN:61, FP:0, FN:0, Loss:0.000000, Accuracy:1.000000
Sun, 21 Jan 2018 12:09:49 INFO [Test] Epoch:169, TP:42, TN:9, FP:6, FN:3, Loss:1.742616, Accuracy:0.850000
Sun, 21 Jan 2018 12:09:57 INFO [Train] Epoch:170, TP:175, TN:65, FP:0, FN:0, Loss:0.000000, Accuracy:1.000000
Sun, 21 Jan 2018 12:09:57 INFO [Test] Epoch:170, TP:37, TN:10, FP:12, FN:1, Loss:3.335090, Accuracy:0.783333
Sun, 21 Jan 2018 12:10:05 INFO [Train] Epoch:171, TP:177, TN:63, FP:0, FN:0, Loss:0.000000, Accuracy:1.000000
Sun, 21 Jan 2018 12:10:06 INFO [Test] Epoch:171, TP:41, TN:6, FP:10, FN:3, Loss:1.519255, Accuracy:0.783333
Sun, 21 Jan 2018 12:10:14 INFO [Train] Epoch:172, TP:178, TN:62, FP:0, FN:0, Loss:0.000000, Accuracy:1.000000
Sun, 21 Jan 2018 12:10:14 INFO [Test] Epoch:172, TP:39, TN:10, FP:10, FN:1, Loss:1.943265, Accuracy:0.816667
Sun, 21 Jan 2018 12:10:22 INFO [Train] Epoch:173, TP:181, TN:59, FP:0, FN:0, Loss:0.000260, Accuracy:1.000000
Sun, 21 Jan 2018 12:10:23 INFO [Test] Epoch:173, TP:40, TN:2, FP:18, FN:0, Loss:5.456478, Accuracy:0.700000
Sun, 21 Jan 2018 12:10:30 INFO [Train] Epoch:174, TP:180, TN:60, FP:0, FN:0, Loss:0.000000, Accuracy:1.000000
Sun, 21 Jan 2018 12:10:31 INFO [Test] Epoch:174, TP:38, TN:9, FP:12, FN:1, Loss:2.745636, Accuracy:0.783333
Sun, 21 Jan 2018 12:10:39 INFO [Train] Epoch:175, TP:176, TN:64, FP:0, FN:0, Loss:0.000000, Accuracy:1.000000
Sun, 21 Jan 2018 12:10:39 INFO [Test] Epoch:175, TP:41, TN:4, FP:12, FN:3, Loss:3.128673, Accuracy:0.750000
Sun, 21 Jan 2018 12:10:47 INFO [Train] Epoch:176, TP:175, TN:65, FP:0, FN:0, Loss:0.000000, Accuracy:1.000000
Sun, 21 Jan 2018 12:10:48 INFO [Test] Epoch:176, TP:42, TN:3, FP:14, FN:1, Loss:1.946384, Accuracy:0.750000
Sun, 21 Jan 2018 12:10:56 INFO [Train] Epoch:177, TP:176, TN:64, FP:0, FN:0, Loss:0.000000, Accuracy:1.000000
Sun, 21 Jan 2018 12:10:56 INFO [Test] Epoch:177, TP:40, TN:8, FP:8, FN:4, Loss:2.129572, Accuracy:0.800000
Sun, 21 Jan 2018 12:11:04 INFO [Train] Epoch:178, TP:181, TN:59, FP:0, FN:0, Loss:0.000000, Accuracy:1.000000
Sun, 21 Jan 2018 12:11:05 INFO [Test] Epoch:178, TP:38, TN:5, FP:17, FN:0, Loss:4.490741, Accuracy:0.716667
Sun, 21 Jan 2018 12:11:12 INFO [Train] Epoch:179, TP:182, TN:58, FP:0, FN:0, Loss:0.000001, Accuracy:1.000000
Sun, 21 Jan 2018 12:11:13 INFO [Test] Epoch:179, TP:41, TN:5, FP:14, FN:0, Loss:3.377683, Accuracy:0.766667
Sun, 21 Jan 2018 12:11:21 INFO [Train] Epoch:180, TP:176, TN:64, FP:0, FN:0, Loss:0.000000, Accuracy:1.000000
Sun, 21 Jan 2018 12:11:21 INFO [Test] Epoch:180, TP:39, TN:6, FP:14, FN:1, Loss:3.781761, Accuracy:0.750000
Sun, 21 Jan 2018 12:11:29 INFO [Train] Epoch:181, TP:177, TN:63, FP:0, FN:0, Loss:0.000000, Accuracy:1.000000
Sun, 21 Jan 2018 12:11:30 INFO [Test] Epoch:181, TP:40, TN:8, FP:11, FN:1, Loss:2.842159, Accuracy:0.800000
Sun, 21 Jan 2018 12:11:38 INFO [Train] Epoch:182, TP:180, TN:60, FP:0, FN:0, Loss:0.000000, Accuracy:1.000000
Sun, 21 Jan 2018 12:11:38 INFO [Test] Epoch:182, TP:33, TN:15, FP:9, FN:3, Loss:2.365153, Accuracy:0.800000
Sun, 21 Jan 2018 12:11:46 INFO [Train] Epoch:183, TP:179, TN:61, FP:0, FN:0, Loss:0.000000, Accuracy:1.000000
Sun, 21 Jan 2018 12:11:47 INFO [Test] Epoch:183, TP:43, TN:4, FP:12, FN:1, Loss:3.851738, Accuracy:0.783333
Sun, 21 Jan 2018 12:11:54 INFO [Train] Epoch:184, TP:177, TN:63, FP:0, FN:0, Loss:0.000000, Accuracy:1.000000
Sun, 21 Jan 2018 12:11:55 INFO [Test] Epoch:184, TP:39, TN:6, FP:12, FN:3, Loss:2.859555, Accuracy:0.750000
Sun, 21 Jan 2018 12:12:03 INFO [Train] Epoch:185, TP:179, TN:61, FP:0, FN:0, Loss:0.000000, Accuracy:1.000000
Sun, 21 Jan 2018 12:12:03 INFO [Test] Epoch:185, TP:39, TN:7, FP:12, FN:2, Loss:3.467880, Accuracy:0.766667
Sun, 21 Jan 2018 12:12:11 INFO [Train] Epoch:186, TP:182, TN:58, FP:0, FN:0, Loss:0.000000, Accuracy:1.000000
Sun, 21 Jan 2018 12:12:12 INFO [Test] Epoch:186, TP:39, TN:3, FP:16, FN:2, Loss:3.424494, Accuracy:0.700000
Sun, 21 Jan 2018 12:12:20 INFO [Train] Epoch:187, TP:176, TN:64, FP:0, FN:0, Loss:0.000000, Accuracy:1.000000
Sun, 21 Jan 2018 12:12:20 INFO [Test] Epoch:187, TP:39, TN:8, FP:11, FN:2, Loss:2.844048, Accuracy:0.783333
Sun, 21 Jan 2018 12:12:28 INFO [Train] Epoch:188, TP:178, TN:62, FP:0, FN:0, Loss:0.000000, Accuracy:1.000000
Sun, 21 Jan 2018 12:12:29 INFO [Test] Epoch:188, TP:40, TN:9, FP:9, FN:2, Loss:2.591872, Accuracy:0.816667
Sun, 21 Jan 2018 12:12:36 INFO [Train] Epoch:189, TP:173, TN:67, FP:0, FN:0, Loss:0.000000, Accuracy:1.000000
Sun, 21 Jan 2018 12:12:37 INFO [Test] Epoch:189, TP:40, TN:10, FP:8, FN:2, Loss:2.708362, Accuracy:0.833333
Sun, 21 Jan 2018 12:12:45 INFO [Train] Epoch:190, TP:179, TN:61, FP:0, FN:0, Loss:0.000000, Accuracy:1.000000
Sun, 21 Jan 2018 12:12:45 INFO [Test] Epoch:190, TP:37, TN:3, FP:19, FN:1, Loss:5.237699, Accuracy:0.666667
Sun, 21 Jan 2018 12:12:53 INFO [Train] Epoch:191, TP:179, TN:61, FP:0, FN:0, Loss:0.000001, Accuracy:1.000000
Sun, 21 Jan 2018 12:12:54 INFO [Test] Epoch:191, TP:45, TN:3, FP:12, FN:0, Loss:4.352015, Accuracy:0.800000
Sun, 21 Jan 2018 12:13:02 INFO [Train] Epoch:192, TP:178, TN:62, FP:0, FN:0, Loss:0.000004, Accuracy:1.000000
Sun, 21 Jan 2018 12:13:02 INFO [Test] Epoch:192, TP:38, TN:4, FP:18, FN:0, Loss:6.647040, Accuracy:0.700000
Sun, 21 Jan 2018 12:13:10 INFO [Train] Epoch:193, TP:176, TN:64, FP:0, FN:0, Loss:0.000000, Accuracy:1.000000
Sun, 21 Jan 2018 12:13:11 INFO [Test] Epoch:193, TP:41, TN:6, FP:12, FN:1, Loss:3.917740, Accuracy:0.783333
Sun, 21 Jan 2018 12:13:18 INFO [Train] Epoch:194, TP:180, TN:60, FP:0, FN:0, Loss:0.000000, Accuracy:1.000000
Sun, 21 Jan 2018 12:13:19 INFO [Test] Epoch:194, TP:42, TN:6, FP:12, FN:0, Loss:2.679330, Accuracy:0.800000
Sun, 21 Jan 2018 12:13:27 INFO [Train] Epoch:195, TP:178, TN:62, FP:0, FN:0, Loss:0.000000, Accuracy:1.000000
Sun, 21 Jan 2018 12:13:27 INFO [Test] Epoch:195, TP:35, TN:12, FP:10, FN:3, Loss:2.624578, Accuracy:0.783333
Sun, 21 Jan 2018 12:13:35 INFO [Train] Epoch:196, TP:178, TN:62, FP:0, FN:0, Loss:0.000000, Accuracy:1.000000
Sun, 21 Jan 2018 12:13:36 INFO [Test] Epoch:196, TP:46, TN:6, FP:8, FN:0, Loss:2.400563, Accuracy:0.866667
Sun, 21 Jan 2018 12:13:43 INFO [Train] Epoch:197, TP:182, TN:58, FP:0, FN:0, Loss:0.000000, Accuracy:1.000000
Sun, 21 Jan 2018 12:13:44 INFO [Test] Epoch:197, TP:39, TN:7, FP:12, FN:2, Loss:2.852704, Accuracy:0.766667
Sun, 21 Jan 2018 12:13:52 INFO [Train] Epoch:198, TP:178, TN:62, FP:0, FN:0, Loss:0.000000, Accuracy:1.000000
Sun, 21 Jan 2018 12:13:52 INFO [Test] Epoch:198, TP:36, TN:4, FP:20, FN:0, Loss:4.343513, Accuracy:0.666667
Sun, 21 Jan 2018 12:14:00 INFO [Train] Epoch:199, TP:181, TN:59, FP:0, FN:0, Loss:0.000000, Accuracy:1.000000
Sun, 21 Jan 2018 12:14:01 INFO [Test] Epoch:199, TP:35, TN:14, FP:9, FN:2, Loss:2.927740, Accuracy:0.816667
