Wed, 24 Jan 2018 21:02:13 INFO 
=====Config====
model_name = Shadow_Conv3d  
is_training = True      
max_epoch = 200
gpu_num = 1
lr = 0.5
num_classes = 2
batch_size = 4
image_shape = (61, 73, 61, 2)
plot_batch = 25
dropout_keep_prob = 0.8
train_data_path = tfdata/cnn_tfdata/epilepsy_cnn_train.tfrecords
train_data_length = 240
test_data_path = tfdata/cnn_tfdata/epilepsy_cnn_test.tfrecords
test_data_length = 60
logger_path = logs/Shadow_Conv3d_2018-01-24 21:02:12.log
save_model_path = saved_models/Shadow_Conv3d_2018-01-24 21:02:12/
=====Config====

Wed, 24 Jan 2018 21:02:33 INFO [Train] Epoch:0, TP:178, TN:5, FP:57, FN:0, Loss:0.761660, Accuracy:0.762500, F1:0.861985
Wed, 24 Jan 2018 21:02:33 INFO [Test] Epoch:0, TP:41, TN:1, FP:18, FN:0, Loss:1.486321, Accuracy:0.700000, F1:0.820000
Wed, 24 Jan 2018 21:02:38 INFO [Train] Epoch:1, TP:131, TN:58, FP:4, FN:47, Loss:0.424890, Accuracy:0.787500, F1:0.837061
Wed, 24 Jan 2018 21:02:39 INFO [Test] Epoch:1, TP:30, TN:12, FP:7, FN:11, Loss:0.559148, Accuracy:0.700000, F1:0.769231
Wed, 24 Jan 2018 21:02:43 INFO [Train] Epoch:2, TP:178, TN:1, FP:61, FN:0, Loss:1.288460, Accuracy:0.745833, F1:0.853717
Wed, 24 Jan 2018 21:02:44 INFO [Test] Epoch:2, TP:41, TN:0, FP:19, FN:0, Loss:2.038662, Accuracy:0.683333, F1:0.811881
Wed, 24 Jan 2018 21:02:56 INFO [Train] Epoch:3, TP:145, TN:62, FP:0, FN:33, Loss:0.360472, Accuracy:0.862500, F1:0.897833
Wed, 24 Jan 2018 21:02:57 INFO [Test] Epoch:3, TP:30, TN:13, FP:6, FN:11, Loss:0.524135, Accuracy:0.716667, F1:0.779221
Wed, 24 Jan 2018 21:03:01 INFO [Train] Epoch:4, TP:151, TN:62, FP:0, FN:27, Loss:0.313493, Accuracy:0.887500, F1:0.917933
Wed, 24 Jan 2018 21:03:02 INFO [Test] Epoch:4, TP:32, TN:13, FP:6, FN:9, Loss:0.506277, Accuracy:0.750000, F1:0.810127
Wed, 24 Jan 2018 21:03:06 INFO [Train] Epoch:5, TP:178, TN:30, FP:32, FN:0, Loss:0.213508, Accuracy:0.866667, F1:0.917526
Wed, 24 Jan 2018 21:03:07 INFO [Test] Epoch:5, TP:40, TN:2, FP:17, FN:1, Loss:0.732938, Accuracy:0.700000, F1:0.816327
Wed, 24 Jan 2018 21:03:11 INFO [Train] Epoch:6, TP:178, TN:58, FP:4, FN:0, Loss:0.124353, Accuracy:0.983333, F1:0.988889
Wed, 24 Jan 2018 21:03:12 INFO [Test] Epoch:6, TP:39, TN:7, FP:12, FN:2, Loss:0.509648, Accuracy:0.766667, F1:0.847826
Wed, 24 Jan 2018 21:03:17 INFO [Train] Epoch:7, TP:178, TN:38, FP:24, FN:0, Loss:0.194419, Accuracy:0.900000, F1:0.936842
Wed, 24 Jan 2018 21:03:17 INFO [Test] Epoch:7, TP:41, TN:2, FP:17, FN:0, Loss:0.833209, Accuracy:0.716667, F1:0.828283
Wed, 24 Jan 2018 21:03:22 INFO [Train] Epoch:8, TP:178, TN:57, FP:5, FN:0, Loss:0.097857, Accuracy:0.979167, F1:0.986150
Wed, 24 Jan 2018 21:03:22 INFO [Test] Epoch:8, TP:39, TN:6, FP:13, FN:2, Loss:0.589830, Accuracy:0.750000, F1:0.838710
Wed, 24 Jan 2018 21:03:27 INFO [Train] Epoch:9, TP:178, TN:41, FP:21, FN:0, Loss:0.155949, Accuracy:0.912500, F1:0.944297
Wed, 24 Jan 2018 21:03:27 INFO [Test] Epoch:9, TP:41, TN:2, FP:17, FN:0, Loss:0.878392, Accuracy:0.716667, F1:0.828283
Wed, 24 Jan 2018 21:03:32 INFO [Train] Epoch:10, TP:178, TN:45, FP:17, FN:0, Loss:0.159098, Accuracy:0.929167, F1:0.954424
Wed, 24 Jan 2018 21:03:32 INFO [Test] Epoch:10, TP:41, TN:2, FP:17, FN:0, Loss:0.985646, Accuracy:0.716667, F1:0.828283
Wed, 24 Jan 2018 21:03:37 INFO [Train] Epoch:11, TP:178, TN:58, FP:4, FN:0, Loss:0.073117, Accuracy:0.983333, F1:0.988889
Wed, 24 Jan 2018 21:03:37 INFO [Test] Epoch:11, TP:40, TN:5, FP:14, FN:1, Loss:0.733969, Accuracy:0.750000, F1:0.842105
Wed, 24 Jan 2018 21:03:42 INFO [Train] Epoch:12, TP:178, TN:62, FP:0, FN:0, Loss:0.038719, Accuracy:1.000000, F1:1.000000
Wed, 24 Jan 2018 21:03:42 INFO [Test] Epoch:12, TP:39, TN:7, FP:12, FN:2, Loss:0.589345, Accuracy:0.766667, F1:0.847826
Wed, 24 Jan 2018 21:03:47 INFO [Train] Epoch:13, TP:178, TN:62, FP:0, FN:0, Loss:0.072482, Accuracy:1.000000, F1:1.000000
Wed, 24 Jan 2018 21:03:48 INFO [Test] Epoch:13, TP:39, TN:11, FP:8, FN:2, Loss:0.385599, Accuracy:0.833333, F1:0.886364
Wed, 24 Jan 2018 21:03:52 INFO [Train] Epoch:14, TP:178, TN:51, FP:11, FN:0, Loss:0.093504, Accuracy:0.954167, F1:0.970027
Wed, 24 Jan 2018 21:03:53 INFO [Test] Epoch:14, TP:41, TN:2, FP:17, FN:0, Loss:1.015341, Accuracy:0.716667, F1:0.828283
Wed, 24 Jan 2018 21:03:57 INFO [Train] Epoch:15, TP:178, TN:54, FP:8, FN:0, Loss:0.061284, Accuracy:0.966667, F1:0.978022
Wed, 24 Jan 2018 21:03:58 INFO [Test] Epoch:15, TP:40, TN:4, FP:15, FN:1, Loss:0.904019, Accuracy:0.733333, F1:0.833333
Wed, 24 Jan 2018 21:04:03 INFO [Train] Epoch:16, TP:178, TN:61, FP:1, FN:0, Loss:0.028120, Accuracy:0.995833, F1:0.997199
Wed, 24 Jan 2018 21:04:03 INFO [Test] Epoch:16, TP:39, TN:4, FP:15, FN:2, Loss:0.742128, Accuracy:0.716667, F1:0.821053
Wed, 24 Jan 2018 21:04:15 INFO [Train] Epoch:17, TP:178, TN:62, FP:0, FN:0, Loss:0.014174, Accuracy:1.000000, F1:1.000000
Wed, 24 Jan 2018 21:04:15 INFO [Test] Epoch:17, TP:39, TN:8, FP:11, FN:2, Loss:0.548384, Accuracy:0.783333, F1:0.857143
Wed, 24 Jan 2018 21:04:28 INFO [Train] Epoch:18, TP:178, TN:62, FP:0, FN:0, Loss:0.011231, Accuracy:1.000000, F1:1.000000
Wed, 24 Jan 2018 21:04:29 INFO [Test] Epoch:18, TP:39, TN:6, FP:13, FN:2, Loss:0.539454, Accuracy:0.750000, F1:0.838710
Wed, 24 Jan 2018 21:04:33 INFO [Train] Epoch:19, TP:177, TN:62, FP:0, FN:1, Loss:0.020476, Accuracy:0.995833, F1:0.997183
Wed, 24 Jan 2018 21:04:34 INFO [Test] Epoch:19, TP:39, TN:10, FP:9, FN:2, Loss:0.448252, Accuracy:0.816667, F1:0.876404
Wed, 24 Jan 2018 21:04:38 INFO [Train] Epoch:20, TP:151, TN:62, FP:0, FN:27, Loss:0.243303, Accuracy:0.887500, F1:0.917933
Wed, 24 Jan 2018 21:04:39 INFO [Test] Epoch:20, TP:30, TN:18, FP:1, FN:11, Loss:0.648729, Accuracy:0.800000, F1:0.833333
Wed, 24 Jan 2018 21:04:43 INFO [Train] Epoch:21, TP:178, TN:62, FP:0, FN:0, Loss:0.005683, Accuracy:1.000000, F1:1.000000
Wed, 24 Jan 2018 21:04:44 INFO [Test] Epoch:21, TP:39, TN:8, FP:11, FN:2, Loss:0.533511, Accuracy:0.783333, F1:0.857143
Wed, 24 Jan 2018 21:04:49 INFO [Train] Epoch:22, TP:178, TN:62, FP:0, FN:0, Loss:0.005068, Accuracy:1.000000, F1:1.000000
Wed, 24 Jan 2018 21:04:49 INFO [Test] Epoch:22, TP:39, TN:6, FP:13, FN:2, Loss:0.721592, Accuracy:0.750000, F1:0.838710
Wed, 24 Jan 2018 21:04:54 INFO [Train] Epoch:23, TP:178, TN:62, FP:0, FN:0, Loss:0.004917, Accuracy:1.000000, F1:1.000000
Wed, 24 Jan 2018 21:04:54 INFO [Test] Epoch:23, TP:39, TN:8, FP:11, FN:2, Loss:0.599744, Accuracy:0.783333, F1:0.857143
Wed, 24 Jan 2018 21:04:59 INFO [Train] Epoch:24, TP:178, TN:62, FP:0, FN:0, Loss:0.003846, Accuracy:1.000000, F1:1.000000
Wed, 24 Jan 2018 21:04:59 INFO [Test] Epoch:24, TP:39, TN:7, FP:12, FN:2, Loss:0.682668, Accuracy:0.766667, F1:0.847826
Wed, 24 Jan 2018 21:05:04 INFO [Train] Epoch:25, TP:170, TN:62, FP:0, FN:8, Loss:0.120434, Accuracy:0.966667, F1:0.977011
Wed, 24 Jan 2018 21:05:04 INFO [Test] Epoch:25, TP:33, TN:17, FP:2, FN:8, Loss:0.527007, Accuracy:0.833333, F1:0.868421
Wed, 24 Jan 2018 21:05:09 INFO [Train] Epoch:26, TP:178, TN:62, FP:0, FN:0, Loss:0.003230, Accuracy:1.000000, F1:1.000000
Wed, 24 Jan 2018 21:05:09 INFO [Test] Epoch:26, TP:39, TN:5, FP:14, FN:2, Loss:0.976799, Accuracy:0.733333, F1:0.829787
Wed, 24 Jan 2018 21:05:14 INFO [Train] Epoch:27, TP:178, TN:62, FP:0, FN:0, Loss:0.008020, Accuracy:1.000000, F1:1.000000
Wed, 24 Jan 2018 21:05:14 INFO [Test] Epoch:27, TP:40, TN:4, FP:15, FN:1, Loss:1.168056, Accuracy:0.733333, F1:0.833333
Wed, 24 Jan 2018 21:05:19 INFO [Train] Epoch:28, TP:178, TN:62, FP:0, FN:0, Loss:0.004675, Accuracy:1.000000, F1:1.000000
Wed, 24 Jan 2018 21:05:19 INFO [Test] Epoch:28, TP:39, TN:4, FP:15, FN:2, Loss:1.111095, Accuracy:0.716667, F1:0.821053
Wed, 24 Jan 2018 21:05:24 INFO [Train] Epoch:29, TP:178, TN:62, FP:0, FN:0, Loss:0.002811, Accuracy:1.000000, F1:1.000000
Wed, 24 Jan 2018 21:05:24 INFO [Test] Epoch:29, TP:40, TN:3, FP:16, FN:1, Loss:1.131093, Accuracy:0.716667, F1:0.824742
Wed, 24 Jan 2018 21:05:29 INFO [Train] Epoch:30, TP:178, TN:62, FP:0, FN:0, Loss:0.007048, Accuracy:1.000000, F1:1.000000
Wed, 24 Jan 2018 21:05:30 INFO [Test] Epoch:30, TP:39, TN:13, FP:6, FN:2, Loss:0.515030, Accuracy:0.866667, F1:0.906977
Wed, 24 Jan 2018 21:05:34 INFO [Train] Epoch:31, TP:178, TN:62, FP:0, FN:0, Loss:0.001256, Accuracy:1.000000, F1:1.000000
Wed, 24 Jan 2018 21:05:35 INFO [Test] Epoch:31, TP:39, TN:7, FP:12, FN:2, Loss:0.898300, Accuracy:0.766667, F1:0.847826
Wed, 24 Jan 2018 21:05:39 INFO [Train] Epoch:32, TP:178, TN:62, FP:0, FN:0, Loss:0.001165, Accuracy:1.000000, F1:1.000000
Wed, 24 Jan 2018 21:05:40 INFO [Test] Epoch:32, TP:39, TN:5, FP:14, FN:2, Loss:1.027699, Accuracy:0.733333, F1:0.829787
Wed, 24 Jan 2018 21:05:45 INFO [Train] Epoch:33, TP:178, TN:62, FP:0, FN:0, Loss:0.001366, Accuracy:1.000000, F1:1.000000
Wed, 24 Jan 2018 21:05:45 INFO [Test] Epoch:33, TP:39, TN:7, FP:12, FN:2, Loss:0.750436, Accuracy:0.766667, F1:0.847826
Wed, 24 Jan 2018 21:05:50 INFO [Train] Epoch:34, TP:178, TN:62, FP:0, FN:0, Loss:0.005333, Accuracy:1.000000, F1:1.000000
Wed, 24 Jan 2018 21:05:50 INFO [Test] Epoch:34, TP:40, TN:4, FP:15, FN:1, Loss:1.305853, Accuracy:0.733333, F1:0.833333
Wed, 24 Jan 2018 21:05:55 INFO [Train] Epoch:35, TP:178, TN:62, FP:0, FN:0, Loss:0.000808, Accuracy:1.000000, F1:1.000000
Wed, 24 Jan 2018 21:05:55 INFO [Test] Epoch:35, TP:39, TN:6, FP:13, FN:2, Loss:1.017342, Accuracy:0.750000, F1:0.838710
Wed, 24 Jan 2018 21:06:00 INFO [Train] Epoch:36, TP:178, TN:62, FP:0, FN:0, Loss:0.001390, Accuracy:1.000000, F1:1.000000
Wed, 24 Jan 2018 21:06:00 INFO [Test] Epoch:36, TP:39, TN:9, FP:10, FN:2, Loss:0.629372, Accuracy:0.800000, F1:0.866667
Wed, 24 Jan 2018 21:06:05 INFO [Train] Epoch:37, TP:178, TN:62, FP:0, FN:0, Loss:0.000604, Accuracy:1.000000, F1:1.000000
Wed, 24 Jan 2018 21:06:05 INFO [Test] Epoch:37, TP:39, TN:7, FP:12, FN:2, Loss:0.930323, Accuracy:0.766667, F1:0.847826
Wed, 24 Jan 2018 21:06:10 INFO [Train] Epoch:38, TP:178, TN:62, FP:0, FN:0, Loss:0.000909, Accuracy:1.000000, F1:1.000000
Wed, 24 Jan 2018 21:06:10 INFO [Test] Epoch:38, TP:39, TN:8, FP:11, FN:2, Loss:0.687396, Accuracy:0.783333, F1:0.857143
Wed, 24 Jan 2018 21:06:15 INFO [Train] Epoch:39, TP:178, TN:62, FP:0, FN:0, Loss:0.000401, Accuracy:1.000000, F1:1.000000
Wed, 24 Jan 2018 21:06:15 INFO [Test] Epoch:39, TP:39, TN:7, FP:12, FN:2, Loss:0.928947, Accuracy:0.766667, F1:0.847826
Wed, 24 Jan 2018 21:06:20 INFO [Train] Epoch:40, TP:178, TN:62, FP:0, FN:0, Loss:0.000329, Accuracy:1.000000, F1:1.000000
Wed, 24 Jan 2018 21:06:20 INFO [Test] Epoch:40, TP:39, TN:8, FP:11, FN:2, Loss:0.826835, Accuracy:0.783333, F1:0.857143
Wed, 24 Jan 2018 21:06:25 INFO [Train] Epoch:41, TP:178, TN:62, FP:0, FN:0, Loss:0.001858, Accuracy:1.000000, F1:1.000000
Wed, 24 Jan 2018 21:06:25 INFO [Test] Epoch:41, TP:39, TN:11, FP:8, FN:2, Loss:0.592690, Accuracy:0.833333, F1:0.886364
Wed, 24 Jan 2018 21:06:30 INFO [Train] Epoch:42, TP:178, TN:62, FP:0, FN:0, Loss:0.000302, Accuracy:1.000000, F1:1.000000
Wed, 24 Jan 2018 21:06:30 INFO [Test] Epoch:42, TP:39, TN:6, FP:13, FN:2, Loss:1.114413, Accuracy:0.750000, F1:0.838710
Wed, 24 Jan 2018 21:06:35 INFO [Train] Epoch:43, TP:178, TN:62, FP:0, FN:0, Loss:0.010453, Accuracy:1.000000, F1:1.000000
Wed, 24 Jan 2018 21:06:36 INFO [Test] Epoch:43, TP:40, TN:1, FP:18, FN:1, Loss:2.078207, Accuracy:0.683333, F1:0.808081
Wed, 24 Jan 2018 21:06:40 INFO [Train] Epoch:44, TP:178, TN:62, FP:0, FN:0, Loss:0.002227, Accuracy:1.000000, F1:1.000000
Wed, 24 Jan 2018 21:06:41 INFO [Test] Epoch:44, TP:39, TN:11, FP:8, FN:2, Loss:0.577373, Accuracy:0.833333, F1:0.886364
Wed, 24 Jan 2018 21:06:45 INFO [Train] Epoch:45, TP:178, TN:62, FP:0, FN:0, Loss:0.000250, Accuracy:1.000000, F1:1.000000
Wed, 24 Jan 2018 21:06:46 INFO [Test] Epoch:45, TP:39, TN:7, FP:12, FN:2, Loss:1.064382, Accuracy:0.766667, F1:0.847826
Wed, 24 Jan 2018 21:06:51 INFO [Train] Epoch:46, TP:178, TN:62, FP:0, FN:0, Loss:0.000210, Accuracy:1.000000, F1:1.000000
Wed, 24 Jan 2018 21:06:51 INFO [Test] Epoch:46, TP:39, TN:6, FP:13, FN:2, Loss:1.136007, Accuracy:0.750000, F1:0.838710
Wed, 24 Jan 2018 21:06:56 INFO [Train] Epoch:47, TP:178, TN:62, FP:0, FN:0, Loss:0.000204, Accuracy:1.000000, F1:1.000000
Wed, 24 Jan 2018 21:06:56 INFO [Test] Epoch:47, TP:39, TN:5, FP:14, FN:2, Loss:1.256093, Accuracy:0.733333, F1:0.829787
Wed, 24 Jan 2018 21:07:01 INFO [Train] Epoch:48, TP:178, TN:62, FP:0, FN:0, Loss:0.000397, Accuracy:1.000000, F1:1.000000
Wed, 24 Jan 2018 21:07:01 INFO [Test] Epoch:48, TP:40, TN:5, FP:14, FN:1, Loss:1.398553, Accuracy:0.750000, F1:0.842105
Wed, 24 Jan 2018 21:07:06 INFO [Train] Epoch:49, TP:178, TN:62, FP:0, FN:0, Loss:0.000183, Accuracy:1.000000, F1:1.000000
Wed, 24 Jan 2018 21:07:06 INFO [Test] Epoch:49, TP:40, TN:6, FP:13, FN:1, Loss:1.343160, Accuracy:0.766667, F1:0.851064
Wed, 24 Jan 2018 21:07:11 INFO [Train] Epoch:50, TP:178, TN:62, FP:0, FN:0, Loss:0.000149, Accuracy:1.000000, F1:1.000000
Wed, 24 Jan 2018 21:07:11 INFO [Test] Epoch:50, TP:39, TN:7, FP:12, FN:2, Loss:0.944187, Accuracy:0.766667, F1:0.847826
Wed, 24 Jan 2018 21:07:16 INFO [Train] Epoch:51, TP:178, TN:62, FP:0, FN:0, Loss:0.000121, Accuracy:1.000000, F1:1.000000
Wed, 24 Jan 2018 21:07:16 INFO [Test] Epoch:51, TP:39, TN:7, FP:12, FN:2, Loss:1.064916, Accuracy:0.766667, F1:0.847826
Wed, 24 Jan 2018 21:07:21 INFO [Train] Epoch:52, TP:178, TN:62, FP:0, FN:0, Loss:0.000313, Accuracy:1.000000, F1:1.000000
Wed, 24 Jan 2018 21:07:22 INFO [Test] Epoch:52, TP:40, TN:4, FP:15, FN:1, Loss:1.563655, Accuracy:0.733333, F1:0.833333
Wed, 24 Jan 2018 21:07:26 INFO [Train] Epoch:53, TP:178, TN:62, FP:0, FN:0, Loss:0.000180, Accuracy:1.000000, F1:1.000000
Wed, 24 Jan 2018 21:07:27 INFO [Test] Epoch:53, TP:40, TN:5, FP:14, FN:1, Loss:1.454608, Accuracy:0.750000, F1:0.842105
Wed, 24 Jan 2018 21:07:31 INFO [Train] Epoch:54, TP:178, TN:62, FP:0, FN:0, Loss:0.000072, Accuracy:1.000000, F1:1.000000
Wed, 24 Jan 2018 21:07:32 INFO [Test] Epoch:54, TP:39, TN:7, FP:12, FN:2, Loss:1.133995, Accuracy:0.766667, F1:0.847826
Wed, 24 Jan 2018 21:07:36 INFO [Train] Epoch:55, TP:178, TN:62, FP:0, FN:0, Loss:0.009042, Accuracy:1.000000, F1:1.000000
Wed, 24 Jan 2018 21:07:37 INFO [Test] Epoch:55, TP:38, TN:16, FP:3, FN:3, Loss:0.503099, Accuracy:0.900000, F1:0.926829
Wed, 24 Jan 2018 21:07:42 INFO [Train] Epoch:56, TP:178, TN:62, FP:0, FN:0, Loss:0.000077, Accuracy:1.000000, F1:1.000000
Wed, 24 Jan 2018 21:07:42 INFO [Test] Epoch:56, TP:39, TN:7, FP:12, FN:2, Loss:1.022413, Accuracy:0.766667, F1:0.847826
Wed, 24 Jan 2018 21:07:47 INFO [Train] Epoch:57, TP:178, TN:62, FP:0, FN:0, Loss:0.000254, Accuracy:1.000000, F1:1.000000
Wed, 24 Jan 2018 21:07:47 INFO [Test] Epoch:57, TP:39, TN:8, FP:11, FN:2, Loss:0.887165, Accuracy:0.783333, F1:0.857143
Wed, 24 Jan 2018 21:07:52 INFO [Train] Epoch:58, TP:178, TN:62, FP:0, FN:0, Loss:0.000194, Accuracy:1.000000, F1:1.000000
Wed, 24 Jan 2018 21:07:52 INFO [Test] Epoch:58, TP:39, TN:4, FP:15, FN:2, Loss:1.305599, Accuracy:0.716667, F1:0.821053
Wed, 24 Jan 2018 21:07:57 INFO [Train] Epoch:59, TP:178, TN:62, FP:0, FN:0, Loss:0.000082, Accuracy:1.000000, F1:1.000000
Wed, 24 Jan 2018 21:07:57 INFO [Test] Epoch:59, TP:39, TN:7, FP:12, FN:2, Loss:1.082886, Accuracy:0.766667, F1:0.847826
Wed, 24 Jan 2018 21:08:02 INFO [Train] Epoch:60, TP:178, TN:62, FP:0, FN:0, Loss:0.000054, Accuracy:1.000000, F1:1.000000
Wed, 24 Jan 2018 21:08:03 INFO [Test] Epoch:60, TP:39, TN:6, FP:13, FN:2, Loss:1.168803, Accuracy:0.750000, F1:0.838710
Wed, 24 Jan 2018 21:08:07 INFO [Train] Epoch:61, TP:178, TN:62, FP:0, FN:0, Loss:0.000039, Accuracy:1.000000, F1:1.000000
Wed, 24 Jan 2018 21:08:08 INFO [Test] Epoch:61, TP:39, TN:7, FP:12, FN:2, Loss:1.213781, Accuracy:0.766667, F1:0.847826
Wed, 24 Jan 2018 21:08:12 INFO [Train] Epoch:62, TP:178, TN:62, FP:0, FN:0, Loss:0.000108, Accuracy:1.000000, F1:1.000000
Wed, 24 Jan 2018 21:08:13 INFO [Test] Epoch:62, TP:39, TN:8, FP:11, FN:2, Loss:0.905795, Accuracy:0.783333, F1:0.857143
Wed, 24 Jan 2018 21:08:17 INFO [Train] Epoch:63, TP:178, TN:62, FP:0, FN:0, Loss:0.000064, Accuracy:1.000000, F1:1.000000
Wed, 24 Jan 2018 21:08:18 INFO [Test] Epoch:63, TP:39, TN:7, FP:12, FN:2, Loss:0.970315, Accuracy:0.766667, F1:0.847826
Wed, 24 Jan 2018 21:08:22 INFO [Train] Epoch:64, TP:178, TN:62, FP:0, FN:0, Loss:0.000096, Accuracy:1.000000, F1:1.000000
Wed, 24 Jan 2018 21:08:23 INFO [Test] Epoch:64, TP:39, TN:4, FP:15, FN:2, Loss:1.402714, Accuracy:0.716667, F1:0.821053
Wed, 24 Jan 2018 21:08:27 INFO [Train] Epoch:65, TP:178, TN:62, FP:0, FN:0, Loss:0.000073, Accuracy:1.000000, F1:1.000000
Wed, 24 Jan 2018 21:08:28 INFO [Test] Epoch:65, TP:39, TN:7, FP:12, FN:2, Loss:0.948866, Accuracy:0.766667, F1:0.847826
Wed, 24 Jan 2018 21:08:33 INFO [Train] Epoch:66, TP:178, TN:62, FP:0, FN:0, Loss:0.000040, Accuracy:1.000000, F1:1.000000
Wed, 24 Jan 2018 21:08:33 INFO [Test] Epoch:66, TP:39, TN:7, FP:12, FN:2, Loss:1.199214, Accuracy:0.766667, F1:0.847826
Wed, 24 Jan 2018 21:08:38 INFO [Train] Epoch:67, TP:178, TN:62, FP:0, FN:0, Loss:0.000026, Accuracy:1.000000, F1:1.000000
Wed, 24 Jan 2018 21:08:38 INFO [Test] Epoch:67, TP:39, TN:7, FP:12, FN:2, Loss:1.252489, Accuracy:0.766667, F1:0.847826
Wed, 24 Jan 2018 21:08:43 INFO [Train] Epoch:68, TP:178, TN:62, FP:0, FN:0, Loss:0.000200, Accuracy:1.000000, F1:1.000000
Wed, 24 Jan 2018 21:08:43 INFO [Test] Epoch:68, TP:39, TN:4, FP:15, FN:2, Loss:1.854580, Accuracy:0.716667, F1:0.821053
Wed, 24 Jan 2018 21:08:48 INFO [Train] Epoch:69, TP:178, TN:62, FP:0, FN:0, Loss:0.000230, Accuracy:1.000000, F1:1.000000
Wed, 24 Jan 2018 21:08:48 INFO [Test] Epoch:69, TP:39, TN:4, FP:15, FN:2, Loss:1.916731, Accuracy:0.716667, F1:0.821053
Wed, 24 Jan 2018 21:08:53 INFO [Train] Epoch:70, TP:178, TN:62, FP:0, FN:0, Loss:0.000036, Accuracy:1.000000, F1:1.000000
Wed, 24 Jan 2018 21:08:53 INFO [Test] Epoch:70, TP:39, TN:6, FP:13, FN:2, Loss:1.441359, Accuracy:0.750000, F1:0.838710
Wed, 24 Jan 2018 21:08:58 INFO [Train] Epoch:71, TP:178, TN:62, FP:0, FN:0, Loss:0.000819, Accuracy:1.000000, F1:1.000000
Wed, 24 Jan 2018 21:08:58 INFO [Test] Epoch:71, TP:39, TN:12, FP:7, FN:2, Loss:0.706799, Accuracy:0.850000, F1:0.896552
Wed, 24 Jan 2018 21:09:03 INFO [Train] Epoch:72, TP:178, TN:62, FP:0, FN:0, Loss:0.000067, Accuracy:1.000000, F1:1.000000
Wed, 24 Jan 2018 21:09:03 INFO [Test] Epoch:72, TP:39, TN:8, FP:11, FN:2, Loss:1.048101, Accuracy:0.783333, F1:0.857143
Wed, 24 Jan 2018 21:09:16 INFO [Train] Epoch:73, TP:178, TN:62, FP:0, FN:0, Loss:0.001557, Accuracy:1.000000, F1:1.000000
Wed, 24 Jan 2018 21:09:17 INFO [Test] Epoch:73, TP:39, TN:13, FP:6, FN:2, Loss:0.680794, Accuracy:0.866667, F1:0.906977
Wed, 24 Jan 2018 21:09:21 INFO [Train] Epoch:74, TP:178, TN:62, FP:0, FN:0, Loss:0.000023, Accuracy:1.000000, F1:1.000000
Wed, 24 Jan 2018 21:09:22 INFO [Test] Epoch:74, TP:39, TN:7, FP:12, FN:2, Loss:1.392282, Accuracy:0.766667, F1:0.847826
Wed, 24 Jan 2018 21:09:26 INFO [Train] Epoch:75, TP:178, TN:62, FP:0, FN:0, Loss:0.000090, Accuracy:1.000000, F1:1.000000
Wed, 24 Jan 2018 21:09:27 INFO [Test] Epoch:75, TP:39, TN:9, FP:10, FN:2, Loss:0.845945, Accuracy:0.800000, F1:0.866667
Wed, 24 Jan 2018 21:09:31 INFO [Train] Epoch:76, TP:178, TN:62, FP:0, FN:0, Loss:0.000020, Accuracy:1.000000, F1:1.000000
Wed, 24 Jan 2018 21:09:32 INFO [Test] Epoch:76, TP:39, TN:8, FP:11, FN:2, Loss:1.125283, Accuracy:0.783333, F1:0.857143
Wed, 24 Jan 2018 21:09:36 INFO [Train] Epoch:77, TP:178, TN:62, FP:0, FN:0, Loss:0.000039, Accuracy:1.000000, F1:1.000000
Wed, 24 Jan 2018 21:09:37 INFO [Test] Epoch:77, TP:39, TN:9, FP:10, FN:2, Loss:0.963960, Accuracy:0.800000, F1:0.866667
Wed, 24 Jan 2018 21:09:42 INFO [Train] Epoch:78, TP:178, TN:62, FP:0, FN:0, Loss:0.000053, Accuracy:1.000000, F1:1.000000
Wed, 24 Jan 2018 21:09:42 INFO [Test] Epoch:78, TP:39, TN:9, FP:10, FN:2, Loss:0.916010, Accuracy:0.800000, F1:0.866667
Wed, 24 Jan 2018 21:09:47 INFO [Train] Epoch:79, TP:178, TN:62, FP:0, FN:0, Loss:0.000018, Accuracy:1.000000, F1:1.000000
Wed, 24 Jan 2018 21:09:47 INFO [Test] Epoch:79, TP:39, TN:8, FP:11, FN:2, Loss:1.053187, Accuracy:0.783333, F1:0.857143
Wed, 24 Jan 2018 21:09:52 INFO [Train] Epoch:80, TP:178, TN:62, FP:0, FN:0, Loss:0.000007, Accuracy:1.000000, F1:1.000000
Wed, 24 Jan 2018 21:09:52 INFO [Test] Epoch:80, TP:39, TN:7, FP:12, FN:2, Loss:1.413452, Accuracy:0.766667, F1:0.847826
Wed, 24 Jan 2018 21:09:57 INFO [Train] Epoch:81, TP:178, TN:62, FP:0, FN:0, Loss:0.002537, Accuracy:1.000000, F1:1.000000
Wed, 24 Jan 2018 21:09:57 INFO [Test] Epoch:81, TP:37, TN:12, FP:7, FN:4, Loss:0.691860, Accuracy:0.816667, F1:0.870588
Wed, 24 Jan 2018 21:10:02 INFO [Train] Epoch:82, TP:178, TN:62, FP:0, FN:0, Loss:0.000012, Accuracy:1.000000, F1:1.000000
Wed, 24 Jan 2018 21:10:02 INFO [Test] Epoch:82, TP:39, TN:7, FP:12, FN:2, Loss:1.429437, Accuracy:0.766667, F1:0.847826
Wed, 24 Jan 2018 21:10:07 INFO [Train] Epoch:83, TP:178, TN:62, FP:0, FN:0, Loss:0.000140, Accuracy:1.000000, F1:1.000000
Wed, 24 Jan 2018 21:10:07 INFO [Test] Epoch:83, TP:39, TN:10, FP:9, FN:2, Loss:0.768552, Accuracy:0.816667, F1:0.876404
Wed, 24 Jan 2018 21:10:12 INFO [Train] Epoch:84, TP:178, TN:62, FP:0, FN:0, Loss:0.000127, Accuracy:1.000000, F1:1.000000
Wed, 24 Jan 2018 21:10:13 INFO [Test] Epoch:84, TP:39, TN:3, FP:16, FN:2, Loss:1.784038, Accuracy:0.700000, F1:0.812500
Wed, 24 Jan 2018 21:10:17 INFO [Train] Epoch:85, TP:178, TN:62, FP:0, FN:0, Loss:0.000009, Accuracy:1.000000, F1:1.000000
Wed, 24 Jan 2018 21:10:18 INFO [Test] Epoch:85, TP:39, TN:7, FP:12, FN:2, Loss:1.140736, Accuracy:0.766667, F1:0.847826
Wed, 24 Jan 2018 21:10:22 INFO [Train] Epoch:86, TP:178, TN:62, FP:0, FN:0, Loss:0.000006, Accuracy:1.000000, F1:1.000000
Wed, 24 Jan 2018 21:10:23 INFO [Test] Epoch:86, TP:39, TN:8, FP:11, FN:2, Loss:1.156302, Accuracy:0.783333, F1:0.857143
Wed, 24 Jan 2018 21:10:28 INFO [Train] Epoch:87, TP:178, TN:62, FP:0, FN:0, Loss:0.000028, Accuracy:1.000000, F1:1.000000
Wed, 24 Jan 2018 21:10:28 INFO [Test] Epoch:87, TP:39, TN:6, FP:13, FN:2, Loss:1.479734, Accuracy:0.750000, F1:0.838710
Wed, 24 Jan 2018 21:10:33 INFO [Train] Epoch:88, TP:178, TN:62, FP:0, FN:0, Loss:0.000011, Accuracy:1.000000, F1:1.000000
Wed, 24 Jan 2018 21:10:33 INFO [Test] Epoch:88, TP:39, TN:5, FP:14, FN:2, Loss:1.488337, Accuracy:0.733333, F1:0.829787
Wed, 24 Jan 2018 21:10:38 INFO [Train] Epoch:89, TP:178, TN:62, FP:0, FN:0, Loss:0.000005, Accuracy:1.000000, F1:1.000000
Wed, 24 Jan 2018 21:10:38 INFO [Test] Epoch:89, TP:39, TN:7, FP:12, FN:2, Loss:1.176177, Accuracy:0.766667, F1:0.847826
Wed, 24 Jan 2018 21:10:43 INFO [Train] Epoch:90, TP:178, TN:62, FP:0, FN:0, Loss:0.000010, Accuracy:1.000000, F1:1.000000
Wed, 24 Jan 2018 21:10:43 INFO [Test] Epoch:90, TP:39, TN:7, FP:12, FN:2, Loss:1.078175, Accuracy:0.766667, F1:0.847826
Wed, 24 Jan 2018 21:10:48 INFO [Train] Epoch:91, TP:178, TN:62, FP:0, FN:0, Loss:0.000019, Accuracy:1.000000, F1:1.000000
Wed, 24 Jan 2018 21:10:48 INFO [Test] Epoch:91, TP:39, TN:5, FP:14, FN:2, Loss:1.461015, Accuracy:0.733333, F1:0.829787
Wed, 24 Jan 2018 21:10:53 INFO [Train] Epoch:92, TP:178, TN:61, FP:1, FN:0, Loss:0.018509, Accuracy:0.995833, F1:0.997199
Wed, 24 Jan 2018 21:10:53 INFO [Test] Epoch:92, TP:41, TN:1, FP:18, FN:0, Loss:3.337875, Accuracy:0.700000, F1:0.820000
Wed, 24 Jan 2018 21:10:58 INFO [Train] Epoch:93, TP:178, TN:62, FP:0, FN:0, Loss:0.000018, Accuracy:1.000000, F1:1.000000
Wed, 24 Jan 2018 21:10:59 INFO [Test] Epoch:93, TP:39, TN:9, FP:10, FN:2, Loss:1.019580, Accuracy:0.800000, F1:0.866667
Wed, 24 Jan 2018 21:11:03 INFO [Train] Epoch:94, TP:178, TN:62, FP:0, FN:0, Loss:0.000011, Accuracy:1.000000, F1:1.000000
Wed, 24 Jan 2018 21:11:04 INFO [Test] Epoch:94, TP:39, TN:9, FP:10, FN:2, Loss:1.089621, Accuracy:0.800000, F1:0.866667
Wed, 24 Jan 2018 21:11:08 INFO [Train] Epoch:95, TP:178, TN:62, FP:0, FN:0, Loss:0.000007, Accuracy:1.000000, F1:1.000000
Wed, 24 Jan 2018 21:11:09 INFO [Test] Epoch:95, TP:39, TN:8, FP:11, FN:2, Loss:1.200967, Accuracy:0.783333, F1:0.857143
Wed, 24 Jan 2018 21:11:14 INFO [Train] Epoch:96, TP:178, TN:62, FP:0, FN:0, Loss:0.000009, Accuracy:1.000000, F1:1.000000
Wed, 24 Jan 2018 21:11:14 INFO [Test] Epoch:96, TP:39, TN:8, FP:11, FN:2, Loss:1.067071, Accuracy:0.783333, F1:0.857143
Wed, 24 Jan 2018 21:11:19 INFO [Train] Epoch:97, TP:178, TN:62, FP:0, FN:0, Loss:0.000044, Accuracy:1.000000, F1:1.000000
Wed, 24 Jan 2018 21:11:19 INFO [Test] Epoch:97, TP:39, TN:12, FP:7, FN:2, Loss:0.870473, Accuracy:0.850000, F1:0.896552
Wed, 24 Jan 2018 21:11:24 INFO [Train] Epoch:98, TP:178, TN:62, FP:0, FN:0, Loss:0.000005, Accuracy:1.000000, F1:1.000000
Wed, 24 Jan 2018 21:11:24 INFO [Test] Epoch:98, TP:39, TN:7, FP:12, FN:2, Loss:1.239045, Accuracy:0.766667, F1:0.847826
Wed, 24 Jan 2018 21:11:29 INFO [Train] Epoch:99, TP:178, TN:62, FP:0, FN:0, Loss:0.000027, Accuracy:1.000000, F1:1.000000
Wed, 24 Jan 2018 21:11:29 INFO [Test] Epoch:99, TP:39, TN:4, FP:15, FN:2, Loss:2.004508, Accuracy:0.716667, F1:0.821053
Wed, 24 Jan 2018 21:11:34 INFO [Train] Epoch:100, TP:178, TN:62, FP:0, FN:0, Loss:0.000002, Accuracy:1.000000, F1:1.000000
Wed, 24 Jan 2018 21:11:34 INFO [Test] Epoch:100, TP:39, TN:8, FP:11, FN:2, Loss:1.343083, Accuracy:0.783333, F1:0.857143
Wed, 24 Jan 2018 21:11:39 INFO [Train] Epoch:101, TP:178, TN:62, FP:0, FN:0, Loss:0.000002, Accuracy:1.000000, F1:1.000000
Wed, 24 Jan 2018 21:11:39 INFO [Test] Epoch:101, TP:39, TN:7, FP:12, FN:2, Loss:1.452361, Accuracy:0.766667, F1:0.847826
Wed, 24 Jan 2018 21:11:44 INFO [Train] Epoch:102, TP:178, TN:62, FP:0, FN:0, Loss:0.000004, Accuracy:1.000000, F1:1.000000
Wed, 24 Jan 2018 21:11:44 INFO [Test] Epoch:102, TP:39, TN:6, FP:13, FN:2, Loss:1.630874, Accuracy:0.750000, F1:0.838710
Wed, 24 Jan 2018 21:11:49 INFO [Train] Epoch:103, TP:178, TN:62, FP:0, FN:0, Loss:0.000002, Accuracy:1.000000, F1:1.000000
Wed, 24 Jan 2018 21:11:49 INFO [Test] Epoch:103, TP:39, TN:7, FP:12, FN:2, Loss:1.444754, Accuracy:0.766667, F1:0.847826
Wed, 24 Jan 2018 21:11:54 INFO [Train] Epoch:104, TP:178, TN:62, FP:0, FN:0, Loss:0.000010, Accuracy:1.000000, F1:1.000000
Wed, 24 Jan 2018 21:11:54 INFO [Test] Epoch:104, TP:39, TN:5, FP:14, FN:2, Loss:1.970838, Accuracy:0.733333, F1:0.829787
Wed, 24 Jan 2018 21:11:59 INFO [Train] Epoch:105, TP:178, TN:62, FP:0, FN:0, Loss:0.000228, Accuracy:1.000000, F1:1.000000
Wed, 24 Jan 2018 21:11:59 INFO [Test] Epoch:105, TP:39, TN:11, FP:8, FN:2, Loss:0.659367, Accuracy:0.833333, F1:0.886364
Wed, 24 Jan 2018 21:12:04 INFO [Train] Epoch:106, TP:178, TN:62, FP:0, FN:0, Loss:0.000004, Accuracy:1.000000, F1:1.000000
Wed, 24 Jan 2018 21:12:04 INFO [Test] Epoch:106, TP:39, TN:8, FP:11, FN:2, Loss:1.140123, Accuracy:0.783333, F1:0.857143
Wed, 24 Jan 2018 21:12:09 INFO [Train] Epoch:107, TP:178, TN:62, FP:0, FN:0, Loss:0.000003, Accuracy:1.000000, F1:1.000000
Wed, 24 Jan 2018 21:12:09 INFO [Test] Epoch:107, TP:39, TN:7, FP:12, FN:2, Loss:1.428428, Accuracy:0.766667, F1:0.847826
Wed, 24 Jan 2018 21:12:14 INFO [Train] Epoch:108, TP:178, TN:62, FP:0, FN:0, Loss:0.000002, Accuracy:1.000000, F1:1.000000
Wed, 24 Jan 2018 21:12:15 INFO [Test] Epoch:108, TP:39, TN:7, FP:12, FN:2, Loss:1.504992, Accuracy:0.766667, F1:0.847826
Wed, 24 Jan 2018 21:12:19 INFO [Train] Epoch:109, TP:178, TN:62, FP:0, FN:0, Loss:0.000006, Accuracy:1.000000, F1:1.000000
Wed, 24 Jan 2018 21:12:20 INFO [Test] Epoch:109, TP:39, TN:5, FP:14, FN:2, Loss:1.742327, Accuracy:0.733333, F1:0.829787
Wed, 24 Jan 2018 21:12:24 INFO [Train] Epoch:110, TP:178, TN:62, FP:0, FN:0, Loss:0.000013, Accuracy:1.000000, F1:1.000000
Wed, 24 Jan 2018 21:12:25 INFO [Test] Epoch:110, TP:40, TN:5, FP:14, FN:1, Loss:1.784466, Accuracy:0.750000, F1:0.842105
Wed, 24 Jan 2018 21:12:29 INFO [Train] Epoch:111, TP:178, TN:62, FP:0, FN:0, Loss:0.000008, Accuracy:1.000000, F1:1.000000
Wed, 24 Jan 2018 21:12:30 INFO [Test] Epoch:111, TP:39, TN:5, FP:14, FN:2, Loss:1.698595, Accuracy:0.733333, F1:0.829787
Wed, 24 Jan 2018 21:12:34 INFO [Train] Epoch:112, TP:178, TN:62, FP:0, FN:0, Loss:0.000002, Accuracy:1.000000, F1:1.000000
Wed, 24 Jan 2018 21:12:35 INFO [Test] Epoch:112, TP:39, TN:6, FP:13, FN:2, Loss:1.527065, Accuracy:0.750000, F1:0.838710
Wed, 24 Jan 2018 21:12:39 INFO [Train] Epoch:113, TP:178, TN:62, FP:0, FN:0, Loss:0.000089, Accuracy:1.000000, F1:1.000000
Wed, 24 Jan 2018 21:12:40 INFO [Test] Epoch:113, TP:39, TN:4, FP:15, FN:2, Loss:2.062773, Accuracy:0.716667, F1:0.821053
Wed, 24 Jan 2018 21:12:44 INFO [Train] Epoch:114, TP:178, TN:62, FP:0, FN:0, Loss:0.000761, Accuracy:1.000000, F1:1.000000
Wed, 24 Jan 2018 21:12:45 INFO [Test] Epoch:114, TP:39, TN:17, FP:2, FN:2, Loss:0.634869, Accuracy:0.933333, F1:0.951220
Wed, 24 Jan 2018 21:12:50 INFO [Train] Epoch:115, TP:178, TN:62, FP:0, FN:0, Loss:0.000010, Accuracy:1.000000, F1:1.000000
Wed, 24 Jan 2018 21:12:50 INFO [Test] Epoch:115, TP:40, TN:4, FP:15, FN:1, Loss:1.997434, Accuracy:0.733333, F1:0.833333
Wed, 24 Jan 2018 21:12:55 INFO [Train] Epoch:116, TP:178, TN:62, FP:0, FN:0, Loss:0.000001, Accuracy:1.000000, F1:1.000000
Wed, 24 Jan 2018 21:12:55 INFO [Test] Epoch:116, TP:39, TN:6, FP:13, FN:2, Loss:1.565133, Accuracy:0.750000, F1:0.838710
Wed, 24 Jan 2018 21:13:00 INFO [Train] Epoch:117, TP:178, TN:62, FP:0, FN:0, Loss:0.000002, Accuracy:1.000000, F1:1.000000
Wed, 24 Jan 2018 21:13:00 INFO [Test] Epoch:117, TP:39, TN:7, FP:12, FN:2, Loss:1.169279, Accuracy:0.766667, F1:0.847826
Wed, 24 Jan 2018 21:13:05 INFO [Train] Epoch:118, TP:178, TN:62, FP:0, FN:0, Loss:0.000001, Accuracy:1.000000, F1:1.000000
Wed, 24 Jan 2018 21:13:05 INFO [Test] Epoch:118, TP:39, TN:6, FP:13, FN:2, Loss:1.485043, Accuracy:0.750000, F1:0.838710
Wed, 24 Jan 2018 21:13:10 INFO [Train] Epoch:119, TP:178, TN:62, FP:0, FN:0, Loss:0.000003, Accuracy:1.000000, F1:1.000000
Wed, 24 Jan 2018 21:13:10 INFO [Test] Epoch:119, TP:39, TN:8, FP:11, FN:2, Loss:1.055826, Accuracy:0.783333, F1:0.857143
Wed, 24 Jan 2018 21:13:15 INFO [Train] Epoch:120, TP:178, TN:62, FP:0, FN:0, Loss:0.000581, Accuracy:1.000000, F1:1.000000
Wed, 24 Jan 2018 21:13:15 INFO [Test] Epoch:120, TP:40, TN:4, FP:15, FN:1, Loss:2.748698, Accuracy:0.733333, F1:0.833333
Wed, 24 Jan 2018 21:13:20 INFO [Train] Epoch:121, TP:178, TN:62, FP:0, FN:0, Loss:0.000002, Accuracy:1.000000, F1:1.000000
Wed, 24 Jan 2018 21:13:20 INFO [Test] Epoch:121, TP:39, TN:7, FP:12, FN:2, Loss:1.607558, Accuracy:0.766667, F1:0.847826
Wed, 24 Jan 2018 21:13:25 INFO [Train] Epoch:122, TP:178, TN:62, FP:0, FN:0, Loss:0.000001, Accuracy:1.000000, F1:1.000000
Wed, 24 Jan 2018 21:13:25 INFO [Test] Epoch:122, TP:39, TN:7, FP:12, FN:2, Loss:1.466010, Accuracy:0.766667, F1:0.847826
Wed, 24 Jan 2018 21:13:30 INFO [Train] Epoch:123, TP:178, TN:62, FP:0, FN:0, Loss:0.000007, Accuracy:1.000000, F1:1.000000
Wed, 24 Jan 2018 21:13:30 INFO [Test] Epoch:123, TP:39, TN:7, FP:12, FN:2, Loss:1.484616, Accuracy:0.766667, F1:0.847826
Wed, 24 Jan 2018 21:13:35 INFO [Train] Epoch:124, TP:178, TN:62, FP:0, FN:0, Loss:0.000111, Accuracy:1.000000, F1:1.000000
Wed, 24 Jan 2018 21:13:35 INFO [Test] Epoch:124, TP:40, TN:5, FP:14, FN:1, Loss:2.209582, Accuracy:0.750000, F1:0.842105
Wed, 24 Jan 2018 21:13:40 INFO [Train] Epoch:125, TP:178, TN:62, FP:0, FN:0, Loss:0.000009, Accuracy:1.000000, F1:1.000000
Wed, 24 Jan 2018 21:13:40 INFO [Test] Epoch:125, TP:39, TN:6, FP:13, FN:2, Loss:1.919539, Accuracy:0.750000, F1:0.838710
Wed, 24 Jan 2018 21:13:45 INFO [Train] Epoch:126, TP:178, TN:62, FP:0, FN:0, Loss:0.000007, Accuracy:1.000000, F1:1.000000
Wed, 24 Jan 2018 21:13:46 INFO [Test] Epoch:126, TP:39, TN:7, FP:12, FN:2, Loss:1.873129, Accuracy:0.766667, F1:0.847826
Wed, 24 Jan 2018 21:13:50 INFO [Train] Epoch:127, TP:178, TN:62, FP:0, FN:0, Loss:0.000003, Accuracy:1.000000, F1:1.000000
Wed, 24 Jan 2018 21:13:51 INFO [Test] Epoch:127, TP:39, TN:7, FP:12, FN:2, Loss:1.811385, Accuracy:0.766667, F1:0.847826
Wed, 24 Jan 2018 21:13:55 INFO [Train] Epoch:128, TP:178, TN:62, FP:0, FN:0, Loss:0.000002, Accuracy:1.000000, F1:1.000000
Wed, 24 Jan 2018 21:13:56 INFO [Test] Epoch:128, TP:39, TN:7, FP:12, FN:2, Loss:1.552467, Accuracy:0.766667, F1:0.847826
Wed, 24 Jan 2018 21:14:00 INFO [Train] Epoch:129, TP:178, TN:62, FP:0, FN:0, Loss:0.000004, Accuracy:1.000000, F1:1.000000
Wed, 24 Jan 2018 21:14:01 INFO [Test] Epoch:129, TP:39, TN:7, FP:12, FN:2, Loss:1.832833, Accuracy:0.766667, F1:0.847826
Wed, 24 Jan 2018 21:14:05 INFO [Train] Epoch:130, TP:178, TN:62, FP:0, FN:0, Loss:0.000002, Accuracy:1.000000, F1:1.000000
Wed, 24 Jan 2018 21:14:06 INFO [Test] Epoch:130, TP:39, TN:6, FP:13, FN:2, Loss:1.704071, Accuracy:0.750000, F1:0.838710
Wed, 24 Jan 2018 21:14:11 INFO [Train] Epoch:131, TP:178, TN:62, FP:0, FN:0, Loss:0.000035, Accuracy:1.000000, F1:1.000000
Wed, 24 Jan 2018 21:14:11 INFO [Test] Epoch:131, TP:39, TN:10, FP:9, FN:2, Loss:0.884192, Accuracy:0.816667, F1:0.876404
Wed, 24 Jan 2018 21:14:16 INFO [Train] Epoch:132, TP:178, TN:62, FP:0, FN:0, Loss:0.000001, Accuracy:1.000000, F1:1.000000
Wed, 24 Jan 2018 21:14:16 INFO [Test] Epoch:132, TP:39, TN:8, FP:11, FN:2, Loss:1.376855, Accuracy:0.783333, F1:0.857143
Wed, 24 Jan 2018 21:14:21 INFO [Train] Epoch:133, TP:178, TN:62, FP:0, FN:0, Loss:0.000000, Accuracy:1.000000, F1:1.000000
Wed, 24 Jan 2018 21:14:21 INFO [Test] Epoch:133, TP:39, TN:6, FP:13, FN:2, Loss:1.655866, Accuracy:0.750000, F1:0.838710
Wed, 24 Jan 2018 21:14:26 INFO [Train] Epoch:134, TP:178, TN:62, FP:0, FN:0, Loss:0.000000, Accuracy:1.000000, F1:1.000000
Wed, 24 Jan 2018 21:14:26 INFO [Test] Epoch:134, TP:39, TN:7, FP:12, FN:2, Loss:1.572784, Accuracy:0.766667, F1:0.847826
Wed, 24 Jan 2018 21:14:31 INFO [Train] Epoch:135, TP:178, TN:62, FP:0, FN:0, Loss:0.000001, Accuracy:1.000000, F1:1.000000
Wed, 24 Jan 2018 21:14:31 INFO [Test] Epoch:135, TP:39, TN:4, FP:15, FN:2, Loss:2.056628, Accuracy:0.716667, F1:0.821053
Wed, 24 Jan 2018 21:14:36 INFO [Train] Epoch:136, TP:178, TN:62, FP:0, FN:0, Loss:0.000001, Accuracy:1.000000, F1:1.000000
Wed, 24 Jan 2018 21:14:37 INFO [Test] Epoch:136, TP:40, TN:5, FP:14, FN:1, Loss:2.117959, Accuracy:0.750000, F1:0.842105
Wed, 24 Jan 2018 21:14:41 INFO [Train] Epoch:137, TP:178, TN:62, FP:0, FN:0, Loss:0.000033, Accuracy:1.000000, F1:1.000000
Wed, 24 Jan 2018 21:14:42 INFO [Test] Epoch:137, TP:39, TN:11, FP:8, FN:2, Loss:0.812987, Accuracy:0.833333, F1:0.886364
Wed, 24 Jan 2018 21:14:46 INFO [Train] Epoch:138, TP:178, TN:62, FP:0, FN:0, Loss:0.000000, Accuracy:1.000000, F1:1.000000
Wed, 24 Jan 2018 21:14:47 INFO [Test] Epoch:138, TP:39, TN:8, FP:11, FN:2, Loss:1.606461, Accuracy:0.783333, F1:0.857143
Wed, 24 Jan 2018 21:14:51 INFO [Train] Epoch:139, TP:178, TN:62, FP:0, FN:0, Loss:0.000016, Accuracy:1.000000, F1:1.000000
Wed, 24 Jan 2018 21:14:52 INFO [Test] Epoch:139, TP:39, TN:12, FP:7, FN:2, Loss:0.907351, Accuracy:0.850000, F1:0.896552
Wed, 24 Jan 2018 21:14:56 INFO [Train] Epoch:140, TP:178, TN:62, FP:0, FN:0, Loss:0.000000, Accuracy:1.000000, F1:1.000000
Wed, 24 Jan 2018 21:14:57 INFO [Test] Epoch:140, TP:39, TN:8, FP:11, FN:2, Loss:1.485021, Accuracy:0.783333, F1:0.857143
Wed, 24 Jan 2018 21:15:02 INFO [Train] Epoch:141, TP:178, TN:62, FP:0, FN:0, Loss:0.000000, Accuracy:1.000000, F1:1.000000
Wed, 24 Jan 2018 21:15:02 INFO [Test] Epoch:141, TP:39, TN:8, FP:11, FN:2, Loss:1.514994, Accuracy:0.783333, F1:0.857143
Wed, 24 Jan 2018 21:15:07 INFO [Train] Epoch:142, TP:178, TN:62, FP:0, FN:0, Loss:0.000018, Accuracy:1.000000, F1:1.000000
Wed, 24 Jan 2018 21:15:07 INFO [Test] Epoch:142, TP:39, TN:11, FP:8, FN:2, Loss:0.895089, Accuracy:0.833333, F1:0.886364
Wed, 24 Jan 2018 21:15:12 INFO [Train] Epoch:143, TP:178, TN:62, FP:0, FN:0, Loss:0.000001, Accuracy:1.000000, F1:1.000000
Wed, 24 Jan 2018 21:15:12 INFO [Test] Epoch:143, TP:39, TN:5, FP:14, FN:2, Loss:1.897600, Accuracy:0.733333, F1:0.829787
Wed, 24 Jan 2018 21:15:17 INFO [Train] Epoch:144, TP:178, TN:62, FP:0, FN:0, Loss:0.000018, Accuracy:1.000000, F1:1.000000
Wed, 24 Jan 2018 21:15:17 INFO [Test] Epoch:144, TP:39, TN:10, FP:9, FN:2, Loss:0.948319, Accuracy:0.816667, F1:0.876404
Wed, 24 Jan 2018 21:15:22 INFO [Train] Epoch:145, TP:178, TN:62, FP:0, FN:0, Loss:0.000001, Accuracy:1.000000, F1:1.000000
Wed, 24 Jan 2018 21:15:22 INFO [Test] Epoch:145, TP:39, TN:8, FP:11, FN:2, Loss:1.283493, Accuracy:0.783333, F1:0.857143
Wed, 24 Jan 2018 21:15:27 INFO [Train] Epoch:146, TP:178, TN:62, FP:0, FN:0, Loss:0.000003, Accuracy:1.000000, F1:1.000000
Wed, 24 Jan 2018 21:15:27 INFO [Test] Epoch:146, TP:39, TN:4, FP:15, FN:2, Loss:2.535631, Accuracy:0.716667, F1:0.821053
Wed, 24 Jan 2018 21:15:32 INFO [Train] Epoch:147, TP:178, TN:62, FP:0, FN:0, Loss:0.000000, Accuracy:1.000000, F1:1.000000
Wed, 24 Jan 2018 21:15:32 INFO [Test] Epoch:147, TP:39, TN:5, FP:14, FN:2, Loss:1.970252, Accuracy:0.733333, F1:0.829787
Wed, 24 Jan 2018 21:15:37 INFO [Train] Epoch:148, TP:178, TN:62, FP:0, FN:0, Loss:0.000000, Accuracy:1.000000, F1:1.000000
Wed, 24 Jan 2018 21:15:37 INFO [Test] Epoch:148, TP:39, TN:7, FP:12, FN:2, Loss:1.781706, Accuracy:0.766667, F1:0.847826
Wed, 24 Jan 2018 21:15:42 INFO [Train] Epoch:149, TP:178, TN:62, FP:0, FN:0, Loss:0.000000, Accuracy:1.000000, F1:1.000000
Wed, 24 Jan 2018 21:15:42 INFO [Test] Epoch:149, TP:39, TN:4, FP:15, FN:2, Loss:2.138451, Accuracy:0.716667, F1:0.821053
Wed, 24 Jan 2018 21:15:47 INFO [Train] Epoch:150, TP:178, TN:62, FP:0, FN:0, Loss:0.000000, Accuracy:1.000000, F1:1.000000
Wed, 24 Jan 2018 21:15:47 INFO [Test] Epoch:150, TP:39, TN:8, FP:11, FN:2, Loss:1.403297, Accuracy:0.783333, F1:0.857143
Wed, 24 Jan 2018 21:15:52 INFO [Train] Epoch:151, TP:178, TN:62, FP:0, FN:0, Loss:0.000000, Accuracy:1.000000, F1:1.000000
Wed, 24 Jan 2018 21:15:52 INFO [Test] Epoch:151, TP:39, TN:4, FP:15, FN:2, Loss:2.411072, Accuracy:0.716667, F1:0.821053
Wed, 24 Jan 2018 21:15:57 INFO [Train] Epoch:152, TP:178, TN:62, FP:0, FN:0, Loss:0.000003, Accuracy:1.000000, F1:1.000000
Wed, 24 Jan 2018 21:15:57 INFO [Test] Epoch:152, TP:40, TN:4, FP:15, FN:1, Loss:2.950776, Accuracy:0.733333, F1:0.833333
Wed, 24 Jan 2018 21:16:02 INFO [Train] Epoch:153, TP:178, TN:62, FP:0, FN:0, Loss:0.000001, Accuracy:1.000000, F1:1.000000
Wed, 24 Jan 2018 21:16:02 INFO [Test] Epoch:153, TP:40, TN:4, FP:15, FN:1, Loss:2.605734, Accuracy:0.733333, F1:0.833333
Wed, 24 Jan 2018 21:16:07 INFO [Train] Epoch:154, TP:178, TN:62, FP:0, FN:0, Loss:0.000000, Accuracy:1.000000, F1:1.000000
Wed, 24 Jan 2018 21:16:07 INFO [Test] Epoch:154, TP:39, TN:7, FP:12, FN:2, Loss:1.654090, Accuracy:0.766667, F1:0.847826
Wed, 24 Jan 2018 21:16:12 INFO [Train] Epoch:155, TP:178, TN:62, FP:0, FN:0, Loss:0.000000, Accuracy:1.000000, F1:1.000000
Wed, 24 Jan 2018 21:16:12 INFO [Test] Epoch:155, TP:39, TN:7, FP:12, FN:2, Loss:1.507721, Accuracy:0.766667, F1:0.847826
Wed, 24 Jan 2018 21:16:17 INFO [Train] Epoch:156, TP:178, TN:62, FP:0, FN:0, Loss:0.000000, Accuracy:1.000000, F1:1.000000
Wed, 24 Jan 2018 21:16:17 INFO [Test] Epoch:156, TP:40, TN:4, FP:15, FN:1, Loss:2.288811, Accuracy:0.733333, F1:0.833333
Wed, 24 Jan 2018 21:16:22 INFO [Train] Epoch:157, TP:178, TN:62, FP:0, FN:0, Loss:0.000031, Accuracy:1.000000, F1:1.000000
Wed, 24 Jan 2018 21:16:22 INFO [Test] Epoch:157, TP:39, TN:13, FP:6, FN:2, Loss:0.862935, Accuracy:0.866667, F1:0.906977
Wed, 24 Jan 2018 21:16:27 INFO [Train] Epoch:158, TP:178, TN:62, FP:0, FN:0, Loss:0.000001, Accuracy:1.000000, F1:1.000000
Wed, 24 Jan 2018 21:16:28 INFO [Test] Epoch:158, TP:39, TN:8, FP:11, FN:2, Loss:1.324932, Accuracy:0.783333, F1:0.857143
Wed, 24 Jan 2018 21:16:32 INFO [Train] Epoch:159, TP:178, TN:62, FP:0, FN:0, Loss:0.000003, Accuracy:1.000000, F1:1.000000
Wed, 24 Jan 2018 21:16:33 INFO [Test] Epoch:159, TP:40, TN:4, FP:15, FN:1, Loss:2.668841, Accuracy:0.733333, F1:0.833333
Wed, 24 Jan 2018 21:16:37 INFO [Train] Epoch:160, TP:178, TN:62, FP:0, FN:0, Loss:0.000000, Accuracy:1.000000, F1:1.000000
Wed, 24 Jan 2018 21:16:38 INFO [Test] Epoch:160, TP:39, TN:5, FP:14, FN:2, Loss:2.209440, Accuracy:0.733333, F1:0.829787
Wed, 24 Jan 2018 21:16:43 INFO [Train] Epoch:161, TP:178, TN:62, FP:0, FN:0, Loss:0.000001, Accuracy:1.000000, F1:1.000000
Wed, 24 Jan 2018 21:16:43 INFO [Test] Epoch:161, TP:39, TN:8, FP:11, FN:2, Loss:1.268316, Accuracy:0.783333, F1:0.857143
Wed, 24 Jan 2018 21:16:48 INFO [Train] Epoch:162, TP:178, TN:62, FP:0, FN:0, Loss:0.000000, Accuracy:1.000000, F1:1.000000
Wed, 24 Jan 2018 21:16:48 INFO [Test] Epoch:162, TP:39, TN:4, FP:15, FN:2, Loss:2.229197, Accuracy:0.716667, F1:0.821053
Wed, 24 Jan 2018 21:16:53 INFO [Train] Epoch:163, TP:178, TN:62, FP:0, FN:0, Loss:0.000000, Accuracy:1.000000, F1:1.000000
Wed, 24 Jan 2018 21:16:53 INFO [Test] Epoch:163, TP:39, TN:6, FP:13, FN:2, Loss:1.869849, Accuracy:0.750000, F1:0.838710
Wed, 24 Jan 2018 21:16:58 INFO [Train] Epoch:164, TP:178, TN:62, FP:0, FN:0, Loss:0.000000, Accuracy:1.000000, F1:1.000000
Wed, 24 Jan 2018 21:16:58 INFO [Test] Epoch:164, TP:39, TN:5, FP:14, FN:2, Loss:2.342116, Accuracy:0.733333, F1:0.829787
Wed, 24 Jan 2018 21:17:03 INFO [Train] Epoch:165, TP:178, TN:62, FP:0, FN:0, Loss:0.000000, Accuracy:1.000000, F1:1.000000
Wed, 24 Jan 2018 21:17:03 INFO [Test] Epoch:165, TP:39, TN:6, FP:13, FN:2, Loss:1.917397, Accuracy:0.750000, F1:0.838710
Wed, 24 Jan 2018 21:17:08 INFO [Train] Epoch:166, TP:178, TN:62, FP:0, FN:0, Loss:0.000001, Accuracy:1.000000, F1:1.000000
Wed, 24 Jan 2018 21:17:08 INFO [Test] Epoch:166, TP:40, TN:4, FP:15, FN:1, Loss:2.539798, Accuracy:0.733333, F1:0.833333
Wed, 24 Jan 2018 21:17:13 INFO [Train] Epoch:167, TP:178, TN:62, FP:0, FN:0, Loss:0.000000, Accuracy:1.000000, F1:1.000000
Wed, 24 Jan 2018 21:17:13 INFO [Test] Epoch:167, TP:39, TN:7, FP:12, FN:2, Loss:1.993411, Accuracy:0.766667, F1:0.847826
Wed, 24 Jan 2018 21:17:18 INFO [Train] Epoch:168, TP:178, TN:62, FP:0, FN:0, Loss:0.000000, Accuracy:1.000000, F1:1.000000
Wed, 24 Jan 2018 21:17:19 INFO [Test] Epoch:168, TP:39, TN:7, FP:12, FN:2, Loss:1.658504, Accuracy:0.766667, F1:0.847826
Wed, 24 Jan 2018 21:17:23 INFO [Train] Epoch:169, TP:178, TN:62, FP:0, FN:0, Loss:0.000000, Accuracy:1.000000, F1:1.000000
Wed, 24 Jan 2018 21:17:24 INFO [Test] Epoch:169, TP:39, TN:7, FP:12, FN:2, Loss:1.666107, Accuracy:0.766667, F1:0.847826
Wed, 24 Jan 2018 21:17:29 INFO [Train] Epoch:170, TP:178, TN:62, FP:0, FN:0, Loss:0.000001, Accuracy:1.000000, F1:1.000000
Wed, 24 Jan 2018 21:17:29 INFO [Test] Epoch:170, TP:40, TN:4, FP:15, FN:1, Loss:2.766978, Accuracy:0.733333, F1:0.833333
Wed, 24 Jan 2018 21:17:34 INFO [Train] Epoch:171, TP:178, TN:62, FP:0, FN:0, Loss:0.000000, Accuracy:1.000000, F1:1.000000
Wed, 24 Jan 2018 21:17:34 INFO [Test] Epoch:171, TP:39, TN:6, FP:13, FN:2, Loss:2.018389, Accuracy:0.750000, F1:0.838710
Wed, 24 Jan 2018 21:17:39 INFO [Train] Epoch:172, TP:178, TN:62, FP:0, FN:0, Loss:0.000000, Accuracy:1.000000, F1:1.000000
Wed, 24 Jan 2018 21:17:39 INFO [Test] Epoch:172, TP:39, TN:7, FP:12, FN:2, Loss:1.785527, Accuracy:0.766667, F1:0.847826
Wed, 24 Jan 2018 21:17:44 INFO [Train] Epoch:173, TP:178, TN:62, FP:0, FN:0, Loss:0.000000, Accuracy:1.000000, F1:1.000000
Wed, 24 Jan 2018 21:17:44 INFO [Test] Epoch:173, TP:39, TN:7, FP:12, FN:2, Loss:1.426523, Accuracy:0.766667, F1:0.847826
Wed, 24 Jan 2018 21:17:49 INFO [Train] Epoch:174, TP:178, TN:62, FP:0, FN:0, Loss:0.000001, Accuracy:1.000000, F1:1.000000
Wed, 24 Jan 2018 21:17:49 INFO [Test] Epoch:174, TP:39, TN:8, FP:11, FN:2, Loss:1.326034, Accuracy:0.783333, F1:0.857143
Wed, 24 Jan 2018 21:17:54 INFO [Train] Epoch:175, TP:178, TN:62, FP:0, FN:0, Loss:0.000000, Accuracy:1.000000, F1:1.000000
Wed, 24 Jan 2018 21:17:54 INFO [Test] Epoch:175, TP:39, TN:7, FP:12, FN:2, Loss:1.563136, Accuracy:0.766667, F1:0.847826
Wed, 24 Jan 2018 21:17:59 INFO [Train] Epoch:176, TP:178, TN:62, FP:0, FN:0, Loss:0.000000, Accuracy:1.000000, F1:1.000000
Wed, 24 Jan 2018 21:17:59 INFO [Test] Epoch:176, TP:39, TN:6, FP:13, FN:2, Loss:1.927893, Accuracy:0.750000, F1:0.838710
Wed, 24 Jan 2018 21:18:04 INFO [Train] Epoch:177, TP:178, TN:62, FP:0, FN:0, Loss:0.000002, Accuracy:1.000000, F1:1.000000
Wed, 24 Jan 2018 21:18:04 INFO [Test] Epoch:177, TP:39, TN:8, FP:11, FN:2, Loss:1.295983, Accuracy:0.783333, F1:0.857143
Wed, 24 Jan 2018 21:18:09 INFO [Train] Epoch:178, TP:178, TN:62, FP:0, FN:0, Loss:0.000001, Accuracy:1.000000, F1:1.000000
Wed, 24 Jan 2018 21:18:09 INFO [Test] Epoch:178, TP:39, TN:4, FP:15, FN:2, Loss:2.558272, Accuracy:0.716667, F1:0.821053
Wed, 24 Jan 2018 21:18:14 INFO [Train] Epoch:179, TP:178, TN:62, FP:0, FN:0, Loss:0.000000, Accuracy:1.000000, F1:1.000000
Wed, 24 Jan 2018 21:18:15 INFO [Test] Epoch:179, TP:39, TN:5, FP:14, FN:2, Loss:2.236902, Accuracy:0.733333, F1:0.829787
Wed, 24 Jan 2018 21:18:19 INFO [Train] Epoch:180, TP:178, TN:62, FP:0, FN:0, Loss:0.000000, Accuracy:1.000000, F1:1.000000
Wed, 24 Jan 2018 21:18:20 INFO [Test] Epoch:180, TP:39, TN:7, FP:12, FN:2, Loss:1.946231, Accuracy:0.766667, F1:0.847826
Wed, 24 Jan 2018 21:18:24 INFO [Train] Epoch:181, TP:178, TN:62, FP:0, FN:0, Loss:0.000000, Accuracy:1.000000, F1:1.000000
Wed, 24 Jan 2018 21:18:25 INFO [Test] Epoch:181, TP:39, TN:7, FP:12, FN:2, Loss:1.595567, Accuracy:0.766667, F1:0.847826
Wed, 24 Jan 2018 21:18:29 INFO [Train] Epoch:182, TP:178, TN:62, FP:0, FN:0, Loss:0.000002, Accuracy:1.000000, F1:1.000000
Wed, 24 Jan 2018 21:18:30 INFO [Test] Epoch:182, TP:39, TN:4, FP:15, FN:2, Loss:2.680635, Accuracy:0.716667, F1:0.821053
Wed, 24 Jan 2018 21:18:35 INFO [Train] Epoch:183, TP:178, TN:62, FP:0, FN:0, Loss:0.000027, Accuracy:1.000000, F1:1.000000
Wed, 24 Jan 2018 21:18:35 INFO [Test] Epoch:183, TP:40, TN:4, FP:15, FN:1, Loss:3.199255, Accuracy:0.733333, F1:0.833333
Wed, 24 Jan 2018 21:18:40 INFO [Train] Epoch:184, TP:178, TN:62, FP:0, FN:0, Loss:0.000000, Accuracy:1.000000, F1:1.000000
Wed, 24 Jan 2018 21:18:40 INFO [Test] Epoch:184, TP:39, TN:7, FP:12, FN:2, Loss:1.587533, Accuracy:0.766667, F1:0.847826
Wed, 24 Jan 2018 21:18:45 INFO [Train] Epoch:185, TP:178, TN:62, FP:0, FN:0, Loss:0.000039, Accuracy:1.000000, F1:1.000000
Wed, 24 Jan 2018 21:18:45 INFO [Test] Epoch:185, TP:40, TN:3, FP:16, FN:1, Loss:2.927072, Accuracy:0.716667, F1:0.824742
Wed, 24 Jan 2018 21:18:50 INFO [Train] Epoch:186, TP:178, TN:62, FP:0, FN:0, Loss:0.000007, Accuracy:1.000000, F1:1.000000
Wed, 24 Jan 2018 21:18:50 INFO [Test] Epoch:186, TP:40, TN:4, FP:15, FN:1, Loss:2.730441, Accuracy:0.733333, F1:0.833333
Wed, 24 Jan 2018 21:18:55 INFO [Train] Epoch:187, TP:178, TN:62, FP:0, FN:0, Loss:0.000002, Accuracy:1.000000, F1:1.000000
Wed, 24 Jan 2018 21:18:55 INFO [Test] Epoch:187, TP:39, TN:8, FP:11, FN:2, Loss:1.079070, Accuracy:0.783333, F1:0.857143
Wed, 24 Jan 2018 21:19:00 INFO [Train] Epoch:188, TP:178, TN:62, FP:0, FN:0, Loss:0.000001, Accuracy:1.000000, F1:1.000000
Wed, 24 Jan 2018 21:19:00 INFO [Test] Epoch:188, TP:39, TN:7, FP:12, FN:2, Loss:1.285967, Accuracy:0.766667, F1:0.847826
Wed, 24 Jan 2018 21:19:05 INFO [Train] Epoch:189, TP:178, TN:62, FP:0, FN:0, Loss:0.000000, Accuracy:1.000000, F1:1.000000
Wed, 24 Jan 2018 21:19:05 INFO [Test] Epoch:189, TP:39, TN:7, FP:12, FN:2, Loss:1.842584, Accuracy:0.766667, F1:0.847826
Wed, 24 Jan 2018 21:19:10 INFO [Train] Epoch:190, TP:178, TN:62, FP:0, FN:0, Loss:0.000000, Accuracy:1.000000, F1:1.000000
Wed, 24 Jan 2018 21:19:10 INFO [Test] Epoch:190, TP:39, TN:7, FP:12, FN:2, Loss:1.689611, Accuracy:0.766667, F1:0.847826
Wed, 24 Jan 2018 21:19:15 INFO [Train] Epoch:191, TP:178, TN:62, FP:0, FN:0, Loss:0.000000, Accuracy:1.000000, F1:1.000000
Wed, 24 Jan 2018 21:19:16 INFO [Test] Epoch:191, TP:39, TN:7, FP:12, FN:2, Loss:1.894184, Accuracy:0.766667, F1:0.847826
Wed, 24 Jan 2018 21:19:20 INFO [Train] Epoch:192, TP:178, TN:62, FP:0, FN:0, Loss:0.000000, Accuracy:1.000000, F1:1.000000
Wed, 24 Jan 2018 21:19:21 INFO [Test] Epoch:192, TP:39, TN:7, FP:12, FN:2, Loss:1.629780, Accuracy:0.766667, F1:0.847826
Wed, 24 Jan 2018 21:19:25 INFO [Train] Epoch:193, TP:178, TN:62, FP:0, FN:0, Loss:0.000000, Accuracy:1.000000, F1:1.000000
Wed, 24 Jan 2018 21:19:26 INFO [Test] Epoch:193, TP:39, TN:7, FP:12, FN:2, Loss:1.675219, Accuracy:0.766667, F1:0.847826
Wed, 24 Jan 2018 21:19:31 INFO [Train] Epoch:194, TP:178, TN:62, FP:0, FN:0, Loss:0.000000, Accuracy:1.000000, F1:1.000000
Wed, 24 Jan 2018 21:19:31 INFO [Test] Epoch:194, TP:39, TN:6, FP:13, FN:2, Loss:1.935891, Accuracy:0.750000, F1:0.838710
Wed, 24 Jan 2018 21:19:36 INFO [Train] Epoch:195, TP:178, TN:62, FP:0, FN:0, Loss:0.000000, Accuracy:1.000000, F1:1.000000
Wed, 24 Jan 2018 21:19:36 INFO [Test] Epoch:195, TP:39, TN:7, FP:12, FN:2, Loss:1.690835, Accuracy:0.766667, F1:0.847826
Wed, 24 Jan 2018 21:19:41 INFO [Train] Epoch:196, TP:178, TN:62, FP:0, FN:0, Loss:0.000000, Accuracy:1.000000, F1:1.000000
Wed, 24 Jan 2018 21:19:41 INFO [Test] Epoch:196, TP:39, TN:8, FP:11, FN:2, Loss:1.536194, Accuracy:0.783333, F1:0.857143
Wed, 24 Jan 2018 21:19:46 INFO [Train] Epoch:197, TP:178, TN:62, FP:0, FN:0, Loss:0.000000, Accuracy:1.000000, F1:1.000000
Wed, 24 Jan 2018 21:19:46 INFO [Test] Epoch:197, TP:39, TN:7, FP:12, FN:2, Loss:1.589401, Accuracy:0.766667, F1:0.847826
Wed, 24 Jan 2018 21:19:51 INFO [Train] Epoch:198, TP:178, TN:62, FP:0, FN:0, Loss:0.000000, Accuracy:1.000000, F1:1.000000
Wed, 24 Jan 2018 21:19:51 INFO [Test] Epoch:198, TP:39, TN:7, FP:12, FN:2, Loss:1.625954, Accuracy:0.766667, F1:0.847826
Wed, 24 Jan 2018 21:19:56 INFO [Train] Epoch:199, TP:178, TN:62, FP:0, FN:0, Loss:0.000000, Accuracy:1.000000, F1:1.000000
Wed, 24 Jan 2018 21:19:56 INFO [Test] Epoch:199, TP:39, TN:7, FP:12, FN:2, Loss:1.822598, Accuracy:0.766667, F1:0.847826
