Wed, 24 Jan 2018 23:00:06 INFO 
=====Config====
model_name = Conv3d  
is_training = True      
max_epoch = 200
gpu_num = 1
lr = 1.5
num_classes = 2
batch_size = 4
image_shape = (61, 73, 61, 2)
plot_batch = 25
dropout_keep_prob = 0.8
train_data_path = tfdata/cnn_tfdata/epilepsy_cnn_train.tfrecords
train_data_length = 240
test_data_path = tfdata/cnn_tfdata/epilepsy_cnn_test.tfrecords
test_data_length = 60
logger_path = logs/Conv3d_2018-01-24 23:00:05.log
save_model_path = saved_models/Conv3d_2018-01-24 23:00:05/
=====Config====

Wed, 24 Jan 2018 23:00:34 INFO [Train] Epoch:0, TP:178, TN:5, FP:57, FN:0, Loss:1.870102, Accuracy:0.762500, F1:0.861985
Wed, 24 Jan 2018 23:00:35 INFO [Test] Epoch:0, TP:40, TN:0, FP:19, FN:1, Loss:2.845899, Accuracy:0.666667, F1:0.800000
Wed, 24 Jan 2018 23:00:42 INFO [Train] Epoch:1, TP:178, TN:0, FP:62, FN:0, Loss:3.186762, Accuracy:0.741667, F1:0.851675
Wed, 24 Jan 2018 23:00:42 INFO [Test] Epoch:1, TP:41, TN:0, FP:19, FN:0, Loss:4.646799, Accuracy:0.683333, F1:0.811881
Wed, 24 Jan 2018 23:00:49 INFO [Train] Epoch:2, TP:0, TN:62, FP:0, FN:178, Loss:7.463455, Accuracy:0.258333, F1:0.000000
Wed, 24 Jan 2018 23:00:50 INFO [Test] Epoch:2, TP:0, TN:19, FP:0, FN:41, Loss:6.946097, Accuracy:0.316667, F1:0.000000
Wed, 24 Jan 2018 23:00:57 INFO [Train] Epoch:3, TP:178, TN:1, FP:61, FN:0, Loss:1.556407, Accuracy:0.745833, F1:0.853717
Wed, 24 Jan 2018 23:00:57 INFO [Test] Epoch:3, TP:41, TN:0, FP:19, FN:0, Loss:2.440191, Accuracy:0.683333, F1:0.811881
Wed, 24 Jan 2018 23:01:04 INFO [Train] Epoch:4, TP:1, TN:62, FP:0, FN:177, Loss:5.200663, Accuracy:0.262500, F1:0.011173
Wed, 24 Jan 2018 23:01:05 INFO [Test] Epoch:4, TP:0, TN:19, FP:0, FN:41, Loss:4.865076, Accuracy:0.316667, F1:0.000000
Wed, 24 Jan 2018 23:01:11 INFO [Train] Epoch:5, TP:173, TN:54, FP:8, FN:5, Loss:0.163570, Accuracy:0.945833, F1:0.963788
Wed, 24 Jan 2018 23:01:12 INFO [Test] Epoch:5, TP:39, TN:12, FP:7, FN:2, Loss:0.498022, Accuracy:0.850000, F1:0.896552
Wed, 24 Jan 2018 23:01:19 INFO [Train] Epoch:6, TP:68, TN:62, FP:0, FN:110, Loss:1.187803, Accuracy:0.541667, F1:0.552846
Wed, 24 Jan 2018 23:01:20 INFO [Test] Epoch:6, TP:15, TN:19, FP:0, FN:26, Loss:1.286156, Accuracy:0.566667, F1:0.535714
Wed, 24 Jan 2018 23:01:27 INFO [Train] Epoch:7, TP:173, TN:55, FP:7, FN:5, Loss:0.127254, Accuracy:0.950000, F1:0.966480
Wed, 24 Jan 2018 23:01:27 INFO [Test] Epoch:7, TP:39, TN:10, FP:9, FN:2, Loss:0.536125, Accuracy:0.816667, F1:0.876404
Wed, 24 Jan 2018 23:01:34 INFO [Train] Epoch:8, TP:157, TN:60, FP:2, FN:21, Loss:0.207030, Accuracy:0.904167, F1:0.931751
Wed, 24 Jan 2018 23:01:35 INFO [Test] Epoch:8, TP:37, TN:13, FP:6, FN:4, Loss:0.428065, Accuracy:0.833333, F1:0.880952
Wed, 24 Jan 2018 23:01:41 INFO [Train] Epoch:9, TP:158, TN:61, FP:1, FN:20, Loss:0.207502, Accuracy:0.912500, F1:0.937685
Wed, 24 Jan 2018 23:01:42 INFO [Test] Epoch:9, TP:34, TN:13, FP:6, FN:7, Loss:0.542224, Accuracy:0.783333, F1:0.839506
Wed, 24 Jan 2018 23:01:49 INFO [Train] Epoch:10, TP:175, TN:61, FP:1, FN:3, Loss:0.073391, Accuracy:0.983333, F1:0.988701
Wed, 24 Jan 2018 23:01:50 INFO [Test] Epoch:10, TP:39, TN:12, FP:7, FN:2, Loss:0.452155, Accuracy:0.850000, F1:0.896552
Wed, 24 Jan 2018 23:01:57 INFO [Train] Epoch:11, TP:178, TN:42, FP:20, FN:0, Loss:0.186209, Accuracy:0.916667, F1:0.946809
Wed, 24 Jan 2018 23:01:57 INFO [Test] Epoch:11, TP:40, TN:4, FP:15, FN:1, Loss:1.035828, Accuracy:0.733333, F1:0.833333
Wed, 24 Jan 2018 23:02:04 INFO [Train] Epoch:12, TP:178, TN:51, FP:11, FN:0, Loss:0.086766, Accuracy:0.954167, F1:0.970027
Wed, 24 Jan 2018 23:02:05 INFO [Test] Epoch:12, TP:39, TN:6, FP:13, FN:2, Loss:0.709246, Accuracy:0.750000, F1:0.838710
Wed, 24 Jan 2018 23:02:12 INFO [Train] Epoch:13, TP:178, TN:15, FP:47, FN:0, Loss:0.503767, Accuracy:0.804167, F1:0.883375
Wed, 24 Jan 2018 23:02:12 INFO [Test] Epoch:13, TP:41, TN:1, FP:18, FN:0, Loss:1.803596, Accuracy:0.700000, F1:0.820000
Wed, 24 Jan 2018 23:02:19 INFO [Train] Epoch:14, TP:178, TN:48, FP:14, FN:0, Loss:0.141818, Accuracy:0.941667, F1:0.962162
Wed, 24 Jan 2018 23:02:19 INFO [Test] Epoch:14, TP:39, TN:5, FP:14, FN:2, Loss:0.946069, Accuracy:0.733333, F1:0.829787
Wed, 24 Jan 2018 23:02:26 INFO [Train] Epoch:15, TP:178, TN:33, FP:29, FN:0, Loss:0.267399, Accuracy:0.879167, F1:0.924675
Wed, 24 Jan 2018 23:02:27 INFO [Test] Epoch:15, TP:40, TN:1, FP:18, FN:1, Loss:1.431064, Accuracy:0.683333, F1:0.808081
Wed, 24 Jan 2018 23:02:34 INFO [Train] Epoch:16, TP:178, TN:14, FP:48, FN:0, Loss:0.575945, Accuracy:0.800000, F1:0.881188
Wed, 24 Jan 2018 23:02:34 INFO [Test] Epoch:16, TP:41, TN:0, FP:19, FN:0, Loss:2.102622, Accuracy:0.683333, F1:0.811881
Wed, 24 Jan 2018 23:02:41 INFO [Train] Epoch:17, TP:178, TN:60, FP:2, FN:0, Loss:0.026842, Accuracy:0.991667, F1:0.994413
Wed, 24 Jan 2018 23:02:42 INFO [Test] Epoch:17, TP:39, TN:8, FP:11, FN:2, Loss:0.906682, Accuracy:0.783333, F1:0.857143
Wed, 24 Jan 2018 23:02:48 INFO [Train] Epoch:18, TP:178, TN:62, FP:0, FN:0, Loss:0.014572, Accuracy:1.000000, F1:1.000000
Wed, 24 Jan 2018 23:02:49 INFO [Test] Epoch:18, TP:39, TN:9, FP:10, FN:2, Loss:0.720145, Accuracy:0.800000, F1:0.866667
Wed, 24 Jan 2018 23:02:56 INFO [Train] Epoch:19, TP:177, TN:62, FP:0, FN:1, Loss:0.022021, Accuracy:0.995833, F1:0.997183
Wed, 24 Jan 2018 23:02:57 INFO [Test] Epoch:19, TP:38, TN:14, FP:5, FN:3, Loss:0.501273, Accuracy:0.866667, F1:0.904762
Wed, 24 Jan 2018 23:03:03 INFO [Train] Epoch:20, TP:178, TN:62, FP:0, FN:0, Loss:0.010211, Accuracy:1.000000, F1:1.000000
Wed, 24 Jan 2018 23:03:04 INFO [Test] Epoch:20, TP:39, TN:6, FP:13, FN:2, Loss:0.989919, Accuracy:0.750000, F1:0.838710
Wed, 24 Jan 2018 23:03:11 INFO [Train] Epoch:21, TP:178, TN:61, FP:1, FN:0, Loss:0.018786, Accuracy:0.995833, F1:0.997199
Wed, 24 Jan 2018 23:03:12 INFO [Test] Epoch:21, TP:39, TN:6, FP:13, FN:2, Loss:1.150106, Accuracy:0.750000, F1:0.838710
Wed, 24 Jan 2018 23:03:19 INFO [Train] Epoch:22, TP:178, TN:62, FP:0, FN:0, Loss:0.009891, Accuracy:1.000000, F1:1.000000
Wed, 24 Jan 2018 23:03:19 INFO [Test] Epoch:22, TP:39, TN:7, FP:12, FN:2, Loss:0.772183, Accuracy:0.766667, F1:0.847826
Wed, 24 Jan 2018 23:03:26 INFO [Train] Epoch:23, TP:178, TN:62, FP:0, FN:0, Loss:0.018100, Accuracy:1.000000, F1:1.000000
Wed, 24 Jan 2018 23:03:26 INFO [Test] Epoch:23, TP:37, TN:15, FP:4, FN:4, Loss:0.493371, Accuracy:0.866667, F1:0.902439
Wed, 24 Jan 2018 23:03:33 INFO [Train] Epoch:24, TP:178, TN:62, FP:0, FN:0, Loss:0.002883, Accuracy:1.000000, F1:1.000000
Wed, 24 Jan 2018 23:03:34 INFO [Test] Epoch:24, TP:39, TN:9, FP:10, FN:2, Loss:0.858868, Accuracy:0.800000, F1:0.866667
Wed, 24 Jan 2018 23:03:41 INFO [Train] Epoch:25, TP:178, TN:62, FP:0, FN:0, Loss:0.001533, Accuracy:1.000000, F1:1.000000
Wed, 24 Jan 2018 23:03:41 INFO [Test] Epoch:25, TP:39, TN:11, FP:8, FN:2, Loss:0.670471, Accuracy:0.833333, F1:0.886364
Wed, 24 Jan 2018 23:03:48 INFO [Train] Epoch:26, TP:167, TN:62, FP:0, FN:11, Loss:0.110065, Accuracy:0.954167, F1:0.968116
Wed, 24 Jan 2018 23:03:49 INFO [Test] Epoch:26, TP:35, TN:16, FP:3, FN:6, Loss:0.752160, Accuracy:0.850000, F1:0.886076
Wed, 24 Jan 2018 23:03:55 INFO [Train] Epoch:27, TP:178, TN:18, FP:44, FN:0, Loss:0.501535, Accuracy:0.816667, F1:0.890000
Wed, 24 Jan 2018 23:03:56 INFO [Test] Epoch:27, TP:41, TN:1, FP:18, FN:0, Loss:3.298370, Accuracy:0.700000, F1:0.820000
Wed, 24 Jan 2018 23:04:03 INFO [Train] Epoch:28, TP:178, TN:62, FP:0, FN:0, Loss:0.000454, Accuracy:1.000000, F1:1.000000
Wed, 24 Jan 2018 23:04:03 INFO [Test] Epoch:28, TP:39, TN:10, FP:9, FN:2, Loss:0.824514, Accuracy:0.816667, F1:0.876404
Wed, 24 Jan 2018 23:04:10 INFO [Train] Epoch:29, TP:178, TN:62, FP:0, FN:0, Loss:0.000352, Accuracy:1.000000, F1:1.000000
Wed, 24 Jan 2018 23:04:11 INFO [Test] Epoch:29, TP:39, TN:8, FP:11, FN:2, Loss:0.999807, Accuracy:0.783333, F1:0.857143
Wed, 24 Jan 2018 23:04:17 INFO [Train] Epoch:30, TP:178, TN:62, FP:0, FN:0, Loss:0.001037, Accuracy:1.000000, F1:1.000000
Wed, 24 Jan 2018 23:04:18 INFO [Test] Epoch:30, TP:39, TN:7, FP:12, FN:2, Loss:1.343274, Accuracy:0.766667, F1:0.847826
Wed, 24 Jan 2018 23:04:25 INFO [Train] Epoch:31, TP:115, TN:62, FP:0, FN:63, Loss:0.662284, Accuracy:0.737500, F1:0.784983
Wed, 24 Jan 2018 23:04:25 INFO [Test] Epoch:31, TP:23, TN:19, FP:0, FN:18, Loss:1.527589, Accuracy:0.700000, F1:0.718750
Wed, 24 Jan 2018 23:04:32 INFO [Train] Epoch:32, TP:178, TN:62, FP:0, FN:0, Loss:0.000300, Accuracy:1.000000, F1:1.000000
Wed, 24 Jan 2018 23:04:33 INFO [Test] Epoch:32, TP:39, TN:10, FP:9, FN:2, Loss:0.849977, Accuracy:0.816667, F1:0.876404
Wed, 24 Jan 2018 23:04:39 INFO [Train] Epoch:33, TP:178, TN:61, FP:1, FN:0, Loss:0.011254, Accuracy:0.995833, F1:0.997199
Wed, 24 Jan 2018 23:04:40 INFO [Test] Epoch:33, TP:39, TN:3, FP:16, FN:2, Loss:1.813632, Accuracy:0.700000, F1:0.812500
Wed, 24 Jan 2018 23:04:47 INFO [Train] Epoch:34, TP:178, TN:61, FP:1, FN:0, Loss:0.013658, Accuracy:0.995833, F1:0.997199
Wed, 24 Jan 2018 23:04:47 INFO [Test] Epoch:34, TP:40, TN:3, FP:16, FN:1, Loss:2.134640, Accuracy:0.716667, F1:0.824742
Wed, 24 Jan 2018 23:04:54 INFO [Train] Epoch:35, TP:178, TN:62, FP:0, FN:0, Loss:0.000737, Accuracy:1.000000, F1:1.000000
Wed, 24 Jan 2018 23:04:55 INFO [Test] Epoch:35, TP:39, TN:13, FP:6, FN:2, Loss:0.785059, Accuracy:0.866667, F1:0.906977
Wed, 24 Jan 2018 23:05:02 INFO [Train] Epoch:36, TP:178, TN:62, FP:0, FN:0, Loss:0.000121, Accuracy:1.000000, F1:1.000000
Wed, 24 Jan 2018 23:05:02 INFO [Test] Epoch:36, TP:39, TN:10, FP:9, FN:2, Loss:1.050234, Accuracy:0.816667, F1:0.876404
Wed, 24 Jan 2018 23:05:09 INFO [Train] Epoch:37, TP:178, TN:62, FP:0, FN:0, Loss:0.000275, Accuracy:1.000000, F1:1.000000
Wed, 24 Jan 2018 23:05:10 INFO [Test] Epoch:37, TP:39, TN:8, FP:11, FN:2, Loss:1.070636, Accuracy:0.783333, F1:0.857143
Wed, 24 Jan 2018 23:05:17 INFO [Train] Epoch:38, TP:178, TN:62, FP:0, FN:0, Loss:0.000503, Accuracy:1.000000, F1:1.000000
Wed, 24 Jan 2018 23:05:17 INFO [Test] Epoch:38, TP:39, TN:12, FP:7, FN:2, Loss:0.785265, Accuracy:0.850000, F1:0.896552
Wed, 24 Jan 2018 23:05:24 INFO [Train] Epoch:39, TP:178, TN:62, FP:0, FN:0, Loss:0.000185, Accuracy:1.000000, F1:1.000000
Wed, 24 Jan 2018 23:05:24 INFO [Test] Epoch:39, TP:39, TN:12, FP:7, FN:2, Loss:0.897289, Accuracy:0.850000, F1:0.896552
Wed, 24 Jan 2018 23:05:31 INFO [Train] Epoch:40, TP:178, TN:62, FP:0, FN:0, Loss:0.000220, Accuracy:1.000000, F1:1.000000
Wed, 24 Jan 2018 23:05:32 INFO [Test] Epoch:40, TP:39, TN:10, FP:9, FN:2, Loss:0.969686, Accuracy:0.816667, F1:0.876404
Wed, 24 Jan 2018 23:05:39 INFO [Train] Epoch:41, TP:178, TN:62, FP:0, FN:0, Loss:0.000110, Accuracy:1.000000, F1:1.000000
Wed, 24 Jan 2018 23:05:39 INFO [Test] Epoch:41, TP:38, TN:11, FP:8, FN:3, Loss:0.896503, Accuracy:0.816667, F1:0.873563
Wed, 24 Jan 2018 23:05:46 INFO [Train] Epoch:42, TP:178, TN:62, FP:0, FN:0, Loss:0.000059, Accuracy:1.000000, F1:1.000000
Wed, 24 Jan 2018 23:05:47 INFO [Test] Epoch:42, TP:38, TN:14, FP:5, FN:3, Loss:0.858326, Accuracy:0.866667, F1:0.904762
Wed, 24 Jan 2018 23:05:54 INFO [Train] Epoch:43, TP:178, TN:62, FP:0, FN:0, Loss:0.000056, Accuracy:1.000000, F1:1.000000
Wed, 24 Jan 2018 23:05:54 INFO [Test] Epoch:43, TP:38, TN:14, FP:5, FN:3, Loss:0.840281, Accuracy:0.866667, F1:0.904762
Wed, 24 Jan 2018 23:06:01 INFO [Train] Epoch:44, TP:178, TN:62, FP:0, FN:0, Loss:0.000908, Accuracy:1.000000, F1:1.000000
Wed, 24 Jan 2018 23:06:01 INFO [Test] Epoch:44, TP:39, TN:8, FP:11, FN:2, Loss:1.324843, Accuracy:0.783333, F1:0.857143
Wed, 24 Jan 2018 23:06:08 INFO [Train] Epoch:45, TP:178, TN:62, FP:0, FN:0, Loss:0.002187, Accuracy:1.000000, F1:1.000000
Wed, 24 Jan 2018 23:06:09 INFO [Test] Epoch:45, TP:39, TN:7, FP:12, FN:2, Loss:1.589980, Accuracy:0.766667, F1:0.847826
Wed, 24 Jan 2018 23:06:26 INFO [Train] Epoch:46, TP:178, TN:62, FP:0, FN:0, Loss:0.000071, Accuracy:1.000000, F1:1.000000
Wed, 24 Jan 2018 23:06:26 INFO [Test] Epoch:46, TP:39, TN:12, FP:7, FN:2, Loss:0.817137, Accuracy:0.850000, F1:0.896552
Wed, 24 Jan 2018 23:06:33 INFO [Train] Epoch:47, TP:178, TN:62, FP:0, FN:0, Loss:0.000070, Accuracy:1.000000, F1:1.000000
Wed, 24 Jan 2018 23:06:34 INFO [Test] Epoch:47, TP:39, TN:13, FP:6, FN:2, Loss:0.802007, Accuracy:0.866667, F1:0.906977
Wed, 24 Jan 2018 23:06:41 INFO [Train] Epoch:48, TP:62, TN:62, FP:0, FN:116, Loss:1.910862, Accuracy:0.516667, F1:0.516667
Wed, 24 Jan 2018 23:06:41 INFO [Test] Epoch:48, TP:12, TN:19, FP:0, FN:29, Loss:3.230897, Accuracy:0.516667, F1:0.452830
Wed, 24 Jan 2018 23:06:48 INFO [Train] Epoch:49, TP:178, TN:62, FP:0, FN:0, Loss:0.000039, Accuracy:1.000000, F1:1.000000
Wed, 24 Jan 2018 23:06:48 INFO [Test] Epoch:49, TP:39, TN:10, FP:9, FN:2, Loss:1.202026, Accuracy:0.816667, F1:0.876404
Wed, 24 Jan 2018 23:06:55 INFO [Train] Epoch:50, TP:178, TN:62, FP:0, FN:0, Loss:0.000017, Accuracy:1.000000, F1:1.000000
Wed, 24 Jan 2018 23:06:56 INFO [Test] Epoch:50, TP:39, TN:10, FP:9, FN:2, Loss:1.067129, Accuracy:0.816667, F1:0.876404
Wed, 24 Jan 2018 23:07:03 INFO [Train] Epoch:51, TP:178, TN:62, FP:0, FN:0, Loss:0.000121, Accuracy:1.000000, F1:1.000000
Wed, 24 Jan 2018 23:07:03 INFO [Test] Epoch:51, TP:39, TN:10, FP:9, FN:2, Loss:1.179626, Accuracy:0.816667, F1:0.876404
Wed, 24 Jan 2018 23:07:10 INFO [Train] Epoch:52, TP:178, TN:62, FP:0, FN:0, Loss:0.000012, Accuracy:1.000000, F1:1.000000
Wed, 24 Jan 2018 23:07:10 INFO [Test] Epoch:52, TP:39, TN:13, FP:6, FN:2, Loss:1.009605, Accuracy:0.866667, F1:0.906977
Wed, 24 Jan 2018 23:07:17 INFO [Train] Epoch:53, TP:178, TN:62, FP:0, FN:0, Loss:0.000190, Accuracy:1.000000, F1:1.000000
Wed, 24 Jan 2018 23:07:18 INFO [Test] Epoch:53, TP:37, TN:15, FP:4, FN:4, Loss:0.959004, Accuracy:0.866667, F1:0.902439
Wed, 24 Jan 2018 23:07:25 INFO [Train] Epoch:54, TP:178, TN:62, FP:0, FN:0, Loss:0.000151, Accuracy:1.000000, F1:1.000000
Wed, 24 Jan 2018 23:07:25 INFO [Test] Epoch:54, TP:37, TN:15, FP:4, FN:4, Loss:0.981159, Accuracy:0.866667, F1:0.902439
Wed, 24 Jan 2018 23:07:32 INFO [Train] Epoch:55, TP:178, TN:62, FP:0, FN:0, Loss:0.000069, Accuracy:1.000000, F1:1.000000
Wed, 24 Jan 2018 23:07:33 INFO [Test] Epoch:55, TP:38, TN:8, FP:11, FN:3, Loss:1.523252, Accuracy:0.766667, F1:0.844444
Wed, 24 Jan 2018 23:07:40 INFO [Train] Epoch:56, TP:178, TN:62, FP:0, FN:0, Loss:0.000045, Accuracy:1.000000, F1:1.000000
Wed, 24 Jan 2018 23:07:40 INFO [Test] Epoch:56, TP:38, TN:8, FP:11, FN:3, Loss:1.563281, Accuracy:0.766667, F1:0.844444
Wed, 24 Jan 2018 23:07:47 INFO [Train] Epoch:57, TP:178, TN:62, FP:0, FN:0, Loss:0.006798, Accuracy:1.000000, F1:1.000000
Wed, 24 Jan 2018 23:07:47 INFO [Test] Epoch:57, TP:39, TN:2, FP:17, FN:2, Loss:2.744189, Accuracy:0.683333, F1:0.804124
Wed, 24 Jan 2018 23:07:54 INFO [Train] Epoch:58, TP:178, TN:62, FP:0, FN:0, Loss:0.000043, Accuracy:1.000000, F1:1.000000
Wed, 24 Jan 2018 23:07:55 INFO [Test] Epoch:58, TP:38, TN:11, FP:8, FN:3, Loss:1.206961, Accuracy:0.816667, F1:0.873563
Wed, 24 Jan 2018 23:08:02 INFO [Train] Epoch:59, TP:178, TN:61, FP:1, FN:0, Loss:0.004776, Accuracy:0.995833, F1:0.997199
Wed, 24 Jan 2018 23:08:02 INFO [Test] Epoch:59, TP:39, TN:5, FP:14, FN:2, Loss:2.823642, Accuracy:0.733333, F1:0.829787
Wed, 24 Jan 2018 23:08:09 INFO [Train] Epoch:60, TP:178, TN:62, FP:0, FN:0, Loss:0.001841, Accuracy:1.000000, F1:1.000000
Wed, 24 Jan 2018 23:08:10 INFO [Test] Epoch:60, TP:39, TN:5, FP:14, FN:2, Loss:2.754508, Accuracy:0.733333, F1:0.829787
Wed, 24 Jan 2018 23:08:16 INFO [Train] Epoch:61, TP:178, TN:62, FP:0, FN:0, Loss:0.000003, Accuracy:1.000000, F1:1.000000
Wed, 24 Jan 2018 23:08:17 INFO [Test] Epoch:61, TP:39, TN:7, FP:12, FN:2, Loss:1.836378, Accuracy:0.766667, F1:0.847826
Wed, 24 Jan 2018 23:08:24 INFO [Train] Epoch:62, TP:178, TN:62, FP:0, FN:0, Loss:0.000123, Accuracy:1.000000, F1:1.000000
Wed, 24 Jan 2018 23:08:25 INFO [Test] Epoch:62, TP:39, TN:14, FP:5, FN:2, Loss:1.014727, Accuracy:0.883333, F1:0.917647
Wed, 24 Jan 2018 23:08:32 INFO [Train] Epoch:63, TP:178, TN:62, FP:0, FN:0, Loss:0.000003, Accuracy:1.000000, F1:1.000000
Wed, 24 Jan 2018 23:08:32 INFO [Test] Epoch:63, TP:39, TN:10, FP:9, FN:2, Loss:1.389404, Accuracy:0.816667, F1:0.876404
Wed, 24 Jan 2018 23:08:39 INFO [Train] Epoch:64, TP:178, TN:62, FP:0, FN:0, Loss:0.000006, Accuracy:1.000000, F1:1.000000
Wed, 24 Jan 2018 23:08:39 INFO [Test] Epoch:64, TP:38, TN:11, FP:8, FN:3, Loss:1.305204, Accuracy:0.816667, F1:0.873563
Wed, 24 Jan 2018 23:08:46 INFO [Train] Epoch:65, TP:178, TN:62, FP:0, FN:0, Loss:0.000014, Accuracy:1.000000, F1:1.000000
Wed, 24 Jan 2018 23:08:47 INFO [Test] Epoch:65, TP:39, TN:11, FP:8, FN:2, Loss:1.300622, Accuracy:0.833333, F1:0.886364
Wed, 24 Jan 2018 23:08:54 INFO [Train] Epoch:66, TP:178, TN:62, FP:0, FN:0, Loss:0.000007, Accuracy:1.000000, F1:1.000000
Wed, 24 Jan 2018 23:08:54 INFO [Test] Epoch:66, TP:39, TN:12, FP:7, FN:2, Loss:1.127484, Accuracy:0.850000, F1:0.896552
Wed, 24 Jan 2018 23:09:01 INFO [Train] Epoch:67, TP:178, TN:62, FP:0, FN:0, Loss:0.000001, Accuracy:1.000000, F1:1.000000
Wed, 24 Jan 2018 23:09:02 INFO [Test] Epoch:67, TP:39, TN:8, FP:11, FN:2, Loss:1.550890, Accuracy:0.783333, F1:0.857143
Wed, 24 Jan 2018 23:09:09 INFO [Train] Epoch:68, TP:178, TN:62, FP:0, FN:0, Loss:0.000002, Accuracy:1.000000, F1:1.000000
Wed, 24 Jan 2018 23:09:09 INFO [Test] Epoch:68, TP:39, TN:7, FP:12, FN:2, Loss:1.651097, Accuracy:0.766667, F1:0.847826
Wed, 24 Jan 2018 23:09:16 INFO [Train] Epoch:69, TP:178, TN:62, FP:0, FN:0, Loss:0.000042, Accuracy:1.000000, F1:1.000000
Wed, 24 Jan 2018 23:09:17 INFO [Test] Epoch:69, TP:39, TN:7, FP:12, FN:2, Loss:1.587800, Accuracy:0.766667, F1:0.847826
Wed, 24 Jan 2018 23:09:24 INFO [Train] Epoch:70, TP:178, TN:62, FP:0, FN:0, Loss:0.000002, Accuracy:1.000000, F1:1.000000
Wed, 24 Jan 2018 23:09:24 INFO [Test] Epoch:70, TP:39, TN:10, FP:9, FN:2, Loss:1.279157, Accuracy:0.816667, F1:0.876404
Wed, 24 Jan 2018 23:09:31 INFO [Train] Epoch:71, TP:178, TN:62, FP:0, FN:0, Loss:0.000001, Accuracy:1.000000, F1:1.000000
Wed, 24 Jan 2018 23:09:32 INFO [Test] Epoch:71, TP:39, TN:11, FP:8, FN:2, Loss:1.128191, Accuracy:0.833333, F1:0.886364
Wed, 24 Jan 2018 23:09:39 INFO [Train] Epoch:72, TP:178, TN:62, FP:0, FN:0, Loss:0.000015, Accuracy:1.000000, F1:1.000000
Wed, 24 Jan 2018 23:09:39 INFO [Test] Epoch:72, TP:38, TN:13, FP:6, FN:3, Loss:1.146576, Accuracy:0.850000, F1:0.894118
Wed, 24 Jan 2018 23:09:46 INFO [Train] Epoch:73, TP:178, TN:62, FP:0, FN:0, Loss:0.000001, Accuracy:1.000000, F1:1.000000
Wed, 24 Jan 2018 23:09:47 INFO [Test] Epoch:73, TP:39, TN:12, FP:7, FN:2, Loss:1.244491, Accuracy:0.850000, F1:0.896552
Wed, 24 Jan 2018 23:09:54 INFO [Train] Epoch:74, TP:178, TN:62, FP:0, FN:0, Loss:0.000002, Accuracy:1.000000, F1:1.000000
Wed, 24 Jan 2018 23:09:54 INFO [Test] Epoch:74, TP:39, TN:9, FP:10, FN:2, Loss:1.911479, Accuracy:0.800000, F1:0.866667
Wed, 24 Jan 2018 23:10:01 INFO [Train] Epoch:75, TP:178, TN:47, FP:15, FN:0, Loss:0.258864, Accuracy:0.937500, F1:0.959569
Wed, 24 Jan 2018 23:10:02 INFO [Test] Epoch:75, TP:41, TN:1, FP:18, FN:0, Loss:4.506623, Accuracy:0.700000, F1:0.820000
Wed, 24 Jan 2018 23:10:09 INFO [Train] Epoch:76, TP:178, TN:62, FP:0, FN:0, Loss:0.000068, Accuracy:1.000000, F1:1.000000
Wed, 24 Jan 2018 23:10:09 INFO [Test] Epoch:76, TP:40, TN:6, FP:13, FN:1, Loss:1.982596, Accuracy:0.766667, F1:0.851064
Wed, 24 Jan 2018 23:10:16 INFO [Train] Epoch:77, TP:178, TN:62, FP:0, FN:0, Loss:0.000001, Accuracy:1.000000, F1:1.000000
Wed, 24 Jan 2018 23:10:17 INFO [Test] Epoch:77, TP:39, TN:10, FP:9, FN:2, Loss:1.358576, Accuracy:0.816667, F1:0.876404
Wed, 24 Jan 2018 23:10:24 INFO [Train] Epoch:78, TP:178, TN:62, FP:0, FN:0, Loss:0.000001, Accuracy:1.000000, F1:1.000000
Wed, 24 Jan 2018 23:10:24 INFO [Test] Epoch:78, TP:39, TN:10, FP:9, FN:2, Loss:1.359473, Accuracy:0.816667, F1:0.876404
Wed, 24 Jan 2018 23:10:31 INFO [Train] Epoch:79, TP:178, TN:62, FP:0, FN:0, Loss:0.000005, Accuracy:1.000000, F1:1.000000
Wed, 24 Jan 2018 23:10:32 INFO [Test] Epoch:79, TP:38, TN:13, FP:6, FN:3, Loss:1.149236, Accuracy:0.850000, F1:0.894118
Wed, 24 Jan 2018 23:10:38 INFO [Train] Epoch:80, TP:178, TN:62, FP:0, FN:0, Loss:0.000001, Accuracy:1.000000, F1:1.000000
Wed, 24 Jan 2018 23:10:39 INFO [Test] Epoch:80, TP:38, TN:9, FP:10, FN:3, Loss:1.410757, Accuracy:0.783333, F1:0.853933
Wed, 24 Jan 2018 23:10:46 INFO [Train] Epoch:81, TP:178, TN:62, FP:0, FN:0, Loss:0.000002, Accuracy:1.000000, F1:1.000000
Wed, 24 Jan 2018 23:10:46 INFO [Test] Epoch:81, TP:39, TN:8, FP:11, FN:2, Loss:1.641503, Accuracy:0.783333, F1:0.857143
Wed, 24 Jan 2018 23:10:53 INFO [Train] Epoch:82, TP:178, TN:62, FP:0, FN:0, Loss:0.000001, Accuracy:1.000000, F1:1.000000
Wed, 24 Jan 2018 23:10:54 INFO [Test] Epoch:82, TP:39, TN:9, FP:10, FN:2, Loss:1.551150, Accuracy:0.800000, F1:0.866667
Wed, 24 Jan 2018 23:11:01 INFO [Train] Epoch:83, TP:178, TN:62, FP:0, FN:0, Loss:0.000004, Accuracy:1.000000, F1:1.000000
Wed, 24 Jan 2018 23:11:01 INFO [Test] Epoch:83, TP:39, TN:8, FP:11, FN:2, Loss:1.793681, Accuracy:0.783333, F1:0.857143
Wed, 24 Jan 2018 23:11:08 INFO [Train] Epoch:84, TP:178, TN:62, FP:0, FN:0, Loss:0.001604, Accuracy:1.000000, F1:1.000000
Wed, 24 Jan 2018 23:11:09 INFO [Test] Epoch:84, TP:41, TN:6, FP:13, FN:0, Loss:3.033230, Accuracy:0.783333, F1:0.863158
Wed, 24 Jan 2018 23:11:16 INFO [Train] Epoch:85, TP:178, TN:62, FP:0, FN:0, Loss:0.001798, Accuracy:1.000000, F1:1.000000
Wed, 24 Jan 2018 23:11:16 INFO [Test] Epoch:85, TP:40, TN:6, FP:13, FN:1, Loss:2.579292, Accuracy:0.766667, F1:0.851064
Wed, 24 Jan 2018 23:11:23 INFO [Train] Epoch:86, TP:178, TN:62, FP:0, FN:0, Loss:0.000000, Accuracy:1.000000, F1:1.000000
Wed, 24 Jan 2018 23:11:23 INFO [Test] Epoch:86, TP:39, TN:7, FP:12, FN:2, Loss:1.785277, Accuracy:0.766667, F1:0.847826
Wed, 24 Jan 2018 23:11:30 INFO [Train] Epoch:87, TP:178, TN:62, FP:0, FN:0, Loss:0.000000, Accuracy:1.000000, F1:1.000000
Wed, 24 Jan 2018 23:11:31 INFO [Test] Epoch:87, TP:38, TN:11, FP:8, FN:3, Loss:1.465433, Accuracy:0.816667, F1:0.873563
Wed, 24 Jan 2018 23:11:38 INFO [Train] Epoch:88, TP:178, TN:62, FP:0, FN:0, Loss:0.000001, Accuracy:1.000000, F1:1.000000
Wed, 24 Jan 2018 23:11:38 INFO [Test] Epoch:88, TP:38, TN:12, FP:7, FN:3, Loss:1.309737, Accuracy:0.833333, F1:0.883721
Wed, 24 Jan 2018 23:11:45 INFO [Train] Epoch:89, TP:178, TN:62, FP:0, FN:0, Loss:0.000000, Accuracy:1.000000, F1:1.000000
Wed, 24 Jan 2018 23:11:46 INFO [Test] Epoch:89, TP:39, TN:10, FP:9, FN:2, Loss:1.914740, Accuracy:0.816667, F1:0.876404
Wed, 24 Jan 2018 23:11:53 INFO [Train] Epoch:90, TP:178, TN:62, FP:0, FN:0, Loss:0.000014, Accuracy:1.000000, F1:1.000000
Wed, 24 Jan 2018 23:11:53 INFO [Test] Epoch:90, TP:37, TN:15, FP:4, FN:4, Loss:1.335407, Accuracy:0.866667, F1:0.902439
Wed, 24 Jan 2018 23:12:00 INFO [Train] Epoch:91, TP:178, TN:61, FP:1, FN:0, Loss:0.014337, Accuracy:0.995833, F1:0.997199
Wed, 24 Jan 2018 23:12:00 INFO [Test] Epoch:91, TP:41, TN:3, FP:16, FN:0, Loss:4.184596, Accuracy:0.733333, F1:0.836735
Wed, 24 Jan 2018 23:12:07 INFO [Train] Epoch:92, TP:178, TN:62, FP:0, FN:0, Loss:0.000489, Accuracy:1.000000, F1:1.000000
Wed, 24 Jan 2018 23:12:08 INFO [Test] Epoch:92, TP:37, TN:15, FP:4, FN:4, Loss:1.284058, Accuracy:0.866667, F1:0.902439
Wed, 24 Jan 2018 23:12:15 INFO [Train] Epoch:93, TP:178, TN:62, FP:0, FN:0, Loss:0.000028, Accuracy:1.000000, F1:1.000000
Wed, 24 Jan 2018 23:12:15 INFO [Test] Epoch:93, TP:37, TN:15, FP:4, FN:4, Loss:1.303877, Accuracy:0.866667, F1:0.902439
Wed, 24 Jan 2018 23:12:22 INFO [Train] Epoch:94, TP:178, TN:62, FP:0, FN:0, Loss:0.000000, Accuracy:1.000000, F1:1.000000
Wed, 24 Jan 2018 23:12:23 INFO [Test] Epoch:94, TP:39, TN:10, FP:9, FN:2, Loss:1.716933, Accuracy:0.816667, F1:0.876404
Wed, 24 Jan 2018 23:12:30 INFO [Train] Epoch:95, TP:178, TN:62, FP:0, FN:0, Loss:0.000000, Accuracy:1.000000, F1:1.000000
Wed, 24 Jan 2018 23:12:30 INFO [Test] Epoch:95, TP:39, TN:9, FP:10, FN:2, Loss:2.047250, Accuracy:0.800000, F1:0.866667
Wed, 24 Jan 2018 23:12:37 INFO [Train] Epoch:96, TP:178, TN:62, FP:0, FN:0, Loss:0.000000, Accuracy:1.000000, F1:1.000000
Wed, 24 Jan 2018 23:12:38 INFO [Test] Epoch:96, TP:38, TN:10, FP:9, FN:3, Loss:1.683233, Accuracy:0.800000, F1:0.863636
Wed, 24 Jan 2018 23:12:45 INFO [Train] Epoch:97, TP:178, TN:62, FP:0, FN:0, Loss:0.000000, Accuracy:1.000000, F1:1.000000
Wed, 24 Jan 2018 23:12:45 INFO [Test] Epoch:97, TP:39, TN:9, FP:10, FN:2, Loss:2.230931, Accuracy:0.800000, F1:0.866667
Wed, 24 Jan 2018 23:12:52 INFO [Train] Epoch:98, TP:178, TN:62, FP:0, FN:0, Loss:0.000019, Accuracy:1.000000, F1:1.000000
Wed, 24 Jan 2018 23:12:52 INFO [Test] Epoch:98, TP:39, TN:8, FP:11, FN:2, Loss:2.424591, Accuracy:0.783333, F1:0.857143
Wed, 24 Jan 2018 23:12:59 INFO [Train] Epoch:99, TP:178, TN:62, FP:0, FN:0, Loss:0.000000, Accuracy:1.000000, F1:1.000000
Wed, 24 Jan 2018 23:13:00 INFO [Test] Epoch:99, TP:38, TN:11, FP:8, FN:3, Loss:1.695393, Accuracy:0.816667, F1:0.873563
Wed, 24 Jan 2018 23:13:07 INFO [Train] Epoch:100, TP:178, TN:62, FP:0, FN:0, Loss:0.000000, Accuracy:1.000000, F1:1.000000
Wed, 24 Jan 2018 23:13:07 INFO [Test] Epoch:100, TP:39, TN:9, FP:10, FN:2, Loss:1.915842, Accuracy:0.800000, F1:0.866667
Wed, 24 Jan 2018 23:13:14 INFO [Train] Epoch:101, TP:178, TN:62, FP:0, FN:0, Loss:0.000086, Accuracy:1.000000, F1:1.000000
Wed, 24 Jan 2018 23:13:15 INFO [Test] Epoch:101, TP:38, TN:15, FP:4, FN:3, Loss:1.171439, Accuracy:0.883333, F1:0.915663
Wed, 24 Jan 2018 23:13:22 INFO [Train] Epoch:102, TP:178, TN:62, FP:0, FN:0, Loss:0.000003, Accuracy:1.000000, F1:1.000000
Wed, 24 Jan 2018 23:13:23 INFO [Test] Epoch:102, TP:39, TN:15, FP:4, FN:2, Loss:1.244309, Accuracy:0.900000, F1:0.928571
Wed, 24 Jan 2018 23:13:30 INFO [Train] Epoch:103, TP:178, TN:62, FP:0, FN:0, Loss:0.000013, Accuracy:1.000000, F1:1.000000
Wed, 24 Jan 2018 23:13:30 INFO [Test] Epoch:103, TP:37, TN:15, FP:4, FN:4, Loss:1.202126, Accuracy:0.866667, F1:0.902439
Wed, 24 Jan 2018 23:13:37 INFO [Train] Epoch:104, TP:178, TN:62, FP:0, FN:0, Loss:0.000000, Accuracy:1.000000, F1:1.000000
Wed, 24 Jan 2018 23:13:37 INFO [Test] Epoch:104, TP:39, TN:11, FP:8, FN:2, Loss:1.390579, Accuracy:0.833333, F1:0.886364
Wed, 24 Jan 2018 23:13:44 INFO [Train] Epoch:105, TP:178, TN:0, FP:62, FN:0, Loss:3.858633, Accuracy:0.741667, F1:0.851675
Wed, 24 Jan 2018 23:13:45 INFO [Test] Epoch:105, TP:41, TN:0, FP:19, FN:0, Loss:11.795558, Accuracy:0.683333, F1:0.811881
Wed, 24 Jan 2018 23:13:52 INFO [Train] Epoch:106, TP:178, TN:62, FP:0, FN:0, Loss:0.000000, Accuracy:1.000000, F1:1.000000
Wed, 24 Jan 2018 23:13:52 INFO [Test] Epoch:106, TP:39, TN:9, FP:10, FN:2, Loss:1.823881, Accuracy:0.800000, F1:0.866667
Wed, 24 Jan 2018 23:13:59 INFO [Train] Epoch:107, TP:178, TN:62, FP:0, FN:0, Loss:0.000000, Accuracy:1.000000, F1:1.000000
Wed, 24 Jan 2018 23:14:00 INFO [Test] Epoch:107, TP:39, TN:10, FP:9, FN:2, Loss:1.602908, Accuracy:0.816667, F1:0.876404
Wed, 24 Jan 2018 23:14:07 INFO [Train] Epoch:108, TP:178, TN:62, FP:0, FN:0, Loss:0.000000, Accuracy:1.000000, F1:1.000000
Wed, 24 Jan 2018 23:14:07 INFO [Test] Epoch:108, TP:39, TN:10, FP:9, FN:2, Loss:1.612917, Accuracy:0.816667, F1:0.876404
Wed, 24 Jan 2018 23:14:14 INFO [Train] Epoch:109, TP:178, TN:62, FP:0, FN:0, Loss:0.000000, Accuracy:1.000000, F1:1.000000
Wed, 24 Jan 2018 23:14:14 INFO [Test] Epoch:109, TP:38, TN:12, FP:7, FN:3, Loss:1.443110, Accuracy:0.833333, F1:0.883721
Wed, 24 Jan 2018 23:14:21 INFO [Train] Epoch:110, TP:178, TN:62, FP:0, FN:0, Loss:0.000002, Accuracy:1.000000, F1:1.000000
Wed, 24 Jan 2018 23:14:22 INFO [Test] Epoch:110, TP:39, TN:14, FP:5, FN:2, Loss:1.305809, Accuracy:0.883333, F1:0.917647
Wed, 24 Jan 2018 23:14:29 INFO [Train] Epoch:111, TP:178, TN:62, FP:0, FN:0, Loss:0.000006, Accuracy:1.000000, F1:1.000000
Wed, 24 Jan 2018 23:14:29 INFO [Test] Epoch:111, TP:38, TN:15, FP:4, FN:3, Loss:1.329021, Accuracy:0.883333, F1:0.915663
Wed, 24 Jan 2018 23:14:36 INFO [Train] Epoch:112, TP:178, TN:62, FP:0, FN:0, Loss:0.000000, Accuracy:1.000000, F1:1.000000
Wed, 24 Jan 2018 23:14:37 INFO [Test] Epoch:112, TP:39, TN:7, FP:12, FN:2, Loss:2.178194, Accuracy:0.766667, F1:0.847826
Wed, 24 Jan 2018 23:14:44 INFO [Train] Epoch:113, TP:178, TN:62, FP:0, FN:0, Loss:0.000000, Accuracy:1.000000, F1:1.000000
Wed, 24 Jan 2018 23:14:44 INFO [Test] Epoch:113, TP:39, TN:11, FP:8, FN:2, Loss:1.686997, Accuracy:0.833333, F1:0.886364
Wed, 24 Jan 2018 23:14:51 INFO [Train] Epoch:114, TP:178, TN:62, FP:0, FN:0, Loss:0.000000, Accuracy:1.000000, F1:1.000000
Wed, 24 Jan 2018 23:14:51 INFO [Test] Epoch:114, TP:39, TN:12, FP:7, FN:2, Loss:1.686806, Accuracy:0.850000, F1:0.896552
Wed, 24 Jan 2018 23:14:58 INFO [Train] Epoch:115, TP:178, TN:62, FP:0, FN:0, Loss:0.000000, Accuracy:1.000000, F1:1.000000
Wed, 24 Jan 2018 23:14:59 INFO [Test] Epoch:115, TP:39, TN:9, FP:10, FN:2, Loss:1.784701, Accuracy:0.800000, F1:0.866667
Wed, 24 Jan 2018 23:15:06 INFO [Train] Epoch:116, TP:178, TN:62, FP:0, FN:0, Loss:0.000000, Accuracy:1.000000, F1:1.000000
Wed, 24 Jan 2018 23:15:06 INFO [Test] Epoch:116, TP:39, TN:12, FP:7, FN:2, Loss:1.699653, Accuracy:0.850000, F1:0.896552
Wed, 24 Jan 2018 23:15:13 INFO [Train] Epoch:117, TP:178, TN:62, FP:0, FN:0, Loss:0.000000, Accuracy:1.000000, F1:1.000000
Wed, 24 Jan 2018 23:15:14 INFO [Test] Epoch:117, TP:39, TN:10, FP:9, FN:2, Loss:1.789908, Accuracy:0.816667, F1:0.876404
Wed, 24 Jan 2018 23:15:21 INFO [Train] Epoch:118, TP:178, TN:62, FP:0, FN:0, Loss:0.000000, Accuracy:1.000000, F1:1.000000
Wed, 24 Jan 2018 23:15:21 INFO [Test] Epoch:118, TP:39, TN:7, FP:12, FN:2, Loss:2.326542, Accuracy:0.766667, F1:0.847826
Wed, 24 Jan 2018 23:15:28 INFO [Train] Epoch:119, TP:178, TN:62, FP:0, FN:0, Loss:0.000641, Accuracy:1.000000, F1:1.000000
Wed, 24 Jan 2018 23:15:29 INFO [Test] Epoch:119, TP:40, TN:4, FP:15, FN:1, Loss:4.113050, Accuracy:0.733333, F1:0.833333
Wed, 24 Jan 2018 23:15:35 INFO [Train] Epoch:120, TP:178, TN:62, FP:0, FN:0, Loss:0.000000, Accuracy:1.000000, F1:1.000000
Wed, 24 Jan 2018 23:15:36 INFO [Test] Epoch:120, TP:39, TN:8, FP:11, FN:2, Loss:2.330473, Accuracy:0.783333, F1:0.857143
Wed, 24 Jan 2018 23:15:43 INFO [Train] Epoch:121, TP:178, TN:62, FP:0, FN:0, Loss:0.000000, Accuracy:1.000000, F1:1.000000
Wed, 24 Jan 2018 23:15:43 INFO [Test] Epoch:121, TP:38, TN:13, FP:6, FN:3, Loss:1.564220, Accuracy:0.850000, F1:0.894118
Wed, 24 Jan 2018 23:15:50 INFO [Train] Epoch:122, TP:178, TN:62, FP:0, FN:0, Loss:0.000000, Accuracy:1.000000, F1:1.000000
Wed, 24 Jan 2018 23:15:51 INFO [Test] Epoch:122, TP:38, TN:13, FP:6, FN:3, Loss:1.560367, Accuracy:0.850000, F1:0.894118
Wed, 24 Jan 2018 23:15:58 INFO [Train] Epoch:123, TP:178, TN:62, FP:0, FN:0, Loss:0.000000, Accuracy:1.000000, F1:1.000000
Wed, 24 Jan 2018 23:15:58 INFO [Test] Epoch:123, TP:38, TN:13, FP:6, FN:3, Loss:1.605019, Accuracy:0.850000, F1:0.894118
Wed, 24 Jan 2018 23:16:05 INFO [Train] Epoch:124, TP:178, TN:62, FP:0, FN:0, Loss:0.000000, Accuracy:1.000000, F1:1.000000
Wed, 24 Jan 2018 23:16:05 INFO [Test] Epoch:124, TP:39, TN:13, FP:6, FN:2, Loss:1.682335, Accuracy:0.866667, F1:0.906977
Wed, 24 Jan 2018 23:16:12 INFO [Train] Epoch:125, TP:178, TN:62, FP:0, FN:0, Loss:0.000001, Accuracy:1.000000, F1:1.000000
Wed, 24 Jan 2018 23:16:13 INFO [Test] Epoch:125, TP:39, TN:12, FP:7, FN:2, Loss:1.568017, Accuracy:0.850000, F1:0.896552
Wed, 24 Jan 2018 23:16:20 INFO [Train] Epoch:126, TP:178, TN:62, FP:0, FN:0, Loss:0.000000, Accuracy:1.000000, F1:1.000000
Wed, 24 Jan 2018 23:16:20 INFO [Test] Epoch:126, TP:39, TN:7, FP:12, FN:2, Loss:2.185066, Accuracy:0.766667, F1:0.847826
Wed, 24 Jan 2018 23:16:27 INFO [Train] Epoch:127, TP:178, TN:62, FP:0, FN:0, Loss:0.000007, Accuracy:1.000000, F1:1.000000
Wed, 24 Jan 2018 23:16:28 INFO [Test] Epoch:127, TP:37, TN:14, FP:5, FN:4, Loss:1.487014, Accuracy:0.850000, F1:0.891566
Wed, 24 Jan 2018 23:16:35 INFO [Train] Epoch:128, TP:178, TN:62, FP:0, FN:0, Loss:0.001150, Accuracy:1.000000, F1:1.000000
Wed, 24 Jan 2018 23:16:35 INFO [Test] Epoch:128, TP:35, TN:16, FP:3, FN:6, Loss:1.554173, Accuracy:0.850000, F1:0.886076
Wed, 24 Jan 2018 23:16:42 INFO [Train] Epoch:129, TP:178, TN:62, FP:0, FN:0, Loss:0.000006, Accuracy:1.000000, F1:1.000000
Wed, 24 Jan 2018 23:16:43 INFO [Test] Epoch:129, TP:37, TN:15, FP:4, FN:4, Loss:1.455657, Accuracy:0.866667, F1:0.902439
Wed, 24 Jan 2018 23:16:50 INFO [Train] Epoch:130, TP:178, TN:62, FP:0, FN:0, Loss:0.000000, Accuracy:1.000000, F1:1.000000
Wed, 24 Jan 2018 23:16:50 INFO [Test] Epoch:130, TP:39, TN:10, FP:9, FN:2, Loss:1.824907, Accuracy:0.816667, F1:0.876404
Wed, 24 Jan 2018 23:16:57 INFO [Train] Epoch:131, TP:178, TN:62, FP:0, FN:0, Loss:0.000280, Accuracy:1.000000, F1:1.000000
Wed, 24 Jan 2018 23:16:57 INFO [Test] Epoch:131, TP:39, TN:8, FP:11, FN:2, Loss:3.462002, Accuracy:0.783333, F1:0.857143
Wed, 24 Jan 2018 23:17:04 INFO [Train] Epoch:132, TP:178, TN:62, FP:0, FN:0, Loss:0.000002, Accuracy:1.000000, F1:1.000000
Wed, 24 Jan 2018 23:17:05 INFO [Test] Epoch:132, TP:39, TN:8, FP:11, FN:2, Loss:2.694075, Accuracy:0.783333, F1:0.857143
Wed, 24 Jan 2018 23:17:19 INFO [Train] Epoch:133, TP:178, TN:62, FP:0, FN:0, Loss:0.000001, Accuracy:1.000000, F1:1.000000
Wed, 24 Jan 2018 23:17:19 INFO [Test] Epoch:133, TP:39, TN:8, FP:11, FN:2, Loss:2.561578, Accuracy:0.783333, F1:0.857143
Wed, 24 Jan 2018 23:17:26 INFO [Train] Epoch:134, TP:178, TN:62, FP:0, FN:0, Loss:0.000000, Accuracy:1.000000, F1:1.000000
Wed, 24 Jan 2018 23:17:27 INFO [Test] Epoch:134, TP:39, TN:9, FP:10, FN:2, Loss:2.206368, Accuracy:0.800000, F1:0.866667
Wed, 24 Jan 2018 23:17:34 INFO [Train] Epoch:135, TP:178, TN:62, FP:0, FN:0, Loss:0.000000, Accuracy:1.000000, F1:1.000000
Wed, 24 Jan 2018 23:17:34 INFO [Test] Epoch:135, TP:39, TN:9, FP:10, FN:2, Loss:2.054474, Accuracy:0.800000, F1:0.866667
Wed, 24 Jan 2018 23:17:41 INFO [Train] Epoch:136, TP:178, TN:62, FP:0, FN:0, Loss:0.000000, Accuracy:1.000000, F1:1.000000
Wed, 24 Jan 2018 23:17:41 INFO [Test] Epoch:136, TP:39, TN:9, FP:10, FN:2, Loss:2.181297, Accuracy:0.800000, F1:0.866667
Wed, 24 Jan 2018 23:17:48 INFO [Train] Epoch:137, TP:178, TN:62, FP:0, FN:0, Loss:0.000000, Accuracy:1.000000, F1:1.000000
Wed, 24 Jan 2018 23:17:49 INFO [Test] Epoch:137, TP:39, TN:9, FP:10, FN:2, Loss:2.203113, Accuracy:0.800000, F1:0.866667
Wed, 24 Jan 2018 23:17:56 INFO [Train] Epoch:138, TP:178, TN:62, FP:0, FN:0, Loss:0.000000, Accuracy:1.000000, F1:1.000000
Wed, 24 Jan 2018 23:17:56 INFO [Test] Epoch:138, TP:39, TN:9, FP:10, FN:2, Loss:2.139019, Accuracy:0.800000, F1:0.866667
Wed, 24 Jan 2018 23:18:03 INFO [Train] Epoch:139, TP:178, TN:62, FP:0, FN:0, Loss:0.000000, Accuracy:1.000000, F1:1.000000
Wed, 24 Jan 2018 23:18:04 INFO [Test] Epoch:139, TP:39, TN:9, FP:10, FN:2, Loss:2.326547, Accuracy:0.800000, F1:0.866667
Wed, 24 Jan 2018 23:18:11 INFO [Train] Epoch:140, TP:178, TN:62, FP:0, FN:0, Loss:0.000000, Accuracy:1.000000, F1:1.000000
Wed, 24 Jan 2018 23:18:11 INFO [Test] Epoch:140, TP:39, TN:9, FP:10, FN:2, Loss:2.279504, Accuracy:0.800000, F1:0.866667
Wed, 24 Jan 2018 23:18:18 INFO [Train] Epoch:141, TP:178, TN:62, FP:0, FN:0, Loss:0.000000, Accuracy:1.000000, F1:1.000000
Wed, 24 Jan 2018 23:18:18 INFO [Test] Epoch:141, TP:39, TN:11, FP:8, FN:2, Loss:1.906482, Accuracy:0.833333, F1:0.886364
Wed, 24 Jan 2018 23:18:25 INFO [Train] Epoch:142, TP:178, TN:62, FP:0, FN:0, Loss:0.000000, Accuracy:1.000000, F1:1.000000
Wed, 24 Jan 2018 23:18:26 INFO [Test] Epoch:142, TP:39, TN:11, FP:8, FN:2, Loss:1.915974, Accuracy:0.833333, F1:0.886364
Wed, 24 Jan 2018 23:18:33 INFO [Train] Epoch:143, TP:178, TN:61, FP:1, FN:0, Loss:0.023685, Accuracy:0.995833, F1:0.997199
Wed, 24 Jan 2018 23:18:33 INFO [Test] Epoch:143, TP:40, TN:4, FP:15, FN:1, Loss:5.127128, Accuracy:0.733333, F1:0.833333
Wed, 24 Jan 2018 23:18:40 INFO [Train] Epoch:144, TP:178, TN:62, FP:0, FN:0, Loss:0.000001, Accuracy:1.000000, F1:1.000000
Wed, 24 Jan 2018 23:18:41 INFO [Test] Epoch:144, TP:38, TN:14, FP:5, FN:3, Loss:1.614990, Accuracy:0.866667, F1:0.904762
Wed, 24 Jan 2018 23:18:47 INFO [Train] Epoch:145, TP:178, TN:62, FP:0, FN:0, Loss:0.000000, Accuracy:1.000000, F1:1.000000
Wed, 24 Jan 2018 23:18:48 INFO [Test] Epoch:145, TP:38, TN:13, FP:6, FN:3, Loss:1.633588, Accuracy:0.850000, F1:0.894118
Wed, 24 Jan 2018 23:18:55 INFO [Train] Epoch:146, TP:178, TN:62, FP:0, FN:0, Loss:0.000000, Accuracy:1.000000, F1:1.000000
Wed, 24 Jan 2018 23:18:55 INFO [Test] Epoch:146, TP:39, TN:13, FP:6, FN:2, Loss:1.875197, Accuracy:0.866667, F1:0.906977
Wed, 24 Jan 2018 23:19:02 INFO [Train] Epoch:147, TP:178, TN:62, FP:0, FN:0, Loss:0.000000, Accuracy:1.000000, F1:1.000000
Wed, 24 Jan 2018 23:19:03 INFO [Test] Epoch:147, TP:39, TN:13, FP:6, FN:2, Loss:1.879421, Accuracy:0.866667, F1:0.906977
Wed, 24 Jan 2018 23:19:10 INFO [Train] Epoch:148, TP:178, TN:62, FP:0, FN:0, Loss:0.000000, Accuracy:1.000000, F1:1.000000
Wed, 24 Jan 2018 23:19:10 INFO [Test] Epoch:148, TP:39, TN:13, FP:6, FN:2, Loss:1.836147, Accuracy:0.866667, F1:0.906977
Wed, 24 Jan 2018 23:19:17 INFO [Train] Epoch:149, TP:178, TN:62, FP:0, FN:0, Loss:0.000000, Accuracy:1.000000, F1:1.000000
Wed, 24 Jan 2018 23:19:18 INFO [Test] Epoch:149, TP:39, TN:9, FP:10, FN:2, Loss:2.424526, Accuracy:0.800000, F1:0.866667
Wed, 24 Jan 2018 23:19:25 INFO [Train] Epoch:150, TP:178, TN:62, FP:0, FN:0, Loss:0.000000, Accuracy:1.000000, F1:1.000000
Wed, 24 Jan 2018 23:19:25 INFO [Test] Epoch:150, TP:39, TN:12, FP:7, FN:2, Loss:1.978737, Accuracy:0.850000, F1:0.896552
Wed, 24 Jan 2018 23:19:32 INFO [Train] Epoch:151, TP:178, TN:62, FP:0, FN:0, Loss:0.000000, Accuracy:1.000000, F1:1.000000
Wed, 24 Jan 2018 23:19:33 INFO [Test] Epoch:151, TP:39, TN:12, FP:7, FN:2, Loss:2.022033, Accuracy:0.850000, F1:0.896552
Wed, 24 Jan 2018 23:19:40 INFO [Train] Epoch:152, TP:178, TN:62, FP:0, FN:0, Loss:0.000000, Accuracy:1.000000, F1:1.000000
Wed, 24 Jan 2018 23:19:40 INFO [Test] Epoch:152, TP:39, TN:12, FP:7, FN:2, Loss:1.984150, Accuracy:0.850000, F1:0.896552
Wed, 24 Jan 2018 23:19:47 INFO [Train] Epoch:153, TP:178, TN:62, FP:0, FN:0, Loss:0.000000, Accuracy:1.000000, F1:1.000000
Wed, 24 Jan 2018 23:19:48 INFO [Test] Epoch:153, TP:39, TN:11, FP:8, FN:2, Loss:2.086852, Accuracy:0.833333, F1:0.886364
Wed, 24 Jan 2018 23:19:54 INFO [Train] Epoch:154, TP:178, TN:62, FP:0, FN:0, Loss:0.000000, Accuracy:1.000000, F1:1.000000
Wed, 24 Jan 2018 23:19:55 INFO [Test] Epoch:154, TP:39, TN:11, FP:8, FN:2, Loss:2.110059, Accuracy:0.833333, F1:0.886364
Wed, 24 Jan 2018 23:20:02 INFO [Train] Epoch:155, TP:178, TN:62, FP:0, FN:0, Loss:0.000000, Accuracy:1.000000, F1:1.000000
Wed, 24 Jan 2018 23:20:03 INFO [Test] Epoch:155, TP:39, TN:11, FP:8, FN:2, Loss:2.116859, Accuracy:0.833333, F1:0.886364
Wed, 24 Jan 2018 23:20:09 INFO [Train] Epoch:156, TP:178, TN:62, FP:0, FN:0, Loss:0.000000, Accuracy:1.000000, F1:1.000000
Wed, 24 Jan 2018 23:20:10 INFO [Test] Epoch:156, TP:39, TN:12, FP:7, FN:2, Loss:1.957745, Accuracy:0.850000, F1:0.896552
Wed, 24 Jan 2018 23:20:17 INFO [Train] Epoch:157, TP:178, TN:62, FP:0, FN:0, Loss:0.000000, Accuracy:1.000000, F1:1.000000
Wed, 24 Jan 2018 23:20:17 INFO [Test] Epoch:157, TP:39, TN:12, FP:7, FN:2, Loss:1.966052, Accuracy:0.850000, F1:0.896552
Wed, 24 Jan 2018 23:20:24 INFO [Train] Epoch:158, TP:178, TN:62, FP:0, FN:0, Loss:0.000000, Accuracy:1.000000, F1:1.000000
Wed, 24 Jan 2018 23:20:25 INFO [Test] Epoch:158, TP:39, TN:12, FP:7, FN:2, Loss:2.015292, Accuracy:0.850000, F1:0.896552
Wed, 24 Jan 2018 23:20:32 INFO [Train] Epoch:159, TP:178, TN:62, FP:0, FN:0, Loss:0.000000, Accuracy:1.000000, F1:1.000000
Wed, 24 Jan 2018 23:20:32 INFO [Test] Epoch:159, TP:39, TN:12, FP:7, FN:2, Loss:2.075871, Accuracy:0.850000, F1:0.896552
Wed, 24 Jan 2018 23:20:39 INFO [Train] Epoch:160, TP:178, TN:62, FP:0, FN:0, Loss:0.000000, Accuracy:1.000000, F1:1.000000
Wed, 24 Jan 2018 23:20:40 INFO [Test] Epoch:160, TP:39, TN:9, FP:10, FN:2, Loss:2.486566, Accuracy:0.800000, F1:0.866667
Wed, 24 Jan 2018 23:20:47 INFO [Train] Epoch:161, TP:178, TN:62, FP:0, FN:0, Loss:0.000001, Accuracy:1.000000, F1:1.000000
Wed, 24 Jan 2018 23:20:47 INFO [Test] Epoch:161, TP:38, TN:14, FP:5, FN:3, Loss:1.824678, Accuracy:0.866667, F1:0.904762
Wed, 24 Jan 2018 23:20:54 INFO [Train] Epoch:162, TP:178, TN:62, FP:0, FN:0, Loss:0.000000, Accuracy:1.000000, F1:1.000000
Wed, 24 Jan 2018 23:20:55 INFO [Test] Epoch:162, TP:39, TN:10, FP:9, FN:2, Loss:2.568326, Accuracy:0.816667, F1:0.876404
Wed, 24 Jan 2018 23:21:02 INFO [Train] Epoch:163, TP:178, TN:62, FP:0, FN:0, Loss:0.000000, Accuracy:1.000000, F1:1.000000
Wed, 24 Jan 2018 23:21:02 INFO [Test] Epoch:163, TP:39, TN:8, FP:11, FN:2, Loss:3.110293, Accuracy:0.783333, F1:0.857143
Wed, 24 Jan 2018 23:21:09 INFO [Train] Epoch:164, TP:178, TN:62, FP:0, FN:0, Loss:0.000000, Accuracy:1.000000, F1:1.000000
Wed, 24 Jan 2018 23:21:10 INFO [Test] Epoch:164, TP:39, TN:8, FP:11, FN:2, Loss:2.830501, Accuracy:0.783333, F1:0.857143
Wed, 24 Jan 2018 23:21:17 INFO [Train] Epoch:165, TP:178, TN:62, FP:0, FN:0, Loss:0.000000, Accuracy:1.000000, F1:1.000000
Wed, 24 Jan 2018 23:21:17 INFO [Test] Epoch:165, TP:39, TN:12, FP:7, FN:2, Loss:2.134979, Accuracy:0.850000, F1:0.896552
Wed, 24 Jan 2018 23:21:24 INFO [Train] Epoch:166, TP:178, TN:62, FP:0, FN:0, Loss:0.000000, Accuracy:1.000000, F1:1.000000
Wed, 24 Jan 2018 23:21:24 INFO [Test] Epoch:166, TP:39, TN:12, FP:7, FN:2, Loss:2.096425, Accuracy:0.850000, F1:0.896552
Wed, 24 Jan 2018 23:21:31 INFO [Train] Epoch:167, TP:178, TN:62, FP:0, FN:0, Loss:0.000000, Accuracy:1.000000, F1:1.000000
Wed, 24 Jan 2018 23:21:32 INFO [Test] Epoch:167, TP:39, TN:8, FP:11, FN:2, Loss:3.139466, Accuracy:0.783333, F1:0.857143
Wed, 24 Jan 2018 23:21:39 INFO [Train] Epoch:168, TP:178, TN:62, FP:0, FN:0, Loss:0.000000, Accuracy:1.000000, F1:1.000000
Wed, 24 Jan 2018 23:21:39 INFO [Test] Epoch:168, TP:39, TN:8, FP:11, FN:2, Loss:2.877934, Accuracy:0.783333, F1:0.857143
Wed, 24 Jan 2018 23:21:46 INFO [Train] Epoch:169, TP:178, TN:62, FP:0, FN:0, Loss:0.000000, Accuracy:1.000000, F1:1.000000
Wed, 24 Jan 2018 23:21:46 INFO [Test] Epoch:169, TP:39, TN:11, FP:8, FN:2, Loss:2.310696, Accuracy:0.833333, F1:0.886364
Wed, 24 Jan 2018 23:21:53 INFO [Train] Epoch:170, TP:178, TN:62, FP:0, FN:0, Loss:0.000001, Accuracy:1.000000, F1:1.000000
Wed, 24 Jan 2018 23:21:54 INFO [Test] Epoch:170, TP:40, TN:5, FP:14, FN:1, Loss:4.464968, Accuracy:0.750000, F1:0.842105
Wed, 24 Jan 2018 23:22:01 INFO [Train] Epoch:171, TP:178, TN:62, FP:0, FN:0, Loss:0.000000, Accuracy:1.000000, F1:1.000000
Wed, 24 Jan 2018 23:22:01 INFO [Test] Epoch:171, TP:39, TN:7, FP:12, FN:2, Loss:3.711510, Accuracy:0.766667, F1:0.847826
Wed, 24 Jan 2018 23:22:08 INFO [Train] Epoch:172, TP:178, TN:62, FP:0, FN:0, Loss:0.000000, Accuracy:1.000000, F1:1.000000
Wed, 24 Jan 2018 23:22:08 INFO [Test] Epoch:172, TP:39, TN:7, FP:12, FN:2, Loss:3.369935, Accuracy:0.766667, F1:0.847826
Wed, 24 Jan 2018 23:22:15 INFO [Train] Epoch:173, TP:178, TN:62, FP:0, FN:0, Loss:0.000000, Accuracy:1.000000, F1:1.000000
Wed, 24 Jan 2018 23:22:16 INFO [Test] Epoch:173, TP:39, TN:13, FP:6, FN:2, Loss:1.900736, Accuracy:0.866667, F1:0.906977
Wed, 24 Jan 2018 23:22:23 INFO [Train] Epoch:174, TP:178, TN:62, FP:0, FN:0, Loss:0.000000, Accuracy:1.000000, F1:1.000000
Wed, 24 Jan 2018 23:22:23 INFO [Test] Epoch:174, TP:39, TN:12, FP:7, FN:2, Loss:1.920152, Accuracy:0.850000, F1:0.896552
Wed, 24 Jan 2018 23:22:30 INFO [Train] Epoch:175, TP:178, TN:62, FP:0, FN:0, Loss:0.000000, Accuracy:1.000000, F1:1.000000
Wed, 24 Jan 2018 23:22:31 INFO [Test] Epoch:175, TP:39, TN:12, FP:7, FN:2, Loss:1.958689, Accuracy:0.850000, F1:0.896552
Wed, 24 Jan 2018 23:22:38 INFO [Train] Epoch:176, TP:178, TN:62, FP:0, FN:0, Loss:0.000000, Accuracy:1.000000, F1:1.000000
Wed, 24 Jan 2018 23:22:38 INFO [Test] Epoch:176, TP:39, TN:12, FP:7, FN:2, Loss:1.986823, Accuracy:0.850000, F1:0.896552
Wed, 24 Jan 2018 23:22:45 INFO [Train] Epoch:177, TP:178, TN:62, FP:0, FN:0, Loss:0.000000, Accuracy:1.000000, F1:1.000000
Wed, 24 Jan 2018 23:22:45 INFO [Test] Epoch:177, TP:39, TN:7, FP:12, FN:2, Loss:3.391572, Accuracy:0.766667, F1:0.847826
Wed, 24 Jan 2018 23:22:52 INFO [Train] Epoch:178, TP:178, TN:62, FP:0, FN:0, Loss:0.000000, Accuracy:1.000000, F1:1.000000
Wed, 24 Jan 2018 23:22:53 INFO [Test] Epoch:178, TP:37, TN:15, FP:4, FN:4, Loss:1.770111, Accuracy:0.866667, F1:0.902439
Wed, 24 Jan 2018 23:23:00 INFO [Train] Epoch:179, TP:178, TN:62, FP:0, FN:0, Loss:0.000000, Accuracy:1.000000, F1:1.000000
Wed, 24 Jan 2018 23:23:00 INFO [Test] Epoch:179, TP:39, TN:14, FP:5, FN:2, Loss:1.600170, Accuracy:0.883333, F1:0.917647
Wed, 24 Jan 2018 23:23:07 INFO [Train] Epoch:180, TP:178, TN:62, FP:0, FN:0, Loss:0.000000, Accuracy:1.000000, F1:1.000000
Wed, 24 Jan 2018 23:23:08 INFO [Test] Epoch:180, TP:39, TN:14, FP:5, FN:2, Loss:1.695904, Accuracy:0.883333, F1:0.917647
Wed, 24 Jan 2018 23:23:15 INFO [Train] Epoch:181, TP:178, TN:62, FP:0, FN:0, Loss:0.000000, Accuracy:1.000000, F1:1.000000
Wed, 24 Jan 2018 23:23:15 INFO [Test] Epoch:181, TP:38, TN:15, FP:4, FN:3, Loss:1.739130, Accuracy:0.883333, F1:0.915663
Wed, 24 Jan 2018 23:23:22 INFO [Train] Epoch:182, TP:178, TN:62, FP:0, FN:0, Loss:0.000000, Accuracy:1.000000, F1:1.000000
Wed, 24 Jan 2018 23:23:23 INFO [Test] Epoch:182, TP:39, TN:10, FP:9, FN:2, Loss:2.032498, Accuracy:0.816667, F1:0.876404
Wed, 24 Jan 2018 23:23:30 INFO [Train] Epoch:183, TP:178, TN:62, FP:0, FN:0, Loss:0.000000, Accuracy:1.000000, F1:1.000000
Wed, 24 Jan 2018 23:23:30 INFO [Test] Epoch:183, TP:39, TN:10, FP:9, FN:2, Loss:1.969057, Accuracy:0.816667, F1:0.876404
Wed, 24 Jan 2018 23:23:37 INFO [Train] Epoch:184, TP:178, TN:62, FP:0, FN:0, Loss:0.000000, Accuracy:1.000000, F1:1.000000
Wed, 24 Jan 2018 23:23:38 INFO [Test] Epoch:184, TP:39, TN:10, FP:9, FN:2, Loss:2.032817, Accuracy:0.816667, F1:0.876404
Wed, 24 Jan 2018 23:23:44 INFO [Train] Epoch:185, TP:178, TN:62, FP:0, FN:0, Loss:0.000000, Accuracy:1.000000, F1:1.000000
Wed, 24 Jan 2018 23:23:45 INFO [Test] Epoch:185, TP:39, TN:10, FP:9, FN:2, Loss:2.062472, Accuracy:0.816667, F1:0.876404
Wed, 24 Jan 2018 23:23:52 INFO [Train] Epoch:186, TP:178, TN:62, FP:0, FN:0, Loss:0.000000, Accuracy:1.000000, F1:1.000000
Wed, 24 Jan 2018 23:23:52 INFO [Test] Epoch:186, TP:39, TN:9, FP:10, FN:2, Loss:2.555048, Accuracy:0.800000, F1:0.866667
Wed, 24 Jan 2018 23:23:59 INFO [Train] Epoch:187, TP:178, TN:62, FP:0, FN:0, Loss:0.000000, Accuracy:1.000000, F1:1.000000
Wed, 24 Jan 2018 23:24:00 INFO [Test] Epoch:187, TP:39, TN:10, FP:9, FN:2, Loss:2.280068, Accuracy:0.816667, F1:0.876404
Wed, 24 Jan 2018 23:24:07 INFO [Train] Epoch:188, TP:178, TN:62, FP:0, FN:0, Loss:0.000000, Accuracy:1.000000, F1:1.000000
Wed, 24 Jan 2018 23:24:07 INFO [Test] Epoch:188, TP:39, TN:10, FP:9, FN:2, Loss:2.279931, Accuracy:0.816667, F1:0.876404
Wed, 24 Jan 2018 23:24:14 INFO [Train] Epoch:189, TP:178, TN:62, FP:0, FN:0, Loss:0.000000, Accuracy:1.000000, F1:1.000000
Wed, 24 Jan 2018 23:24:14 INFO [Test] Epoch:189, TP:39, TN:10, FP:9, FN:2, Loss:2.346186, Accuracy:0.816667, F1:0.876404
Wed, 24 Jan 2018 23:24:21 INFO [Train] Epoch:190, TP:178, TN:62, FP:0, FN:0, Loss:0.000000, Accuracy:1.000000, F1:1.000000
Wed, 24 Jan 2018 23:24:22 INFO [Test] Epoch:190, TP:39, TN:10, FP:9, FN:2, Loss:2.312363, Accuracy:0.816667, F1:0.876404
Wed, 24 Jan 2018 23:24:29 INFO [Train] Epoch:191, TP:178, TN:62, FP:0, FN:0, Loss:0.000000, Accuracy:1.000000, F1:1.000000
Wed, 24 Jan 2018 23:24:29 INFO [Test] Epoch:191, TP:39, TN:9, FP:10, FN:2, Loss:2.532604, Accuracy:0.800000, F1:0.866667
Wed, 24 Jan 2018 23:24:36 INFO [Train] Epoch:192, TP:178, TN:62, FP:0, FN:0, Loss:0.000000, Accuracy:1.000000, F1:1.000000
Wed, 24 Jan 2018 23:24:37 INFO [Test] Epoch:192, TP:39, TN:13, FP:6, FN:2, Loss:2.055888, Accuracy:0.866667, F1:0.906977
Wed, 24 Jan 2018 23:24:44 INFO [Train] Epoch:193, TP:178, TN:62, FP:0, FN:0, Loss:0.000000, Accuracy:1.000000, F1:1.000000
Wed, 24 Jan 2018 23:24:44 INFO [Test] Epoch:193, TP:39, TN:13, FP:6, FN:2, Loss:2.103367, Accuracy:0.866667, F1:0.906977
Wed, 24 Jan 2018 23:24:51 INFO [Train] Epoch:194, TP:178, TN:62, FP:0, FN:0, Loss:0.000000, Accuracy:1.000000, F1:1.000000
Wed, 24 Jan 2018 23:24:52 INFO [Test] Epoch:194, TP:39, TN:13, FP:6, FN:2, Loss:2.173492, Accuracy:0.866667, F1:0.906977
Wed, 24 Jan 2018 23:24:58 INFO [Train] Epoch:195, TP:178, TN:62, FP:0, FN:0, Loss:0.000000, Accuracy:1.000000, F1:1.000000
Wed, 24 Jan 2018 23:24:59 INFO [Test] Epoch:195, TP:39, TN:13, FP:6, FN:2, Loss:2.139601, Accuracy:0.866667, F1:0.906977
Wed, 24 Jan 2018 23:25:06 INFO [Train] Epoch:196, TP:178, TN:62, FP:0, FN:0, Loss:0.000000, Accuracy:1.000000, F1:1.000000
Wed, 24 Jan 2018 23:25:06 INFO [Test] Epoch:196, TP:39, TN:13, FP:6, FN:2, Loss:2.220907, Accuracy:0.866667, F1:0.906977
Wed, 24 Jan 2018 23:25:13 INFO [Train] Epoch:197, TP:178, TN:62, FP:0, FN:0, Loss:0.000000, Accuracy:1.000000, F1:1.000000
Wed, 24 Jan 2018 23:25:14 INFO [Test] Epoch:197, TP:39, TN:10, FP:9, FN:2, Loss:2.294278, Accuracy:0.816667, F1:0.876404
Wed, 24 Jan 2018 23:25:21 INFO [Train] Epoch:198, TP:178, TN:62, FP:0, FN:0, Loss:0.000000, Accuracy:1.000000, F1:1.000000
Wed, 24 Jan 2018 23:25:21 INFO [Test] Epoch:198, TP:39, TN:8, FP:11, FN:2, Loss:2.779955, Accuracy:0.783333, F1:0.857143
Wed, 24 Jan 2018 23:25:28 INFO [Train] Epoch:199, TP:178, TN:62, FP:0, FN:0, Loss:0.000000, Accuracy:1.000000, F1:1.000000
Wed, 24 Jan 2018 23:25:29 INFO [Test] Epoch:199, TP:39, TN:9, FP:10, FN:2, Loss:2.652700, Accuracy:0.800000, F1:0.866667
