Sun, 21 Jan 2018 12:40:22 WARNING From /usr/local/lib/python3.6/dist-packages/tensorflow/contrib/training/python/training/training.py:412: get_or_create_global_step (from tensorflow.contrib.framework.python.ops.variables) is deprecated and will be removed in a future version.
Instructions for updating:
Please switch to tf.train.get_or_create_global_step
Sun, 21 Jan 2018 12:40:22 INFO 
=====Config====
model_name = Epilepsy_3D_CNN  
is_training = True      
max_epoch = 200
gpu_num = 1
num_classes = 2
batch_size = 1
image_shape = (61, 73, 61, 2)
plot_batch = 25
dropout_keep_prob = 0.5
train_data_path = tfdata/cnn_tfdata/epilepsy_cnn_train.tfrecords
train_data_length = 240
test_data_path = tfdata/cnn_tfdata/epilepsy_cnn_test.tfrecords
test_data_length = 60
logger_path = logs/Epilepsy_3D_CNN_2018-01-21 12:40:21.log
save_model_path = saved_models/epilepsy_3d_cnn_2018-01-21 12:40:21/
=====Config====

Sun, 21 Jan 2018 12:40:34 INFO [Train] Epoch:0, TP:179, TN:3, FP:58, FN:0, Loss:25.726545, Accuracy:0.758333
Sun, 21 Jan 2018 12:40:35 INFO [Test] Epoch:0, TP:39, TN:0, FP:21, FN:0, Loss:39.867771, Accuracy:0.650000
Sun, 21 Jan 2018 12:40:45 INFO [Train] Epoch:1, TP:175, TN:25, FP:36, FN:4, Loss:2.516618, Accuracy:0.833333
Sun, 21 Jan 2018 12:40:46 INFO [Test] Epoch:1, TP:38, TN:10, FP:10, FN:2, Loss:3.692895, Accuracy:0.800000
Sun, 21 Jan 2018 12:40:57 INFO [Train] Epoch:2, TP:177, TN:0, FP:63, FN:0, Loss:24.049923, Accuracy:0.737500
Sun, 21 Jan 2018 12:40:57 INFO [Test] Epoch:2, TP:42, TN:0, FP:18, FN:0, Loss:29.681690, Accuracy:0.700000
Sun, 21 Jan 2018 12:41:08 INFO [Train] Epoch:3, TP:176, TN:7, FP:57, FN:0, Loss:5.603066, Accuracy:0.762500
Sun, 21 Jan 2018 12:41:08 INFO [Test] Epoch:3, TP:43, TN:2, FP:15, FN:0, Loss:10.953169, Accuracy:0.750000
Sun, 21 Jan 2018 12:41:19 INFO [Train] Epoch:4, TP:179, TN:0, FP:61, FN:0, Loss:9.890597, Accuracy:0.745833
Sun, 21 Jan 2018 12:41:19 INFO [Test] Epoch:4, TP:41, TN:0, FP:19, FN:0, Loss:15.427222, Accuracy:0.683333
Sun, 21 Jan 2018 12:41:30 INFO [Train] Epoch:5, TP:178, TN:15, FP:46, FN:1, Loss:1.788155, Accuracy:0.804167
Sun, 21 Jan 2018 12:41:31 INFO [Test] Epoch:5, TP:42, TN:1, FP:17, FN:0, Loss:5.092484, Accuracy:0.716667
Sun, 21 Jan 2018 12:41:41 INFO [Train] Epoch:6, TP:182, TN:5, FP:53, FN:0, Loss:4.891995, Accuracy:0.779167
Sun, 21 Jan 2018 12:41:42 INFO [Test] Epoch:6, TP:40, TN:1, FP:19, FN:0, Loss:8.764969, Accuracy:0.683333
Sun, 21 Jan 2018 12:41:52 INFO [Train] Epoch:7, TP:174, TN:27, FP:36, FN:3, Loss:1.658936, Accuracy:0.837500
Sun, 21 Jan 2018 12:41:53 INFO [Test] Epoch:7, TP:40, TN:2, FP:18, FN:0, Loss:3.761358, Accuracy:0.700000
Sun, 21 Jan 2018 12:42:03 INFO [Train] Epoch:8, TP:177, TN:12, FP:51, FN:0, Loss:3.086332, Accuracy:0.787500
Sun, 21 Jan 2018 12:42:04 INFO [Test] Epoch:8, TP:40, TN:1, FP:19, FN:0, Loss:6.328901, Accuracy:0.683333
Sun, 21 Jan 2018 12:42:14 INFO [Train] Epoch:9, TP:179, TN:2, FP:59, FN:0, Loss:3.774798, Accuracy:0.754167
Sun, 21 Jan 2018 12:42:15 INFO [Test] Epoch:9, TP:41, TN:1, FP:18, FN:0, Loss:7.987703, Accuracy:0.700000
Sun, 21 Jan 2018 12:42:25 INFO [Train] Epoch:10, TP:172, TN:6, FP:62, FN:0, Loss:3.907748, Accuracy:0.741667
Sun, 21 Jan 2018 12:42:26 INFO [Test] Epoch:10, TP:40, TN:0, FP:20, FN:0, Loss:8.363118, Accuracy:0.666667
Sun, 21 Jan 2018 12:42:36 INFO [Train] Epoch:11, TP:179, TN:35, FP:25, FN:1, Loss:0.609798, Accuracy:0.891667
Sun, 21 Jan 2018 12:42:37 INFO [Test] Epoch:11, TP:45, TN:4, FP:11, FN:0, Loss:2.210381, Accuracy:0.816667
Sun, 21 Jan 2018 12:42:48 INFO [Train] Epoch:12, TP:97, TN:58, FP:0, FN:85, Loss:2.584992, Accuracy:0.645833
Sun, 21 Jan 2018 12:42:48 INFO [Test] Epoch:12, TP:19, TN:14, FP:0, FN:27, Loss:3.270718, Accuracy:0.550000
Sun, 21 Jan 2018 12:42:59 INFO [Train] Epoch:13, TP:172, TN:27, FP:41, FN:0, Loss:1.350444, Accuracy:0.829167
Sun, 21 Jan 2018 12:42:59 INFO [Test] Epoch:13, TP:42, TN:1, FP:17, FN:0, Loss:4.965424, Accuracy:0.716667
Sun, 21 Jan 2018 12:43:10 INFO [Train] Epoch:14, TP:175, TN:55, FP:5, FN:5, Loss:0.201657, Accuracy:0.958333
Sun, 21 Jan 2018 12:43:11 INFO [Test] Epoch:14, TP:30, TN:9, FP:15, FN:6, Loss:2.016606, Accuracy:0.650000
Sun, 21 Jan 2018 12:43:21 INFO [Train] Epoch:15, TP:177, TN:50, FP:13, FN:0, Loss:0.208267, Accuracy:0.945833
Sun, 21 Jan 2018 12:43:22 INFO [Test] Epoch:15, TP:39, TN:4, FP:16, FN:1, Loss:2.748030, Accuracy:0.716667
Sun, 21 Jan 2018 12:43:32 INFO [Train] Epoch:16, TP:179, TN:28, FP:33, FN:0, Loss:0.824314, Accuracy:0.862500
Sun, 21 Jan 2018 12:43:33 INFO [Test] Epoch:16, TP:38, TN:1, FP:21, FN:0, Loss:4.008075, Accuracy:0.650000
Sun, 21 Jan 2018 12:43:43 INFO [Train] Epoch:17, TP:185, TN:24, FP:31, FN:0, Loss:0.776639, Accuracy:0.870833
Sun, 21 Jan 2018 12:43:44 INFO [Test] Epoch:17, TP:38, TN:1, FP:21, FN:0, Loss:5.216826, Accuracy:0.650000
Sun, 21 Jan 2018 12:43:54 INFO [Train] Epoch:18, TP:176, TN:50, FP:14, FN:0, Loss:0.176273, Accuracy:0.941667
Sun, 21 Jan 2018 12:43:55 INFO [Test] Epoch:18, TP:45, TN:2, FP:11, FN:2, Loss:1.526725, Accuracy:0.783333
Sun, 21 Jan 2018 12:44:06 INFO [Train] Epoch:19, TP:179, TN:52, FP:9, FN:0, Loss:0.121301, Accuracy:0.962500
Sun, 21 Jan 2018 12:44:06 INFO [Test] Epoch:19, TP:40, TN:7, FP:12, FN:1, Loss:2.752212, Accuracy:0.783333
Sun, 21 Jan 2018 12:44:17 INFO [Train] Epoch:20, TP:179, TN:57, FP:3, FN:1, Loss:0.068136, Accuracy:0.983333
Sun, 21 Jan 2018 12:44:18 INFO [Test] Epoch:20, TP:41, TN:12, FP:7, FN:0, Loss:0.811217, Accuracy:0.883333
Sun, 21 Jan 2018 12:44:28 INFO [Train] Epoch:21, TP:173, TN:48, FP:19, FN:0, Loss:0.306031, Accuracy:0.920833
Sun, 21 Jan 2018 12:44:29 INFO [Test] Epoch:21, TP:46, TN:3, FP:11, FN:0, Loss:2.070186, Accuracy:0.816667
Sun, 21 Jan 2018 12:44:39 INFO [Train] Epoch:22, TP:176, TN:58, FP:6, FN:0, Loss:0.137200, Accuracy:0.975000
Sun, 21 Jan 2018 12:44:40 INFO [Test] Epoch:22, TP:34, TN:6, FP:20, FN:0, Loss:2.820118, Accuracy:0.666667
Sun, 21 Jan 2018 12:44:51 INFO [Train] Epoch:23, TP:158, TN:67, FP:0, FN:15, Loss:0.309315, Accuracy:0.937500
Sun, 21 Jan 2018 12:44:51 INFO [Test] Epoch:23, TP:34, TN:11, FP:7, FN:8, Loss:1.341685, Accuracy:0.750000
Sun, 21 Jan 2018 12:45:02 INFO [Train] Epoch:24, TP:175, TN:55, FP:10, FN:0, Loss:0.186641, Accuracy:0.958333
Sun, 21 Jan 2018 12:45:03 INFO [Test] Epoch:24, TP:40, TN:4, FP:16, FN:0, Loss:2.762772, Accuracy:0.733333
Sun, 21 Jan 2018 12:45:13 INFO [Train] Epoch:25, TP:158, TN:61, FP:0, FN:21, Loss:0.403151, Accuracy:0.912500
Sun, 21 Jan 2018 12:45:14 INFO [Test] Epoch:25, TP:31, TN:16, FP:2, FN:11, Loss:1.412483, Accuracy:0.783333
Sun, 21 Jan 2018 12:45:24 INFO [Train] Epoch:26, TP:159, TN:60, FP:0, FN:21, Loss:0.291396, Accuracy:0.912500
Sun, 21 Jan 2018 12:45:25 INFO [Test] Epoch:26, TP:31, TN:19, FP:3, FN:7, Loss:0.941822, Accuracy:0.833333
Sun, 21 Jan 2018 12:45:35 INFO [Train] Epoch:27, TP:179, TN:55, FP:6, FN:0, Loss:0.082812, Accuracy:0.975000
Sun, 21 Jan 2018 12:45:36 INFO [Test] Epoch:27, TP:38, TN:7, FP:14, FN:1, Loss:2.557515, Accuracy:0.750000
Sun, 21 Jan 2018 12:45:47 INFO [Train] Epoch:28, TP:164, TN:59, FP:0, FN:17, Loss:0.311282, Accuracy:0.929167
Sun, 21 Jan 2018 12:45:47 INFO [Test] Epoch:28, TP:42, TN:8, FP:4, FN:6, Loss:1.417949, Accuracy:0.833333
Sun, 21 Jan 2018 12:45:58 INFO [Train] Epoch:29, TP:182, TN:47, FP:11, FN:0, Loss:0.180754, Accuracy:0.954167
Sun, 21 Jan 2018 12:45:59 INFO [Test] Epoch:29, TP:37, TN:5, FP:18, FN:0, Loss:4.521948, Accuracy:0.700000
Sun, 21 Jan 2018 12:46:09 INFO [Train] Epoch:30, TP:172, TN:67, FP:1, FN:0, Loss:0.008417, Accuracy:0.995833
Sun, 21 Jan 2018 12:46:10 INFO [Test] Epoch:30, TP:40, TN:7, FP:13, FN:0, Loss:2.151507, Accuracy:0.783333
Sun, 21 Jan 2018 12:46:20 INFO [Train] Epoch:31, TP:178, TN:60, FP:2, FN:0, Loss:0.032048, Accuracy:0.991667
Sun, 21 Jan 2018 12:46:21 INFO [Test] Epoch:31, TP:44, TN:4, FP:11, FN:1, Loss:2.518672, Accuracy:0.800000
Sun, 21 Jan 2018 12:46:31 INFO [Train] Epoch:32, TP:186, TN:42, FP:12, FN:0, Loss:0.188952, Accuracy:0.950000
Sun, 21 Jan 2018 12:46:32 INFO [Test] Epoch:32, TP:42, TN:0, FP:18, FN:0, Loss:4.020657, Accuracy:0.700000
Sun, 21 Jan 2018 12:46:43 INFO [Train] Epoch:33, TP:183, TN:43, FP:14, FN:0, Loss:0.220392, Accuracy:0.941667
Sun, 21 Jan 2018 12:46:43 INFO [Test] Epoch:33, TP:40, TN:2, FP:18, FN:0, Loss:4.307148, Accuracy:0.700000
Sun, 21 Jan 2018 12:46:54 INFO [Train] Epoch:34, TP:182, TN:47, FP:11, FN:0, Loss:0.255905, Accuracy:0.954167
Sun, 21 Jan 2018 12:46:55 INFO [Test] Epoch:34, TP:42, TN:1, FP:17, FN:0, Loss:4.410293, Accuracy:0.716667
Sun, 21 Jan 2018 12:47:05 INFO [Train] Epoch:35, TP:176, TN:42, FP:22, FN:0, Loss:0.595545, Accuracy:0.908333
Sun, 21 Jan 2018 12:47:06 INFO [Test] Epoch:35, TP:40, TN:1, FP:19, FN:0, Loss:6.339494, Accuracy:0.683333
Sun, 21 Jan 2018 12:47:16 INFO [Train] Epoch:36, TP:170, TN:69, FP:1, FN:0, Loss:0.010206, Accuracy:0.995833
Sun, 21 Jan 2018 12:47:17 INFO [Test] Epoch:36, TP:40, TN:4, FP:15, FN:1, Loss:2.918983, Accuracy:0.733333
Sun, 21 Jan 2018 12:47:27 INFO [Train] Epoch:37, TP:182, TN:57, FP:1, FN:0, Loss:0.004353, Accuracy:0.995833
Sun, 21 Jan 2018 12:47:28 INFO [Test] Epoch:37, TP:39, TN:6, FP:14, FN:1, Loss:1.863652, Accuracy:0.750000
Sun, 21 Jan 2018 12:47:38 INFO [Train] Epoch:38, TP:179, TN:59, FP:2, FN:0, Loss:0.019688, Accuracy:0.991667
Sun, 21 Jan 2018 12:47:39 INFO [Test] Epoch:38, TP:45, TN:5, FP:10, FN:0, Loss:1.349128, Accuracy:0.833333
Sun, 21 Jan 2018 12:47:50 INFO [Train] Epoch:39, TP:129, TN:63, FP:0, FN:48, Loss:0.889873, Accuracy:0.800000
Sun, 21 Jan 2018 12:47:50 INFO [Test] Epoch:39, TP:25, TN:22, FP:1, FN:12, Loss:2.095562, Accuracy:0.783333
Sun, 21 Jan 2018 12:48:01 INFO [Train] Epoch:40, TP:178, TN:62, FP:0, FN:0, Loss:0.000688, Accuracy:1.000000
Sun, 21 Jan 2018 12:48:02 INFO [Test] Epoch:40, TP:41, TN:3, FP:15, FN:1, Loss:2.734869, Accuracy:0.733333
Sun, 21 Jan 2018 12:48:12 INFO [Train] Epoch:41, TP:179, TN:59, FP:0, FN:2, Loss:0.032471, Accuracy:0.991667
Sun, 21 Jan 2018 12:48:13 INFO [Test] Epoch:41, TP:36, TN:13, FP:6, FN:5, Loss:0.690426, Accuracy:0.816667
Sun, 21 Jan 2018 12:48:23 INFO [Train] Epoch:42, TP:156, TN:63, FP:0, FN:21, Loss:0.347944, Accuracy:0.912500
Sun, 21 Jan 2018 12:48:24 INFO [Test] Epoch:42, TP:33, TN:15, FP:2, FN:10, Loss:1.018605, Accuracy:0.800000
Sun, 21 Jan 2018 12:48:34 INFO [Train] Epoch:43, TP:177, TN:62, FP:1, FN:0, Loss:0.010857, Accuracy:0.995833
Sun, 21 Jan 2018 12:48:35 INFO [Test] Epoch:43, TP:43, TN:4, FP:12, FN:1, Loss:1.501322, Accuracy:0.783333
Sun, 21 Jan 2018 12:48:46 INFO [Train] Epoch:44, TP:170, TN:67, FP:0, FN:3, Loss:0.038041, Accuracy:0.987500
Sun, 21 Jan 2018 12:48:46 INFO [Test] Epoch:44, TP:32, TN:18, FP:6, FN:4, Loss:0.834498, Accuracy:0.833333
Sun, 21 Jan 2018 12:48:57 INFO [Train] Epoch:45, TP:176, TN:53, FP:11, FN:0, Loss:0.103645, Accuracy:0.954167
Sun, 21 Jan 2018 12:48:58 INFO [Test] Epoch:45, TP:41, TN:3, FP:16, FN:0, Loss:4.151066, Accuracy:0.733333
Sun, 21 Jan 2018 12:49:08 INFO [Train] Epoch:46, TP:175, TN:63, FP:2, FN:0, Loss:0.011703, Accuracy:0.991667
Sun, 21 Jan 2018 12:49:09 INFO [Test] Epoch:46, TP:44, TN:8, FP:8, FN:0, Loss:1.975416, Accuracy:0.866667
Sun, 21 Jan 2018 12:49:19 INFO [Train] Epoch:47, TP:174, TN:66, FP:0, FN:0, Loss:0.000281, Accuracy:1.000000
Sun, 21 Jan 2018 12:49:20 INFO [Test] Epoch:47, TP:35, TN:9, FP:14, FN:2, Loss:3.267048, Accuracy:0.733333
Sun, 21 Jan 2018 12:49:30 INFO [Train] Epoch:48, TP:179, TN:61, FP:0, FN:0, Loss:0.000143, Accuracy:1.000000
Sun, 21 Jan 2018 12:49:31 INFO [Test] Epoch:48, TP:40, TN:9, FP:10, FN:1, Loss:1.359276, Accuracy:0.816667
Sun, 21 Jan 2018 12:49:42 INFO [Train] Epoch:49, TP:180, TN:60, FP:0, FN:0, Loss:0.001004, Accuracy:1.000000
Sun, 21 Jan 2018 12:49:42 INFO [Test] Epoch:49, TP:40, TN:3, FP:17, FN:0, Loss:4.057729, Accuracy:0.716667
Sun, 21 Jan 2018 12:49:53 INFO [Train] Epoch:50, TP:183, TN:57, FP:0, FN:0, Loss:0.000005, Accuracy:1.000000
Sun, 21 Jan 2018 12:49:54 INFO [Test] Epoch:50, TP:39, TN:11, FP:9, FN:1, Loss:1.485087, Accuracy:0.833333
Sun, 21 Jan 2018 12:50:04 INFO [Train] Epoch:51, TP:177, TN:63, FP:0, FN:0, Loss:0.000006, Accuracy:1.000000
Sun, 21 Jan 2018 12:50:05 INFO [Test] Epoch:51, TP:41, TN:7, FP:10, FN:2, Loss:1.769522, Accuracy:0.800000
Sun, 21 Jan 2018 12:50:15 INFO [Train] Epoch:52, TP:174, TN:62, FP:0, FN:4, Loss:0.045680, Accuracy:0.983333
Sun, 21 Jan 2018 12:50:16 INFO [Test] Epoch:52, TP:38, TN:16, FP:3, FN:3, Loss:0.564371, Accuracy:0.900000
Sun, 21 Jan 2018 12:50:27 INFO [Train] Epoch:53, TP:180, TN:60, FP:0, FN:0, Loss:0.000064, Accuracy:1.000000
Sun, 21 Jan 2018 12:50:27 INFO [Test] Epoch:53, TP:40, TN:6, FP:14, FN:0, Loss:1.446829, Accuracy:0.766667
Sun, 21 Jan 2018 12:50:38 INFO [Train] Epoch:54, TP:176, TN:64, FP:0, FN:0, Loss:0.000029, Accuracy:1.000000
Sun, 21 Jan 2018 12:50:39 INFO [Test] Epoch:54, TP:38, TN:6, FP:14, FN:2, Loss:3.011112, Accuracy:0.733333
Sun, 21 Jan 2018 12:50:49 INFO [Train] Epoch:55, TP:181, TN:59, FP:0, FN:0, Loss:0.001239, Accuracy:1.000000
Sun, 21 Jan 2018 12:50:50 INFO [Test] Epoch:55, TP:40, TN:14, FP:5, FN:1, Loss:0.849714, Accuracy:0.900000
Sun, 21 Jan 2018 12:51:00 INFO [Train] Epoch:56, TP:171, TN:62, FP:0, FN:7, Loss:0.080274, Accuracy:0.970833
Sun, 21 Jan 2018 12:51:01 INFO [Test] Epoch:56, TP:35, TN:15, FP:4, FN:6, Loss:1.014967, Accuracy:0.833333
Sun, 21 Jan 2018 12:51:11 INFO [Train] Epoch:57, TP:178, TN:62, FP:0, FN:0, Loss:0.000111, Accuracy:1.000000
Sun, 21 Jan 2018 12:51:12 INFO [Test] Epoch:57, TP:39, TN:6, FP:13, FN:2, Loss:2.335434, Accuracy:0.750000
Sun, 21 Jan 2018 12:51:23 INFO [Train] Epoch:58, TP:174, TN:66, FP:0, FN:0, Loss:0.000427, Accuracy:1.000000
Sun, 21 Jan 2018 12:51:23 INFO [Test] Epoch:58, TP:42, TN:3, FP:15, FN:0, Loss:3.269888, Accuracy:0.750000
Sun, 21 Jan 2018 12:51:34 INFO [Train] Epoch:59, TP:182, TN:58, FP:0, FN:0, Loss:0.000183, Accuracy:1.000000
Sun, 21 Jan 2018 12:51:35 INFO [Test] Epoch:59, TP:44, TN:4, FP:10, FN:2, Loss:1.964594, Accuracy:0.800000
Sun, 21 Jan 2018 12:51:45 INFO [Train] Epoch:60, TP:176, TN:64, FP:0, FN:0, Loss:0.000646, Accuracy:1.000000
Sun, 21 Jan 2018 12:51:46 INFO [Test] Epoch:60, TP:37, TN:9, FP:13, FN:1, Loss:2.802297, Accuracy:0.766667
Sun, 21 Jan 2018 12:51:56 INFO [Train] Epoch:61, TP:174, TN:62, FP:4, FN:0, Loss:0.029275, Accuracy:0.983333
Sun, 21 Jan 2018 12:51:57 INFO [Test] Epoch:61, TP:42, TN:4, FP:14, FN:0, Loss:3.574791, Accuracy:0.766667
Sun, 21 Jan 2018 12:52:07 INFO [Train] Epoch:62, TP:177, TN:56, FP:7, FN:0, Loss:0.124810, Accuracy:0.970833
Sun, 21 Jan 2018 12:52:08 INFO [Test] Epoch:62, TP:38, TN:3, FP:19, FN:0, Loss:5.924379, Accuracy:0.683333
Sun, 21 Jan 2018 12:52:18 INFO [Train] Epoch:63, TP:177, TN:63, FP:0, FN:0, Loss:0.000006, Accuracy:1.000000
Sun, 21 Jan 2018 12:52:19 INFO [Test] Epoch:63, TP:38, TN:5, FP:15, FN:2, Loss:3.151292, Accuracy:0.716667
Sun, 21 Jan 2018 12:52:30 INFO [Train] Epoch:64, TP:181, TN:59, FP:0, FN:0, Loss:0.000014, Accuracy:1.000000
Sun, 21 Jan 2018 12:52:30 INFO [Test] Epoch:64, TP:44, TN:5, FP:10, FN:1, Loss:1.737922, Accuracy:0.816667
Sun, 21 Jan 2018 12:52:41 INFO [Train] Epoch:65, TP:180, TN:60, FP:0, FN:0, Loss:0.000193, Accuracy:1.000000
Sun, 21 Jan 2018 12:52:42 INFO [Test] Epoch:65, TP:37, TN:9, FP:12, FN:2, Loss:3.164631, Accuracy:0.766667
Sun, 21 Jan 2018 12:52:52 INFO [Train] Epoch:66, TP:179, TN:61, FP:0, FN:0, Loss:0.000034, Accuracy:1.000000
Sun, 21 Jan 2018 12:52:53 INFO [Test] Epoch:66, TP:41, TN:13, FP:6, FN:0, Loss:0.785462, Accuracy:0.900000
Sun, 21 Jan 2018 12:53:03 INFO [Train] Epoch:67, TP:176, TN:62, FP:0, FN:2, Loss:0.033070, Accuracy:0.991667
Sun, 21 Jan 2018 12:53:04 INFO [Test] Epoch:67, TP:38, TN:6, FP:14, FN:2, Loss:2.152959, Accuracy:0.733333
Sun, 21 Jan 2018 12:53:14 INFO [Train] Epoch:68, TP:174, TN:66, FP:0, FN:0, Loss:0.000029, Accuracy:1.000000
Sun, 21 Jan 2018 12:53:15 INFO [Test] Epoch:68, TP:38, TN:10, FP:11, FN:1, Loss:2.179609, Accuracy:0.800000
Sun, 21 Jan 2018 12:53:25 INFO [Train] Epoch:69, TP:177, TN:63, FP:0, FN:0, Loss:0.000001, Accuracy:1.000000
Sun, 21 Jan 2018 12:53:26 INFO [Test] Epoch:69, TP:44, TN:5, FP:11, FN:0, Loss:1.750730, Accuracy:0.816667
Sun, 21 Jan 2018 12:53:36 INFO [Train] Epoch:70, TP:178, TN:61, FP:0, FN:1, Loss:0.009078, Accuracy:0.995833
Sun, 21 Jan 2018 12:53:37 INFO [Test] Epoch:70, TP:36, TN:11, FP:10, FN:3, Loss:2.125850, Accuracy:0.783333
Sun, 21 Jan 2018 12:53:48 INFO [Train] Epoch:71, TP:178, TN:62, FP:0, FN:0, Loss:0.000127, Accuracy:1.000000
Sun, 21 Jan 2018 12:53:49 INFO [Test] Epoch:71, TP:41, TN:7, FP:11, FN:1, Loss:1.553235, Accuracy:0.800000
Sun, 21 Jan 2018 12:53:59 INFO [Train] Epoch:72, TP:178, TN:62, FP:0, FN:0, Loss:0.001543, Accuracy:1.000000
Sun, 21 Jan 2018 12:54:00 INFO [Test] Epoch:72, TP:39, TN:14, FP:6, FN:1, Loss:0.694907, Accuracy:0.883333
Sun, 21 Jan 2018 12:54:10 INFO [Train] Epoch:73, TP:181, TN:59, FP:0, FN:0, Loss:0.000029, Accuracy:1.000000
Sun, 21 Jan 2018 12:54:11 INFO [Test] Epoch:73, TP:41, TN:7, FP:9, FN:3, Loss:1.613207, Accuracy:0.800000
Sun, 21 Jan 2018 12:54:21 INFO [Train] Epoch:74, TP:179, TN:61, FP:0, FN:0, Loss:0.000000, Accuracy:1.000000
Sun, 21 Jan 2018 12:54:22 INFO [Test] Epoch:74, TP:43, TN:6, FP:10, FN:1, Loss:1.800159, Accuracy:0.816667
Sun, 21 Jan 2018 12:54:32 INFO [Train] Epoch:75, TP:179, TN:61, FP:0, FN:0, Loss:0.000004, Accuracy:1.000000
Sun, 21 Jan 2018 12:54:33 INFO [Test] Epoch:75, TP:40, TN:4, FP:16, FN:0, Loss:3.861979, Accuracy:0.733333
Sun, 21 Jan 2018 12:54:44 INFO [Train] Epoch:76, TP:174, TN:66, FP:0, FN:0, Loss:0.000001, Accuracy:1.000000
Sun, 21 Jan 2018 12:54:44 INFO [Test] Epoch:76, TP:42, TN:5, FP:13, FN:0, Loss:3.889045, Accuracy:0.783333
Sun, 21 Jan 2018 12:54:55 INFO [Train] Epoch:77, TP:173, TN:67, FP:0, FN:0, Loss:0.000034, Accuracy:1.000000
Sun, 21 Jan 2018 12:54:56 INFO [Test] Epoch:77, TP:42, TN:6, FP:12, FN:0, Loss:2.871966, Accuracy:0.800000
Sun, 21 Jan 2018 12:55:06 INFO [Train] Epoch:78, TP:182, TN:58, FP:0, FN:0, Loss:0.000001, Accuracy:1.000000
Sun, 21 Jan 2018 12:55:07 INFO [Test] Epoch:78, TP:33, TN:14, FP:12, FN:1, Loss:2.441463, Accuracy:0.783333
Sun, 21 Jan 2018 12:55:17 INFO [Train] Epoch:79, TP:179, TN:61, FP:0, FN:0, Loss:0.000012, Accuracy:1.000000
Sun, 21 Jan 2018 12:55:18 INFO [Test] Epoch:79, TP:43, TN:7, FP:8, FN:2, Loss:1.462621, Accuracy:0.833333
Sun, 21 Jan 2018 12:55:28 INFO [Train] Epoch:80, TP:178, TN:62, FP:0, FN:0, Loss:0.000013, Accuracy:1.000000
Sun, 21 Jan 2018 12:55:29 INFO [Test] Epoch:80, TP:41, TN:7, FP:10, FN:2, Loss:1.500015, Accuracy:0.800000
Sun, 21 Jan 2018 12:55:40 INFO [Train] Epoch:81, TP:176, TN:64, FP:0, FN:0, Loss:0.000001, Accuracy:1.000000
Sun, 21 Jan 2018 12:55:40 INFO [Test] Epoch:81, TP:38, TN:4, FP:16, FN:2, Loss:4.243250, Accuracy:0.700000
Sun, 21 Jan 2018 12:55:51 INFO [Train] Epoch:82, TP:180, TN:60, FP:0, FN:0, Loss:0.000008, Accuracy:1.000000
Sun, 21 Jan 2018 12:55:52 INFO [Test] Epoch:82, TP:38, TN:5, FP:16, FN:1, Loss:4.232920, Accuracy:0.716667
Sun, 21 Jan 2018 12:56:02 INFO [Train] Epoch:83, TP:173, TN:67, FP:0, FN:0, Loss:0.000044, Accuracy:1.000000
Sun, 21 Jan 2018 12:56:03 INFO [Test] Epoch:83, TP:38, TN:10, FP:9, FN:3, Loss:1.779890, Accuracy:0.800000
Sun, 21 Jan 2018 12:56:13 INFO [Train] Epoch:84, TP:177, TN:63, FP:0, FN:0, Loss:0.000000, Accuracy:1.000000
Sun, 21 Jan 2018 12:56:14 INFO [Test] Epoch:84, TP:38, TN:8, FP:13, FN:1, Loss:2.695294, Accuracy:0.766667
Sun, 21 Jan 2018 12:56:24 INFO [Train] Epoch:85, TP:178, TN:62, FP:0, FN:0, Loss:0.000141, Accuracy:1.000000
Sun, 21 Jan 2018 12:56:25 INFO [Test] Epoch:85, TP:41, TN:11, FP:6, FN:2, Loss:1.112477, Accuracy:0.866667
Sun, 21 Jan 2018 12:56:35 INFO [Train] Epoch:86, TP:172, TN:68, FP:0, FN:0, Loss:0.000000, Accuracy:1.000000
Sun, 21 Jan 2018 12:56:36 INFO [Test] Epoch:86, TP:39, TN:9, FP:11, FN:1, Loss:1.777045, Accuracy:0.800000
Sun, 21 Jan 2018 12:56:47 INFO [Train] Epoch:87, TP:185, TN:55, FP:0, FN:0, Loss:0.000001, Accuracy:1.000000
Sun, 21 Jan 2018 12:56:47 INFO [Test] Epoch:87, TP:40, TN:7, FP:12, FN:1, Loss:2.549592, Accuracy:0.783333
Sun, 21 Jan 2018 12:56:58 INFO [Train] Epoch:88, TP:181, TN:59, FP:0, FN:0, Loss:0.000342, Accuracy:1.000000
Sun, 21 Jan 2018 12:56:59 INFO [Test] Epoch:88, TP:43, TN:7, FP:10, FN:0, Loss:2.447783, Accuracy:0.833333
Sun, 21 Jan 2018 12:57:09 INFO [Train] Epoch:89, TP:177, TN:63, FP:0, FN:0, Loss:0.000414, Accuracy:1.000000
Sun, 21 Jan 2018 12:57:10 INFO [Test] Epoch:89, TP:37, TN:11, FP:10, FN:2, Loss:1.338768, Accuracy:0.800000
Sun, 21 Jan 2018 12:57:20 INFO [Train] Epoch:90, TP:176, TN:64, FP:0, FN:0, Loss:0.000423, Accuracy:1.000000
Sun, 21 Jan 2018 12:57:21 INFO [Test] Epoch:90, TP:42, TN:4, FP:14, FN:0, Loss:4.194598, Accuracy:0.766667
Sun, 21 Jan 2018 12:57:31 INFO [Train] Epoch:91, TP:177, TN:63, FP:0, FN:0, Loss:0.000000, Accuracy:1.000000
Sun, 21 Jan 2018 12:57:32 INFO [Test] Epoch:91, TP:36, TN:9, FP:14, FN:1, Loss:2.444178, Accuracy:0.750000
Sun, 21 Jan 2018 12:57:42 INFO [Train] Epoch:92, TP:176, TN:58, FP:6, FN:0, Loss:0.115411, Accuracy:0.975000
Sun, 21 Jan 2018 12:57:43 INFO [Test] Epoch:92, TP:46, TN:1, FP:13, FN:0, Loss:5.089514, Accuracy:0.783333
Sun, 21 Jan 2018 12:57:53 INFO [Train] Epoch:93, TP:178, TN:62, FP:0, FN:0, Loss:0.000000, Accuracy:1.000000
Sun, 21 Jan 2018 12:57:54 INFO [Test] Epoch:93, TP:38, TN:8, FP:13, FN:1, Loss:1.950604, Accuracy:0.766667
Sun, 21 Jan 2018 12:58:05 INFO [Train] Epoch:94, TP:176, TN:64, FP:0, FN:0, Loss:0.000000, Accuracy:1.000000
Sun, 21 Jan 2018 12:58:05 INFO [Test] Epoch:94, TP:39, TN:7, FP:13, FN:1, Loss:3.682467, Accuracy:0.766667
Sun, 21 Jan 2018 12:58:16 INFO [Train] Epoch:95, TP:176, TN:64, FP:0, FN:0, Loss:0.000001, Accuracy:1.000000
Sun, 21 Jan 2018 12:58:17 INFO [Test] Epoch:95, TP:38, TN:9, FP:12, FN:1, Loss:3.293281, Accuracy:0.783333
Sun, 21 Jan 2018 12:58:27 INFO [Train] Epoch:96, TP:177, TN:63, FP:0, FN:0, Loss:0.000013, Accuracy:1.000000
Sun, 21 Jan 2018 12:58:28 INFO [Test] Epoch:96, TP:41, TN:7, FP:12, FN:0, Loss:1.981279, Accuracy:0.800000
Sun, 21 Jan 2018 12:58:38 INFO [Train] Epoch:97, TP:175, TN:65, FP:0, FN:0, Loss:0.000002, Accuracy:1.000000
Sun, 21 Jan 2018 12:58:39 INFO [Test] Epoch:97, TP:43, TN:7, FP:8, FN:2, Loss:1.918528, Accuracy:0.833333
Sun, 21 Jan 2018 12:58:49 INFO [Train] Epoch:98, TP:181, TN:59, FP:0, FN:0, Loss:0.000000, Accuracy:1.000000
Sun, 21 Jan 2018 12:58:50 INFO [Test] Epoch:98, TP:40, TN:6, FP:13, FN:1, Loss:2.938870, Accuracy:0.766667
Sun, 21 Jan 2018 12:59:00 INFO [Train] Epoch:99, TP:178, TN:62, FP:0, FN:0, Loss:0.000001, Accuracy:1.000000
Sun, 21 Jan 2018 12:59:01 INFO [Test] Epoch:99, TP:37, TN:8, FP:13, FN:2, Loss:3.129310, Accuracy:0.750000
Sun, 21 Jan 2018 12:59:12 INFO [Train] Epoch:100, TP:180, TN:60, FP:0, FN:0, Loss:0.000015, Accuracy:1.000000
Sun, 21 Jan 2018 12:59:12 INFO [Test] Epoch:100, TP:40, TN:8, FP:10, FN:2, Loss:2.128704, Accuracy:0.800000
Sun, 21 Jan 2018 12:59:23 INFO [Train] Epoch:101, TP:175, TN:65, FP:0, FN:0, Loss:0.000006, Accuracy:1.000000
Sun, 21 Jan 2018 12:59:24 INFO [Test] Epoch:101, TP:41, TN:9, FP:9, FN:1, Loss:1.443160, Accuracy:0.833333
Sun, 21 Jan 2018 12:59:34 INFO [Train] Epoch:102, TP:178, TN:62, FP:0, FN:0, Loss:0.000000, Accuracy:1.000000
Sun, 21 Jan 2018 12:59:35 INFO [Test] Epoch:102, TP:37, TN:8, FP:14, FN:1, Loss:3.030805, Accuracy:0.750000
Sun, 21 Jan 2018 12:59:45 INFO [Train] Epoch:103, TP:174, TN:66, FP:0, FN:0, Loss:0.000662, Accuracy:1.000000
Sun, 21 Jan 2018 12:59:46 INFO [Test] Epoch:103, TP:40, TN:3, FP:17, FN:0, Loss:3.945132, Accuracy:0.716667
Sun, 21 Jan 2018 12:59:56 INFO [Train] Epoch:104, TP:175, TN:65, FP:0, FN:0, Loss:0.000001, Accuracy:1.000000
Sun, 21 Jan 2018 12:59:57 INFO [Test] Epoch:104, TP:44, TN:9, FP:7, FN:0, Loss:1.457991, Accuracy:0.883333
Sun, 21 Jan 2018 13:00:07 INFO [Train] Epoch:105, TP:178, TN:62, FP:0, FN:0, Loss:0.000031, Accuracy:1.000000
Sun, 21 Jan 2018 13:00:08 INFO [Test] Epoch:105, TP:37, TN:10, FP:11, FN:2, Loss:1.226749, Accuracy:0.783333
Sun, 21 Jan 2018 13:00:18 INFO [Train] Epoch:106, TP:172, TN:68, FP:0, FN:0, Loss:0.000000, Accuracy:1.000000
Sun, 21 Jan 2018 13:00:19 INFO [Test] Epoch:106, TP:42, TN:4, FP:14, FN:0, Loss:3.427395, Accuracy:0.766667
Sun, 21 Jan 2018 13:00:30 INFO [Train] Epoch:107, TP:181, TN:57, FP:2, FN:0, Loss:0.006135, Accuracy:0.991667
Sun, 21 Jan 2018 13:00:30 INFO [Test] Epoch:107, TP:40, TN:5, FP:15, FN:0, Loss:6.184813, Accuracy:0.750000
Sun, 21 Jan 2018 13:00:41 INFO [Train] Epoch:108, TP:181, TN:59, FP:0, FN:0, Loss:0.000000, Accuracy:1.000000
Sun, 21 Jan 2018 13:00:42 INFO [Test] Epoch:108, TP:45, TN:5, FP:9, FN:1, Loss:2.072560, Accuracy:0.833333
Sun, 21 Jan 2018 13:00:52 INFO [Train] Epoch:109, TP:178, TN:62, FP:0, FN:0, Loss:0.000000, Accuracy:1.000000
Sun, 21 Jan 2018 13:00:53 INFO [Test] Epoch:109, TP:41, TN:10, FP:9, FN:0, Loss:1.671930, Accuracy:0.850000
Sun, 21 Jan 2018 13:01:03 INFO [Train] Epoch:110, TP:178, TN:62, FP:0, FN:0, Loss:0.000043, Accuracy:1.000000
Sun, 21 Jan 2018 13:01:04 INFO [Test] Epoch:110, TP:40, TN:10, FP:8, FN:2, Loss:1.500247, Accuracy:0.833333
Sun, 21 Jan 2018 13:01:14 INFO [Train] Epoch:111, TP:174, TN:66, FP:0, FN:0, Loss:0.000000, Accuracy:1.000000
Sun, 21 Jan 2018 13:01:15 INFO [Test] Epoch:111, TP:33, TN:11, FP:14, FN:2, Loss:2.937747, Accuracy:0.733333
Sun, 21 Jan 2018 13:01:25 INFO [Train] Epoch:112, TP:179, TN:61, FP:0, FN:0, Loss:0.000000, Accuracy:1.000000
Sun, 21 Jan 2018 13:01:26 INFO [Test] Epoch:112, TP:41, TN:6, FP:12, FN:1, Loss:3.423578, Accuracy:0.783333
Sun, 21 Jan 2018 13:01:37 INFO [Train] Epoch:113, TP:179, TN:61, FP:0, FN:0, Loss:0.000092, Accuracy:1.000000
Sun, 21 Jan 2018 13:01:37 INFO [Test] Epoch:113, TP:42, TN:9, FP:7, FN:2, Loss:0.823054, Accuracy:0.850000
Sun, 21 Jan 2018 13:01:48 INFO [Train] Epoch:114, TP:184, TN:56, FP:0, FN:0, Loss:0.000000, Accuracy:1.000000
Sun, 21 Jan 2018 13:01:48 INFO [Test] Epoch:114, TP:35, TN:8, FP:16, FN:1, Loss:4.749939, Accuracy:0.716667
Sun, 21 Jan 2018 13:01:59 INFO [Train] Epoch:115, TP:175, TN:65, FP:0, FN:0, Loss:0.000203, Accuracy:1.000000
Sun, 21 Jan 2018 13:02:00 INFO [Test] Epoch:115, TP:44, TN:4, FP:11, FN:1, Loss:2.460556, Accuracy:0.800000
Sun, 21 Jan 2018 13:02:10 INFO [Train] Epoch:116, TP:175, TN:65, FP:0, FN:0, Loss:0.000000, Accuracy:1.000000
Sun, 21 Jan 2018 13:02:11 INFO [Test] Epoch:116, TP:38, TN:8, FP:13, FN:1, Loss:3.199267, Accuracy:0.766667
Sun, 21 Jan 2018 13:02:21 INFO [Train] Epoch:117, TP:179, TN:61, FP:0, FN:0, Loss:0.000004, Accuracy:1.000000
Sun, 21 Jan 2018 13:02:22 INFO [Test] Epoch:117, TP:40, TN:5, FP:13, FN:2, Loss:3.658635, Accuracy:0.750000
Sun, 21 Jan 2018 13:02:32 INFO [Train] Epoch:118, TP:175, TN:65, FP:0, FN:0, Loss:0.000001, Accuracy:1.000000
Sun, 21 Jan 2018 13:02:33 INFO [Test] Epoch:118, TP:39, TN:9, FP:11, FN:1, Loss:1.733626, Accuracy:0.800000
Sun, 21 Jan 2018 13:02:43 INFO [Train] Epoch:119, TP:179, TN:61, FP:0, FN:0, Loss:0.000047, Accuracy:1.000000
Sun, 21 Jan 2018 13:02:44 INFO [Test] Epoch:119, TP:41, TN:9, FP:9, FN:1, Loss:1.501076, Accuracy:0.833333
Sun, 21 Jan 2018 13:02:54 INFO [Train] Epoch:120, TP:175, TN:65, FP:0, FN:0, Loss:0.000002, Accuracy:1.000000
Sun, 21 Jan 2018 13:02:55 INFO [Test] Epoch:120, TP:40, TN:5, FP:12, FN:3, Loss:2.345966, Accuracy:0.750000
Sun, 21 Jan 2018 13:03:06 INFO [Train] Epoch:121, TP:178, TN:62, FP:0, FN:0, Loss:0.000000, Accuracy:1.000000
Sun, 21 Jan 2018 13:03:06 INFO [Test] Epoch:121, TP:40, TN:9, FP:10, FN:1, Loss:2.456660, Accuracy:0.816667
Sun, 21 Jan 2018 13:03:17 INFO [Train] Epoch:122, TP:178, TN:62, FP:0, FN:0, Loss:0.000000, Accuracy:1.000000
Sun, 21 Jan 2018 13:03:18 INFO [Test] Epoch:122, TP:35, TN:13, FP:12, FN:0, Loss:2.350166, Accuracy:0.800000
Sun, 21 Jan 2018 13:03:28 INFO [Train] Epoch:123, TP:178, TN:62, FP:0, FN:0, Loss:0.000000, Accuracy:1.000000
Sun, 21 Jan 2018 13:03:29 INFO [Test] Epoch:123, TP:41, TN:7, FP:11, FN:1, Loss:3.621916, Accuracy:0.800000
Sun, 21 Jan 2018 13:03:39 INFO [Train] Epoch:124, TP:180, TN:60, FP:0, FN:0, Loss:0.000000, Accuracy:1.000000
Sun, 21 Jan 2018 13:03:40 INFO [Test] Epoch:124, TP:41, TN:6, FP:12, FN:1, Loss:3.177860, Accuracy:0.783333
Sun, 21 Jan 2018 13:03:50 INFO [Train] Epoch:125, TP:180, TN:60, FP:0, FN:0, Loss:0.000000, Accuracy:1.000000
Sun, 21 Jan 2018 13:03:51 INFO [Test] Epoch:125, TP:39, TN:10, FP:9, FN:2, Loss:2.471833, Accuracy:0.816667
Sun, 21 Jan 2018 13:04:01 INFO [Train] Epoch:126, TP:174, TN:66, FP:0, FN:0, Loss:0.000000, Accuracy:1.000000
Sun, 21 Jan 2018 13:04:02 INFO [Test] Epoch:126, TP:39, TN:3, FP:17, FN:1, Loss:5.658670, Accuracy:0.700000
Sun, 21 Jan 2018 13:04:13 INFO [Train] Epoch:127, TP:177, TN:63, FP:0, FN:0, Loss:0.000000, Accuracy:1.000000
Sun, 21 Jan 2018 13:04:13 INFO [Test] Epoch:127, TP:42, TN:8, FP:10, FN:0, Loss:1.810441, Accuracy:0.833333
Sun, 21 Jan 2018 13:04:24 INFO [Train] Epoch:128, TP:177, TN:63, FP:0, FN:0, Loss:0.000003, Accuracy:1.000000
Sun, 21 Jan 2018 13:04:25 INFO [Test] Epoch:128, TP:40, TN:8, FP:10, FN:2, Loss:2.873891, Accuracy:0.800000
Sun, 21 Jan 2018 13:04:35 INFO [Train] Epoch:129, TP:179, TN:61, FP:0, FN:0, Loss:0.000000, Accuracy:1.000000
Sun, 21 Jan 2018 13:04:36 INFO [Test] Epoch:129, TP:38, TN:9, FP:13, FN:0, Loss:3.756935, Accuracy:0.783333
Sun, 21 Jan 2018 13:04:46 INFO [Train] Epoch:130, TP:175, TN:65, FP:0, FN:0, Loss:0.000189, Accuracy:1.000000
Sun, 21 Jan 2018 13:04:47 INFO [Test] Epoch:130, TP:43, TN:3, FP:12, FN:2, Loss:5.162301, Accuracy:0.766667
Sun, 21 Jan 2018 13:04:57 INFO [Train] Epoch:131, TP:175, TN:65, FP:0, FN:0, Loss:0.000000, Accuracy:1.000000
Sun, 21 Jan 2018 13:04:58 INFO [Test] Epoch:131, TP:36, TN:10, FP:13, FN:1, Loss:4.077765, Accuracy:0.766667
Sun, 21 Jan 2018 13:05:08 INFO [Train] Epoch:132, TP:174, TN:66, FP:0, FN:0, Loss:0.000003, Accuracy:1.000000
Sun, 21 Jan 2018 13:05:09 INFO [Test] Epoch:132, TP:43, TN:4, FP:12, FN:1, Loss:2.209427, Accuracy:0.783333
Sun, 21 Jan 2018 13:05:19 INFO [Train] Epoch:133, TP:176, TN:64, FP:0, FN:0, Loss:0.000021, Accuracy:1.000000
Sun, 21 Jan 2018 13:05:20 INFO [Test] Epoch:133, TP:38, TN:8, FP:10, FN:4, Loss:3.026268, Accuracy:0.766667
Sun, 21 Jan 2018 13:05:31 INFO [Train] Epoch:134, TP:181, TN:59, FP:0, FN:0, Loss:0.000001, Accuracy:1.000000
Sun, 21 Jan 2018 13:05:31 INFO [Test] Epoch:134, TP:39, TN:12, FP:8, FN:1, Loss:2.780628, Accuracy:0.850000
Sun, 21 Jan 2018 13:05:42 INFO [Train] Epoch:135, TP:178, TN:62, FP:0, FN:0, Loss:0.000000, Accuracy:1.000000
Sun, 21 Jan 2018 13:05:43 INFO [Test] Epoch:135, TP:41, TN:10, FP:7, FN:2, Loss:2.156737, Accuracy:0.850000
Sun, 21 Jan 2018 13:05:53 INFO [Train] Epoch:136, TP:176, TN:64, FP:0, FN:0, Loss:0.000000, Accuracy:1.000000
Sun, 21 Jan 2018 13:05:54 INFO [Test] Epoch:136, TP:40, TN:6, FP:13, FN:1, Loss:3.962036, Accuracy:0.766667
Sun, 21 Jan 2018 13:06:04 INFO [Train] Epoch:137, TP:178, TN:62, FP:0, FN:0, Loss:0.000000, Accuracy:1.000000
Sun, 21 Jan 2018 13:06:05 INFO [Test] Epoch:137, TP:39, TN:9, FP:11, FN:1, Loss:4.134953, Accuracy:0.800000
Sun, 21 Jan 2018 13:06:15 INFO [Train] Epoch:138, TP:178, TN:62, FP:0, FN:0, Loss:0.000027, Accuracy:1.000000
Sun, 21 Jan 2018 13:06:16 INFO [Test] Epoch:138, TP:42, TN:6, FP:12, FN:0, Loss:4.415804, Accuracy:0.800000
Sun, 21 Jan 2018 13:06:26 INFO [Train] Epoch:139, TP:177, TN:63, FP:0, FN:0, Loss:0.000002, Accuracy:1.000000
Sun, 21 Jan 2018 13:06:27 INFO [Test] Epoch:139, TP:39, TN:7, FP:13, FN:1, Loss:5.744619, Accuracy:0.766667
Sun, 21 Jan 2018 13:06:37 INFO [Train] Epoch:140, TP:181, TN:59, FP:0, FN:0, Loss:0.000000, Accuracy:1.000000
Sun, 21 Jan 2018 13:06:38 INFO [Test] Epoch:140, TP:39, TN:8, FP:12, FN:1, Loss:3.741281, Accuracy:0.783333
Sun, 21 Jan 2018 13:06:49 INFO [Train] Epoch:141, TP:181, TN:59, FP:0, FN:0, Loss:0.000000, Accuracy:1.000000
Sun, 21 Jan 2018 13:06:49 INFO [Test] Epoch:141, TP:38, TN:8, FP:12, FN:2, Loss:3.800793, Accuracy:0.766667
Sun, 21 Jan 2018 13:07:00 INFO [Train] Epoch:142, TP:180, TN:60, FP:0, FN:0, Loss:0.000000, Accuracy:1.000000
Sun, 21 Jan 2018 13:07:00 INFO [Test] Epoch:142, TP:41, TN:7, FP:11, FN:1, Loss:4.193389, Accuracy:0.800000
Sun, 21 Jan 2018 13:07:11 INFO [Train] Epoch:143, TP:173, TN:67, FP:0, FN:0, Loss:0.000000, Accuracy:1.000000
Sun, 21 Jan 2018 13:07:12 INFO [Test] Epoch:143, TP:39, TN:12, FP:8, FN:1, Loss:1.579003, Accuracy:0.850000
Sun, 21 Jan 2018 13:07:22 INFO [Train] Epoch:144, TP:175, TN:65, FP:0, FN:0, Loss:0.000000, Accuracy:1.000000
Sun, 21 Jan 2018 13:07:23 INFO [Test] Epoch:144, TP:38, TN:7, FP:14, FN:1, Loss:5.289649, Accuracy:0.750000
Sun, 21 Jan 2018 13:07:33 INFO [Train] Epoch:145, TP:176, TN:64, FP:0, FN:0, Loss:0.000003, Accuracy:1.000000
Sun, 21 Jan 2018 13:07:34 INFO [Test] Epoch:145, TP:48, TN:4, FP:7, FN:1, Loss:3.073220, Accuracy:0.866667
Sun, 21 Jan 2018 13:07:44 INFO [Train] Epoch:146, TP:176, TN:64, FP:0, FN:0, Loss:0.000000, Accuracy:1.000000
Sun, 21 Jan 2018 13:07:45 INFO [Test] Epoch:146, TP:38, TN:9, FP:12, FN:1, Loss:4.353078, Accuracy:0.783333
Sun, 21 Jan 2018 13:07:55 INFO [Train] Epoch:147, TP:177, TN:63, FP:0, FN:0, Loss:0.000000, Accuracy:1.000000
Sun, 21 Jan 2018 13:07:56 INFO [Test] Epoch:147, TP:43, TN:8, FP:7, FN:2, Loss:2.430732, Accuracy:0.850000
Sun, 21 Jan 2018 13:08:07 INFO [Train] Epoch:148, TP:183, TN:57, FP:0, FN:0, Loss:0.000001, Accuracy:1.000000
Sun, 21 Jan 2018 13:08:07 INFO [Test] Epoch:148, TP:35, TN:4, FP:20, FN:1, Loss:7.738347, Accuracy:0.650000
Sun, 21 Jan 2018 13:08:18 INFO [Train] Epoch:149, TP:178, TN:62, FP:0, FN:0, Loss:0.000228, Accuracy:1.000000
Sun, 21 Jan 2018 13:08:18 INFO [Test] Epoch:149, TP:41, TN:1, FP:17, FN:1, Loss:5.371274, Accuracy:0.700000
Sun, 21 Jan 2018 13:08:29 INFO [Train] Epoch:150, TP:175, TN:65, FP:0, FN:0, Loss:0.000000, Accuracy:1.000000
Sun, 21 Jan 2018 13:08:30 INFO [Test] Epoch:150, TP:40, TN:7, FP:12, FN:1, Loss:3.704870, Accuracy:0.783333
Sun, 21 Jan 2018 13:08:40 INFO [Train] Epoch:151, TP:179, TN:61, FP:0, FN:0, Loss:0.000000, Accuracy:1.000000
Sun, 21 Jan 2018 13:08:41 INFO [Test] Epoch:151, TP:38, TN:9, FP:12, FN:1, Loss:4.293077, Accuracy:0.783333
Sun, 21 Jan 2018 13:08:51 INFO [Train] Epoch:152, TP:177, TN:63, FP:0, FN:0, Loss:0.000000, Accuracy:1.000000
Sun, 21 Jan 2018 13:08:52 INFO [Test] Epoch:152, TP:45, TN:6, FP:9, FN:0, Loss:2.037932, Accuracy:0.850000
Sun, 21 Jan 2018 13:09:02 INFO [Train] Epoch:153, TP:172, TN:68, FP:0, FN:0, Loss:0.000000, Accuracy:1.000000
Sun, 21 Jan 2018 13:09:03 INFO [Test] Epoch:153, TP:34, TN:9, FP:16, FN:1, Loss:6.315438, Accuracy:0.716667
Sun, 21 Jan 2018 13:09:13 INFO [Train] Epoch:154, TP:179, TN:61, FP:0, FN:0, Loss:0.000000, Accuracy:1.000000
Sun, 21 Jan 2018 13:09:14 INFO [Test] Epoch:154, TP:40, TN:7, FP:12, FN:1, Loss:3.878924, Accuracy:0.783333
Sun, 21 Jan 2018 13:09:24 INFO [Train] Epoch:155, TP:178, TN:62, FP:0, FN:0, Loss:0.000085, Accuracy:1.000000
Sun, 21 Jan 2018 13:09:25 INFO [Test] Epoch:155, TP:44, TN:3, FP:13, FN:0, Loss:3.184909, Accuracy:0.783333
Sun, 21 Jan 2018 13:09:36 INFO [Train] Epoch:156, TP:179, TN:61, FP:0, FN:0, Loss:0.000007, Accuracy:1.000000
Sun, 21 Jan 2018 13:09:36 INFO [Test] Epoch:156, TP:42, TN:8, FP:7, FN:3, Loss:2.221187, Accuracy:0.833333
Sun, 21 Jan 2018 13:09:47 INFO [Train] Epoch:157, TP:182, TN:58, FP:0, FN:0, Loss:0.000001, Accuracy:1.000000
Sun, 21 Jan 2018 13:09:48 INFO [Test] Epoch:157, TP:37, TN:8, FP:11, FN:4, Loss:3.184500, Accuracy:0.750000
Sun, 21 Jan 2018 13:09:58 INFO [Train] Epoch:158, TP:171, TN:69, FP:0, FN:0, Loss:0.000000, Accuracy:1.000000
Sun, 21 Jan 2018 13:09:59 INFO [Test] Epoch:158, TP:41, TN:9, FP:9, FN:1, Loss:3.013314, Accuracy:0.833333
Sun, 21 Jan 2018 13:10:09 INFO [Train] Epoch:159, TP:177, TN:63, FP:0, FN:0, Loss:0.000000, Accuracy:1.000000
Sun, 21 Jan 2018 13:10:10 INFO [Test] Epoch:159, TP:36, TN:9, FP:15, FN:0, Loss:4.087927, Accuracy:0.750000
Sun, 21 Jan 2018 13:10:20 INFO [Train] Epoch:160, TP:178, TN:62, FP:0, FN:0, Loss:0.000000, Accuracy:1.000000
Sun, 21 Jan 2018 13:10:21 INFO [Test] Epoch:160, TP:36, TN:8, FP:14, FN:2, Loss:3.947448, Accuracy:0.733333
Sun, 21 Jan 2018 13:10:31 INFO [Train] Epoch:161, TP:176, TN:64, FP:0, FN:0, Loss:0.000000, Accuracy:1.000000
Sun, 21 Jan 2018 13:10:32 INFO [Test] Epoch:161, TP:43, TN:5, FP:11, FN:1, Loss:3.393512, Accuracy:0.800000
Sun, 21 Jan 2018 13:10:42 INFO [Train] Epoch:162, TP:177, TN:63, FP:0, FN:0, Loss:0.000000, Accuracy:1.000000
Sun, 21 Jan 2018 13:10:43 INFO [Test] Epoch:162, TP:38, TN:5, FP:16, FN:1, Loss:6.175125, Accuracy:0.716667
Sun, 21 Jan 2018 13:10:54 INFO [Train] Epoch:163, TP:176, TN:64, FP:0, FN:0, Loss:0.000000, Accuracy:1.000000
Sun, 21 Jan 2018 13:10:54 INFO [Test] Epoch:163, TP:40, TN:6, FP:13, FN:1, Loss:3.828908, Accuracy:0.766667
Sun, 21 Jan 2018 13:11:05 INFO [Train] Epoch:164, TP:180, TN:60, FP:0, FN:0, Loss:0.000000, Accuracy:1.000000
Sun, 21 Jan 2018 13:11:06 INFO [Test] Epoch:164, TP:42, TN:3, FP:15, FN:0, Loss:6.044482, Accuracy:0.750000
Sun, 21 Jan 2018 13:11:16 INFO [Train] Epoch:165, TP:179, TN:61, FP:0, FN:0, Loss:0.000000, Accuracy:1.000000
Sun, 21 Jan 2018 13:11:17 INFO [Test] Epoch:165, TP:37, TN:10, FP:10, FN:3, Loss:2.591887, Accuracy:0.783333
Sun, 21 Jan 2018 13:11:27 INFO [Train] Epoch:166, TP:175, TN:65, FP:0, FN:0, Loss:0.000000, Accuracy:1.000000
Sun, 21 Jan 2018 13:11:28 INFO [Test] Epoch:166, TP:37, TN:12, FP:10, FN:1, Loss:3.215809, Accuracy:0.816667
Sun, 21 Jan 2018 13:11:38 INFO [Train] Epoch:167, TP:174, TN:66, FP:0, FN:0, Loss:0.000000, Accuracy:1.000000
Sun, 21 Jan 2018 13:11:39 INFO [Test] Epoch:167, TP:42, TN:5, FP:13, FN:0, Loss:4.749256, Accuracy:0.783333
Sun, 21 Jan 2018 13:11:49 INFO [Train] Epoch:168, TP:180, TN:60, FP:0, FN:0, Loss:0.000000, Accuracy:1.000000
Sun, 21 Jan 2018 13:11:50 INFO [Test] Epoch:168, TP:44, TN:2, FP:12, FN:2, Loss:3.407317, Accuracy:0.766667
Sun, 21 Jan 2018 13:12:00 INFO [Train] Epoch:169, TP:170, TN:70, FP:0, FN:0, Loss:0.000000, Accuracy:1.000000
Sun, 21 Jan 2018 13:12:01 INFO [Test] Epoch:169, TP:39, TN:4, FP:15, FN:2, Loss:5.051868, Accuracy:0.716667
Sun, 21 Jan 2018 13:12:12 INFO [Train] Epoch:170, TP:175, TN:65, FP:0, FN:0, Loss:0.000000, Accuracy:1.000000
Sun, 21 Jan 2018 13:12:12 INFO [Test] Epoch:170, TP:40, TN:6, FP:13, FN:1, Loss:3.778163, Accuracy:0.766667
Sun, 21 Jan 2018 13:12:23 INFO [Train] Epoch:171, TP:182, TN:58, FP:0, FN:0, Loss:0.000000, Accuracy:1.000000
Sun, 21 Jan 2018 13:12:23 INFO [Test] Epoch:171, TP:37, TN:16, FP:6, FN:1, Loss:1.172411, Accuracy:0.883333
Sun, 21 Jan 2018 13:12:34 INFO [Train] Epoch:172, TP:180, TN:60, FP:0, FN:0, Loss:0.000000, Accuracy:1.000000
Sun, 21 Jan 2018 13:12:35 INFO [Test] Epoch:172, TP:42, TN:6, FP:11, FN:1, Loss:4.356145, Accuracy:0.800000
Sun, 21 Jan 2018 13:12:45 INFO [Train] Epoch:173, TP:179, TN:61, FP:0, FN:0, Loss:0.000000, Accuracy:1.000000
Sun, 21 Jan 2018 13:12:46 INFO [Test] Epoch:173, TP:39, TN:8, FP:12, FN:1, Loss:3.494388, Accuracy:0.783333
Sun, 21 Jan 2018 13:12:56 INFO [Train] Epoch:174, TP:174, TN:66, FP:0, FN:0, Loss:0.000000, Accuracy:1.000000
Sun, 21 Jan 2018 13:12:57 INFO [Test] Epoch:174, TP:43, TN:6, FP:11, FN:0, Loss:3.407999, Accuracy:0.816667
Sun, 21 Jan 2018 13:13:07 INFO [Train] Epoch:175, TP:181, TN:59, FP:0, FN:0, Loss:0.000000, Accuracy:1.000000
Sun, 21 Jan 2018 13:13:08 INFO [Test] Epoch:175, TP:35, TN:8, FP:15, FN:2, Loss:4.753809, Accuracy:0.716667
Sun, 21 Jan 2018 13:13:18 INFO [Train] Epoch:176, TP:183, TN:57, FP:0, FN:0, Loss:0.000000, Accuracy:1.000000
Sun, 21 Jan 2018 13:13:19 INFO [Test] Epoch:176, TP:45, TN:10, FP:4, FN:1, Loss:1.654803, Accuracy:0.916667
Sun, 21 Jan 2018 13:13:30 INFO [Train] Epoch:177, TP:180, TN:59, FP:1, FN:0, Loss:0.011041, Accuracy:0.995833
Sun, 21 Jan 2018 13:13:31 INFO [Test] Epoch:177, TP:40, TN:4, FP:16, FN:0, Loss:8.836318, Accuracy:0.733333
Sun, 21 Jan 2018 13:13:41 INFO [Train] Epoch:178, TP:176, TN:64, FP:0, FN:0, Loss:0.000000, Accuracy:1.000000
Sun, 21 Jan 2018 13:13:42 INFO [Test] Epoch:178, TP:44, TN:5, FP:10, FN:1, Loss:3.510398, Accuracy:0.816667
Sun, 21 Jan 2018 13:13:52 INFO [Train] Epoch:179, TP:176, TN:64, FP:0, FN:0, Loss:0.000000, Accuracy:1.000000
Sun, 21 Jan 2018 13:13:53 INFO [Test] Epoch:179, TP:37, TN:9, FP:14, FN:0, Loss:3.316097, Accuracy:0.766667
Sun, 21 Jan 2018 13:14:03 INFO [Train] Epoch:180, TP:176, TN:64, FP:0, FN:0, Loss:0.000000, Accuracy:1.000000
Sun, 21 Jan 2018 13:14:04 INFO [Test] Epoch:180, TP:38, TN:9, FP:10, FN:3, Loss:3.013615, Accuracy:0.783333
Sun, 21 Jan 2018 13:14:14 INFO [Train] Epoch:181, TP:182, TN:58, FP:0, FN:0, Loss:0.000000, Accuracy:1.000000
Sun, 21 Jan 2018 13:14:15 INFO [Test] Epoch:181, TP:40, TN:2, FP:17, FN:1, Loss:6.789858, Accuracy:0.700000
Sun, 21 Jan 2018 13:14:25 INFO [Train] Epoch:182, TP:178, TN:62, FP:0, FN:0, Loss:0.000000, Accuracy:1.000000
Sun, 21 Jan 2018 13:14:26 INFO [Test] Epoch:182, TP:37, TN:9, FP:12, FN:2, Loss:4.408295, Accuracy:0.766667
Sun, 21 Jan 2018 13:14:36 INFO [Train] Epoch:183, TP:177, TN:63, FP:0, FN:0, Loss:0.000000, Accuracy:1.000000
Sun, 21 Jan 2018 13:14:37 INFO [Test] Epoch:183, TP:37, TN:9, FP:13, FN:1, Loss:3.703667, Accuracy:0.766667
Sun, 21 Jan 2018 13:14:48 INFO [Train] Epoch:184, TP:177, TN:63, FP:0, FN:0, Loss:0.000000, Accuracy:1.000000
Sun, 21 Jan 2018 13:14:48 INFO [Test] Epoch:184, TP:40, TN:7, FP:13, FN:0, Loss:3.860046, Accuracy:0.783333
Sun, 21 Jan 2018 13:14:59 INFO [Train] Epoch:185, TP:177, TN:63, FP:0, FN:0, Loss:0.000000, Accuracy:1.000000
Sun, 21 Jan 2018 13:15:00 INFO [Test] Epoch:185, TP:46, TN:4, FP:9, FN:1, Loss:3.124343, Accuracy:0.833333
Sun, 21 Jan 2018 13:15:10 INFO [Train] Epoch:186, TP:173, TN:67, FP:0, FN:0, Loss:0.000000, Accuracy:1.000000
Sun, 21 Jan 2018 13:15:11 INFO [Test] Epoch:186, TP:37, TN:11, FP:11, FN:1, Loss:2.899168, Accuracy:0.800000
Sun, 21 Jan 2018 13:15:21 INFO [Train] Epoch:187, TP:179, TN:61, FP:0, FN:0, Loss:0.000000, Accuracy:1.000000
Sun, 21 Jan 2018 13:15:22 INFO [Test] Epoch:187, TP:44, TN:5, FP:9, FN:2, Loss:3.624835, Accuracy:0.816667
Sun, 21 Jan 2018 13:15:32 INFO [Train] Epoch:188, TP:175, TN:65, FP:0, FN:0, Loss:0.000167, Accuracy:1.000000
Sun, 21 Jan 2018 13:15:33 INFO [Test] Epoch:188, TP:35, TN:5, FP:19, FN:1, Loss:8.551593, Accuracy:0.666667
Sun, 21 Jan 2018 13:15:43 INFO [Train] Epoch:189, TP:177, TN:63, FP:0, FN:0, Loss:0.000003, Accuracy:1.000000
Sun, 21 Jan 2018 13:15:44 INFO [Test] Epoch:189, TP:38, TN:11, FP:9, FN:2, Loss:2.217885, Accuracy:0.816667
Sun, 21 Jan 2018 13:15:54 INFO [Train] Epoch:190, TP:176, TN:64, FP:0, FN:0, Loss:0.000000, Accuracy:1.000000
Sun, 21 Jan 2018 13:15:55 INFO [Test] Epoch:190, TP:42, TN:8, FP:9, FN:1, Loss:3.207455, Accuracy:0.833333
Sun, 21 Jan 2018 13:16:06 INFO [Train] Epoch:191, TP:177, TN:63, FP:0, FN:0, Loss:0.000000, Accuracy:1.000000
Sun, 21 Jan 2018 13:16:06 INFO [Test] Epoch:191, TP:40, TN:8, FP:11, FN:1, Loss:3.991553, Accuracy:0.800000
Sun, 21 Jan 2018 13:16:17 INFO [Train] Epoch:192, TP:171, TN:69, FP:0, FN:0, Loss:0.000000, Accuracy:1.000000
Sun, 21 Jan 2018 13:16:18 INFO [Test] Epoch:192, TP:38, TN:7, FP:14, FN:1, Loss:4.992891, Accuracy:0.750000
Sun, 21 Jan 2018 13:16:28 INFO [Train] Epoch:193, TP:177, TN:63, FP:0, FN:0, Loss:0.000000, Accuracy:1.000000
Sun, 21 Jan 2018 13:16:29 INFO [Test] Epoch:193, TP:39, TN:9, FP:11, FN:1, Loss:2.796522, Accuracy:0.800000
Sun, 21 Jan 2018 13:16:39 INFO [Train] Epoch:194, TP:182, TN:58, FP:0, FN:0, Loss:0.000000, Accuracy:1.000000
Sun, 21 Jan 2018 13:16:40 INFO [Test] Epoch:194, TP:43, TN:7, FP:9, FN:1, Loss:2.894039, Accuracy:0.833333
Sun, 21 Jan 2018 13:16:50 INFO [Train] Epoch:195, TP:179, TN:61, FP:0, FN:0, Loss:0.000001, Accuracy:1.000000
Sun, 21 Jan 2018 13:16:51 INFO [Test] Epoch:195, TP:42, TN:9, FP:8, FN:1, Loss:2.042797, Accuracy:0.850000
Sun, 21 Jan 2018 13:17:01 INFO [Train] Epoch:196, TP:180, TN:60, FP:0, FN:0, Loss:0.000000, Accuracy:1.000000
Sun, 21 Jan 2018 13:17:02 INFO [Test] Epoch:196, TP:36, TN:10, FP:13, FN:1, Loss:4.008703, Accuracy:0.766667
Sun, 21 Jan 2018 13:17:12 INFO [Train] Epoch:197, TP:177, TN:63, FP:0, FN:0, Loss:0.000000, Accuracy:1.000000
Sun, 21 Jan 2018 13:17:13 INFO [Test] Epoch:197, TP:39, TN:7, FP:13, FN:1, Loss:4.015493, Accuracy:0.766667
Sun, 21 Jan 2018 13:17:23 INFO [Train] Epoch:198, TP:177, TN:63, FP:0, FN:0, Loss:0.000020, Accuracy:1.000000
Sun, 21 Jan 2018 13:17:24 INFO [Test] Epoch:198, TP:40, TN:10, FP:6, FN:4, Loss:1.550994, Accuracy:0.833333
Sun, 21 Jan 2018 13:17:35 INFO [Train] Epoch:199, TP:177, TN:63, FP:0, FN:0, Loss:0.000000, Accuracy:1.000000
Sun, 21 Jan 2018 13:17:35 INFO [Test] Epoch:199, TP:44, TN:5, FP:10, FN:1, Loss:3.062511, Accuracy:0.816667
